Debut GP coef (boston 2)
   	      	               fitness                	              size             
   	      	--------------------------------------	-------------------------------
gen	nevals	avg    	max        	min    	std   	avg    	max	min	std    
0  	100   	49246.9	7.20376e+06	65.3492	471456	7.58667	46 	2  	8.32361
0  	200   	60206.4	7.20376e+06	65.3492	530253	7.51857	46 	2  	8.18943
0  	300   	53976.2	7.20376e+06	65.3492	496746	7.52625	46 	2  	8.06795
0  	400   	48249.1	7.20376e+06	65.3492	468625	7.54444	46 	2  	8.18815
0  	500   	50970.5	7.20376e+06	65.3492	499052	7.588  	46 	2  	8.19526
Fin GP coef (boston 2)
Set compute mode to DEFAULT for GPU 0000:88:00.0.
All done.
Set compute mode to DEFAULT for GPU 0000:87:00.0.
All done.
Set compute mode to DEFAULT for GPU 0000:84:00.0.
All done.
Set compute mode to DEFAULT for GPU 0000:83:00.0.
All done.
Set compute mode to DEFAULT for GPU 0000:05:00.0.
All done.
Set compute mode to DEFAULT for GPU 0000:04:00.0.
All done.
