Debut GP coef (bioavailability 2)
   	      	          fitness          	             size             
   	      	---------------------------	------------------------------
gen	nevals	avg	max	min	std	avg 	max	min	std   
0  	500   	nan	nan	nan	nan	7.12	48 	2  	8.7935
1  	857   	nan	nan	nan	nan	6.65	48 	1  	8.21313
2  	1236  	nan	nan	nan	nan	6.59	50 	1  	8.09332
3  	1596  	nan	nan	nan	nan	5.13	35 	1  	5.88601
4  	1953  	nan	nan	nan	nan	4.356	29 	1  	4.1484 
5  	2325  	nan	nan	nan	nan	3.588	27 	1  	2.13313
6  	2680  	nan	nan	nan	nan	3.538	24 	1  	1.68302
7  	3051  	2561.78	54109.9	1575.37	2930.12	3.658	26 	1  	1.67482
8  	3419  	2726.2 	112666 	1551.65	5119.1 	3.836	11 	1  	1.39324
9  	3794  	3333.87	179485 	1575.37	8649.92	4.008	10 	1  	1.53491
10 	4168  	111810 	5.43408e+07	1575.37	2.42763e+06	4.43 	12 	1  	1.83878
11 	4519  	487447 	1.83005e+08	1574.37	8.57881e+06	4.74 	13 	1  	1.9433 
12 	4885  	2724   	18910.6    	1558.51	2094.09    	5.078	13 	1  	2.05424
13 	5246  	3080.81	118715     	1558.51	6372.1     	5.256	15 	1  	2.07327
14 	5632  	3008.11	56322.7    	1558.51	3340.83    	5.392	15 	1  	2.26237
15 	5985  	2746.06	18962.5    	1558.51	2272.66    	5.228	15 	1  	2.09285
16 	6344  	12367.8	4.76501e+06	1549.99	212780     	5.492	14 	1  	2.118  
17 	6709  	3174.7 	65409.9    	1549.73	4689.7     	5.466	15 	3  	2.13842
18 	7079  	2877.89	37424.9    	1547.99	2967.35    	5.656	16 	1  	2.14888
19 	7472  	2747.67	49912.4    	1547.99	2983       	5.688	15 	1  	2.21148
20 	7842  	3715.2 	302797     	1549.99	14514.5    	6.004	16 	1  	2.41164
21 	8229  	3172.67	176752     	1549.99	8320.13    	6.378	19 	1  	2.61211
22 	8602  	3151.23	45547      	1549.99	4378.82    	6.642	17 	1  	2.85409
23 	8985  	3207.28	75346.4    	1549.51	5143.59    	6.88 	17 	3  	2.7389 
24 	9338  	2977.82	35805.6    	1549.99	3777.89    	7.106	18 	1  	2.83104
25 	9724  	4465.05	540402     	1532.02	24613.7    	7.612	18 	2  	3.27192
26 	10097 	4423.25	389511     	1532.02	18864.3    	7.762	20 	1  	3.63447
Fin GP coef (bioavailability 2)
Set compute mode to DEFAULT for GPU 0000:88:00.0.
All done.
Set compute mode to DEFAULT for GPU 0000:87:00.0.
All done.
Set compute mode to DEFAULT for GPU 0000:84:00.0.
All done.
Set compute mode to DEFAULT for GPU 0000:83:00.0.
All done.
Set compute mode to DEFAULT for GPU 0000:09:00.0.
All done.
Set compute mode to DEFAULT for GPU 0000:08:00.0.
All done.
