Debut GP coef (boston 4)
   	      	          fitness          	              size             
   	      	---------------------------	-------------------------------
gen	nevals	avg	max	min	std	avg  	max	min	std    
0  	100   	nan	nan	nan	nan	8.405	49 	2  	9.05213
0  	200   	nan	nan	nan	nan	8.27286	49 	2  	8.88891
0  	300   	nan	nan	nan	nan	8.2225 	49 	2  	8.83448
0  	400   	nan	nan	nan	nan	8.34778	49 	2  	9.04029
0  	500   	nan	nan	nan	nan	8.292  	49 	2  	8.85905
1  	600   	nan	nan	nan	nan	6.14286	40 	1  	5.21306
1  	700   	nan	nan	nan	nan	6.13272	40 	1  	5.02564
1  	800   	nan	nan	nan	nan	6.04245	40 	1  	5.17415
2  	900   	nan	nan	nan	nan	6.98113	28 	1  	5.15114
2  	1000  	nan	nan	nan	nan	6.95367	28 	1  	4.8353 
2  	1100  	nan	nan	nan	nan	6.961  	38 	1  	5.03178
2  	1200  	nan	nan	nan	nan	6.95643	38 	1  	4.98563
3  	1300  	nan	nan	nan	nan	8.7799 	21 	1  	4.92619
3  	1400  	nan	nan	nan	nan	8.63107	21 	1  	4.75141
3  	1500  	nan	nan	nan	nan	8.58435	21 	1  	4.70482
4  	1600  	nan	nan	nan	nan	8.50658	21 	3  	4.52914
4  	1700  	nan	nan	nan	nan	8.73016	21 	3  	4.61779
4  	1800  	nan	nan	nan	nan	8.99432	22 	1  	4.64232
4  	1900  	nan	nan	nan	nan	9.1969 	23 	1  	4.70912
5  	2000  	88.0549	3166.1	36.0623	250.856	8.78723	25 	1  	4.71727
5  	2100  	nan    	nan   	nan    	nan    	8.78819	25 	1  	4.71628
5  	2200  	nan    	nan   	nan    	nan    	8.78608	25 	1  	4.85014
5  	2300  	nan    	nan   	nan    	nan    	8.82582	25 	1  	4.74734
6  	2400  	nan    	nan   	nan    	nan    	8.69091	28 	3  	4.65002
6  	2500  	nan    	nan   	nan    	nan    	8.48125	28 	1  	4.51936
6  	2600  	nan    	nan   	nan    	nan    	8.51667	28 	1  	4.49203
7  	2700  	43.2089	375.404	32.4159	33.179 	8.21176	28 	3  	4.12195
7  	2800  	67.6982	856.289	32.4159	108.999	8.35926	28 	2  	4.30682
7  	2900  	82.4375	856.289	32.4159	129.191	8.43243	28 	2  	4.24481
7  	3000  	83.6474	856.289	32.4159	127.61 	8.59362	28 	2  	4.37629
8  	3100  	64.4305	553.137	32.4159	108.883	9.62051	26 	3  	4.15095
8  	3200  	238.606	32177.2	32.4159	2084.07	9.88136	26 	3  	4.44737
8  	3300  	403.802	78400.1	30.8039	4323.48	9.79241	30 	1  	4.6522 
8  	3400  	1132.23	389079 	30.8039	17877.3	9.69697	30 	1  	4.48219
9  	3500  	143.234	16006.3	30.8039	1068.84	10.9304	25 	1  	4.60193
9  	3600  	148.548	16006.3	30.8039	918.978	10.8394	25 	1  	4.39989
9  	3700  	138.138	16006.3	30.8039	808.765	10.8744	25 	1  	4.47609
10 	3800  	47.6148	545.755	29.9696	73.9907	12.6059	25 	3  	4.25828
10 	3900  	1.37418e+10	3.7103e+12	29.9696	2.25383e+11	12.7926	29 	1  	4.96073
10 	4000  	1.00278e+10	3.7103e+12	29.9696	1.92628e+11	12.9162	33 	1  	5.20976
10 	4100  	7.89425e+09	3.7103e+12	29.9696	1.70961e+11	12.966 	33 	1  	5.32346
11 	4200  	55.6594    	581.766   	29.9696	94.047     	14.96  	33 	5  	4.62908
11 	4300  	5637.85    	1.66855e+06	29.9696	96169      	14.6767	41 	3  	5.39927
11 	4400  	4260.25    	1.66855e+06	29.9696	83319.1    	14.8675	41 	3  	5.81248
11 	4500  	3425.94    	1.66855e+06	29.8544	74541.5    	14.838 	41 	3  	5.92855
12 	4600  	62.8979    	579.837    	29.8544	105.118    	16.4253	45 	3  	6.58945
12 	4700  	2.01243e+14	6.45989e+16	29.8544	3.59994e+15	16.405 	47 	3  	6.78402
12 	4800  	1.53442e+14	6.45989e+16	29.8544	3.14462e+15	16.2755	47 	3  	6.7303 
13 	4900  	174.371    	16044      	29.8544	1359.81    	17.6562	43 	5  	6.53744
13 	5000  	1.62242e+09	4.21808e+11	29.8544	2.6109e+10 	17.7346	63 	2  	7.95291
13 	5100  	1.17175e+09	4.21808e+11	29.8544	2.22003e+10	17.7361	63 	2  	8.41492
13 	5200  	9.17022e+08	4.21808e+11	29.8544	1.96455e+10	17.7043	63 	2  	8.68129
14 	5300  	904.133    	95038.9    	29.8544	8445.54    	18.1804	41 	5  	6.27903
14 	5400  	659.424    	95038.9    	29.5273	6884.98    	17.9558	53 	3  	7.37029
14 	5500  	518.137    	95038.9    	29.5273	5952.96    	18.2056	53 	1  	8.36149
14 	5600  	2.35098e+07	1.16133e+10	29.5273	5.21976e+08	18.5101	83 	1  	9.24054
15 	5700  	145.359    	15976.1    	29.5273	1032.11    	19.2917	58 	3  	9.15232
15 	5800  	410.066    	54223.2    	29.5273	3496.19    	19.1206	69 	3  	9.95638
15 	5900  	653922     	2.87534e+08	29.5273	1.3692e+07 	19.0318	69 	3  	9.63204
16 	6000  	63.7238    	2978.53    	29.5592	236.853    	19.4398	53 	3  	7.81676
16 	6100  	107.746    	8098.18    	29.5592	533.459    	19.188 	53 	3  	8.24452
16 	6200  	17615.5    	5.95288e+06	29.5592	311506     	18.7596	61 	3  	8.45283
16 	6300  	15074.8    	5.95288e+06	28.7245	277356     	18.897 	61 	3  	8.80195
17 	6400  	213.188    	32213.2    	28.7245	2247.86    	18.6814	58 	3  	7.83541
17 	6500  	26181.8    	7.90318e+06	28.7245	452526     	18.7336	58 	3  	8.26044
17 	6600  	19723.2    	7.90318e+06	28.7245	392706     	18.7896	58 	3  	8.52009
18 	6700  	35.2277    	544.265    	28.7245	42.8898    	19.5479	53 	5  	8.14263
18 	6800  	177.06     	29527.4    	28.7245	1877.69    	19.1585	53 	3  	8.37408
18 	6900  	759.351    	205114     	28.5699	11116      	19.0665	53 	1  	8.94225
18 	7000  	696.051    	205114     	28.5699	9863.56    	18.861 	59 	1  	9.08497
19 	7100  	2.25914e+14	3.95349e+16	28.5699	2.98e+15   	18.8457	61 	1  	9.07015
19 	7200  	1.43763e+14	3.95349e+16	28.5699	2.3797e+15 	19.4509	61 	1  	9.5594 
19 	7300  	1.05426e+14	3.95349e+16	28.5699	2.03885e+15	19.8293	65 	1  	10.1423
19 	7400  	8.32313e+13	3.95349e+16	28.5699	1.81207e+15	19.6884	65 	1  	10.1257
20 	7500  	67.3898    	573.407    	28.5699	116.58     	19.049 	53 	1  	8.38811
20 	7600  	4445.45    	1.18892e+06	28.5699	68505.5    	19.0888	55 	1  	8.97632
20 	7700  	3432.36    	1.18892e+06	28.5699	59456.8    	19.1609	55 	1  	9.24803
21 	7800  	31.1231    	38.8164    	28.5699	1.46112    	19.3077	53 	3  	7.62369
21 	7900  	8.18991e+06	1.88366e+09	28.5699	1.23935e+08	19.1261	59 	1  	9.12601
21 	8000  	5.71421e+06	1.88366e+09	26.7282	1.03535e+08	19.3182	63 	1  	10.1724
21 	8100  	4.38542e+06	1.88366e+09	24.1108	9.07325e+07	19.3953	63 	1  	10.5618
22 	8200  	160.226    	19828.3    	24.1108	1523.5     	18.9583	69 	1  	9.76227
22 	8300  	239.274    	19828.3    	24.1108	1745.64    	19.5187	69 	1  	10.8478
22 	8400  	208.528    	19828.3    	24.1108	1493.06    	19.3587	69 	1  	10.5666
22 	8500  	363.995    	71505.9    	24.1108	3574.98    	19.2735	69 	1  	10.3908
23 	8600  	1582.87    	286637     	24.1108	20289.7    	19.7337	76 	3  	11.1641
23 	8700  	5204.66    	1.16702e+06	24.1108	69360.7    	19.2274	76 	3  	11.2898
23 	8800  	66995.2    	1.83224e+07	24.1108	978529     	19.0952	76 	3  	11.0887
23 	8900  	1.72179e+06	8.32399e+08	24.1108	3.72338e+07	18.984 	76 	3  	11.2674
24 	9000  	110.645    	7792.09    	24.1108	549.724    	19.0469	63 	3  	9.58959
24 	9100  	112.814    	7792.09    	24.1108	462.134    	19.4026	69 	2  	10.6521
24 	9200  	1.95324e+13	8.0669e+15 	24.1108	3.96465e+14	19.7143	69 	2  	11.236 
25 	9300  	37.9204    	509.878    	24.1108	55.6803    	19.7725	54 	7  	8.08168
25 	9400  	5.76552e+13	1.53939e+16	24.1108	9.40328e+14	19.588 	92 	3  	10.0192
25 	9500  	4.19453e+13	1.53939e+16	24.1108	8.02462e+14	19.4469	92 	1  	10.1783
25 	9600  	3.29635e+13	1.53939e+16	24.1108	7.11583e+14	19     	92 	1  	10.0017
26 	9700  	921.111    	178488     	24.1108	12372.1    	17.8019	57 	3  	7.77363
26 	9800  	678.591    	178488     	24.1108	10169.1    	18.6254	59 	3  	9.20273
26 	9900  	2090.04    	631634     	24.1108	32469.2    	19.3415	64 	3  	10.3598
27 	10000 	30.6292    	157.43     	24.1108	11.1774    	18.2267	57 	7  	6.12987
27 	10100 	6138.08    	1.43881e+06	24.1108	90913.3    	18.336 	60 	1  	7.52377
27 	10200 	20337.2    	5.53384e+06	24.1108	304984     	17.9657	60 	1  	7.43728
27 	10300 	15884.3    	5.53384e+06	24.1108	269101     	17.6889	60 	1  	7.6705 
Fin GP coef (boston 4)
Set compute mode to DEFAULT for GPU 0000:87:00.0.
All done.
Set compute mode to DEFAULT for GPU 0000:84:00.0.
All done.
Set compute mode to DEFAULT for GPU 0000:09:00.0.
All done.
Set compute mode to DEFAULT for GPU 0000:08:00.0.
All done.
Set compute mode to DEFAULT for GPU 0000:05:00.0.
All done.
Set compute mode to DEFAULT for GPU 0000:04:00.0.
All done.
