Debut GP coef (bioavailability 4)
   	      	          fitness          	             size             
   	      	---------------------------	------------------------------
gen	nevals	avg	max	min	std	avg 	max	min	std   
0  	500   	nan	nan	nan	nan	7.12	48 	2  	8.7935
1  	857   	nan	nan	nan	nan	6.516	48 	1  	8.16662
2  	1236  	nan	nan	nan	nan	6.058	36 	1  	7.00447
3  	1595  	nan	nan	nan	nan	4.972	37 	2  	5.76604
4  	1957  	nan	nan	nan	nan	3.886	30 	1  	3.4434 
5  	2326  	nan	nan	nan	nan	3.518	24 	1  	1.92397
6  	2678  	nan	nan	nan	nan	3.548	13 	1  	1.54003
7  	3055  	2403.25	51620	1765.91	2367.48	3.428	10 	1  	1.24933
8  	3427  	2177.49	8167.3	1736.02	707.665	3.354	10 	1  	1.13344
9  	3799  	2175.93	5742.3	1736.02	682.597	3.314	10 	1  	1.06179
10 	4163  	51235  	2.4523e+07	1736.02	1.09551e+06	3.374	9  	1  	1.09093
11 	4523  	300494 	1.46863e+08	1736.02	6.56178e+06	3.436	11 	1  	1.1162 
12 	4898  	nan    	nan        	nan    	nan        	3.622	11 	1  	1.20296
13 	5265  	nan    	nan        	nan    	nan        	3.738	15 	1  	1.41893
14 	5645  	2563.48	99427.1    	1726.38	4481.94    	3.912	11 	1  	1.4725 
15 	6006  	2282.55	5085.26    	1726.38	726.01     	4.018	12 	1  	1.49455
16 	6349  	2254.83	5786.71    	1723.83	753.36     	4.296	10 	1  	1.58126
17 	6704  	2304.13	8164.46    	1726.38	829.389    	4.652	11 	1  	1.68253
18 	7091  	2284.21	7882.58    	1722.18	765.779    	4.938	12 	3  	1.70943
19 	7453  	2230.55	6191.48    	1711.7 	721.25     	5.44 	12 	1  	1.9805 
20 	7830  	2220.67	6507.62    	1711.7 	725.733    	6.062	15 	1  	2.45727
21 	8211  	2268.6 	45593.3    	1713.46	2054.43    	6.662	18 	2  	2.63282
22 	8580  	2120.71	7597.83    	1713.46	658.06     	7.218	20 	1  	2.8821 
23 	8956  	2134.08	7584.83    	1713.46	687.007    	7.808	18 	1  	2.99786
24 	9329  	2102.28	6750.98    	1713.46	581.703    	8.124	18 	2  	3.21382
25 	9712  	2114.06	6157.53    	1711.06	630.223    	8.918	25 	1  	3.64572
26 	10074 	2098.99	5965.63    	1711.06	615.04     	9.43 	25 	1  	3.76312
Fin GP coef (bioavailability 4)
Set compute mode to DEFAULT for GPU 0000:87:00.0.
All done.
Set compute mode to DEFAULT for GPU 0000:84:00.0.
All done.
Set compute mode to DEFAULT for GPU 0000:83:00.0.
All done.
Set compute mode to DEFAULT for GPU 0000:09:00.0.
All done.
Set compute mode to DEFAULT for GPU 0000:08:00.0.
All done.
Set compute mode to DEFAULT for GPU 0000:05:00.0.
All done.
