Debut GP coef (bioavailability 3)
   	      	                      fitness                      	              size             
   	      	---------------------------------------------------	-------------------------------
gen	nevals	avg        	max        	min    	std        	avg    	max	min	std    
0  	100   	1.30078e+07	7.45613e+09	2089.72	3.04421e+08	6.92167	48 	2  	8.56537
0  	200   	1.11503e+07	7.45613e+09	2089.72	2.81876e+08	7.05714	48 	2  	8.78064
0  	300   	9.75726e+06	7.45613e+09	2089.72	2.63697e+08	7.1975 	48 	2  	8.74148
0  	400   	8.67374e+06	7.45613e+09	2089.72	2.48635e+08	7.04667	48 	2  	8.65178
0  	500   	1.55964e+07	7.45613e+09	2089.72	3.33417e+08	7.12   	48 	2  	8.7935 
Fin GP coef (bioavailability 3)
Set compute mode to DEFAULT for GPU 0000:88:00.0.
All done.
Set compute mode to DEFAULT for GPU 0000:87:00.0.
All done.
Set compute mode to DEFAULT for GPU 0000:84:00.0.
All done.
Set compute mode to DEFAULT for GPU 0000:83:00.0.
All done.
Set compute mode to DEFAULT for GPU 0000:05:00.0.
All done.
Set compute mode to DEFAULT for GPU 0000:04:00.0.
All done.
