Debut GP coef (boston 0)
   	      	          fitness          	              size             
   	      	---------------------------	-------------------------------
gen	nevals	avg	max	min	std	avg  	max	min	std    
0  	100   	nan	nan	nan	nan	8.405	49 	2  	9.05213
0  	200   	nan	nan	nan	nan	8.27286	49 	2  	8.88891
0  	300   	nan	nan	nan	nan	8.2225 	49 	2  	8.83448
0  	400   	nan	nan	nan	nan	8.34778	49 	2  	9.04029
0  	500   	nan	nan	nan	nan	8.292  	49 	2  	8.85905
1  	600   	nan	nan	nan	nan	5.99554	40 	1  	5.12826
1  	700   	nan	nan	nan	nan	5.93827	40 	1  	4.9531 
1  	800   	nan	nan	nan	nan	5.88208	40 	1  	5.13729
2  	900   	nan	nan	nan	nan	6.32919	19 	2  	4.70202
2  	1000  	nan	nan	nan	nan	6.29885	19 	1  	4.47414
2  	1100  	nan	nan	nan	nan	6.54017	40 	1  	4.78909
2  	1200  	nan	nan	nan	nan	6.52711	40 	1  	4.75219
3  	1300  	nan	nan	nan	nan	7.50251	38 	1  	5.05037
3  	1400  	nan	nan	nan	nan	7.74582	38 	1  	5.17283
3  	1500  	nan	nan	nan	nan	7.78446	38 	1  	4.97801
3  	1600  	nan	nan	nan	nan	7.86573	38 	1  	4.92672
4  	1700  	81.5311	670.281	37.3714	79.9329	8.7561 	19 	2  	4.45637
4  	1800  	225.822	19179.3	37.3714	1443.48	8.74855	19 	1  	4.5949 
4  	1900  	213.187	19179.3	37.3714	1289.17	8.79596	19 	1  	4.533  
5  	2000  	299.183	36969  	32.4937	2791.93	9.79661	19 	3  	4.16922
5  	2100  	423.402	39987.6	32.4937	3309.43	9.47653	22 	1  	4.28965
5  	2200  	387.647	39987.6	31.7966	2927.62	9.46419	22 	1  	4.41115
5  	2300  	520.873	87586.3	31.7966	4769.03	9.39623	22 	1  	4.33167
6  	2400  	80.0914	2806.01	31.7966	200.33 	10.0762	24 	3  	4.22508
6  	2500  	149.494	18944.2	31.7966	1083.54	9.87097	24 	3  	4.31533
6  	2600  	215.508	31930  	31.7966	1831.19	9.75122	24 	3  	4.28742
7  	2700  	41.0211	258.662	31.756 	18.8001	10.121 	24 	3  	4.05276
7  	2800  	68.667 	1640.42	31.756 	134.473	10.1634	24 	3  	4.10046
7  	2900  	2724.73	932400 	31.756 	49278.5	10.1905	24 	1  	4.06221
7  	3000  	2469.76	932400 	31.756 	44041  	10.1904	24 	1  	4.06685
8  	3100  	62.5556	3277.77	31.756 	243.487	10.0333	21 	3  	3.89715
8  	3200  	19946.8	5.56435e+06	31.756 	331935 	9.95   	23 	1  	3.90206
8  	3300  	15593.9	5.56435e+06	31.5587	285434 	10.1632	23 	1  	3.96494
8  	3400  	12359.2	5.56435e+06	30.784 	254045 	10.2167	25 	1  	4.12802
9  	3500  	16215.1	2.70576e+06	30.784 	189153 	11.0093	27 	3  	4.09606
9  	3600  	1.13424e+07	3.58069e+09	30.784 	2.0111e+08	11.1487	31 	1  	4.57567
9  	3700  	8.61592e+06	3.58069e+09	30.784 	1.75346e+08	10.988 	35 	1  	4.60584
10 	3800  	37.4187    	440.086    	30.784 	35.5013    	11.0927	21 	3  	4.30824
10 	3900  	452.114    	97021      	30.784 	6111.59    	11.247 	25 	1  	4.68561
10 	4000  	65264      	2.27808e+07	30.784 	1.21421e+06	11.3362	32 	1  	4.75027
10 	4100  	50862.3    	2.27808e+07	30.7508	1.07151e+06	11.4169	33 	1  	4.89391
11 	4200  	49.109     	544.09     	30.7508	79.0701    	12.1989	31 	3  	4.91521
11 	4300  	357.991    	78055.2    	30.7508	4691.05    	12.3732	31 	3  	4.99803
11 	4400  	929.23     	217587     	30.7508	11915.6    	12.3484	31 	3  	5.12071
11 	4500  	864.151    	217587     	30.7508	10705      	12.4139	31 	3  	5.16278
12 	4600  	51.0765    	535.078    	30.3691	81.6396    	13.0206	36 	3  	5.59543
12 	4700  	79177.2    	2.27522e+07	30.3121	1.3249e+06 	12.9796	36 	3  	5.59819
12 	4800  	59490.7    	2.27522e+07	30.3121	1.145e+06  	12.9188	36 	3  	5.4534 
12 	4900  	47471.6    	2.27522e+07	30.3121	1.02284e+06	12.9291	36 	3  	5.46289
13 	5000  	111.251    	13209.1    	30.3691	873.312    	12.9211	36 	1  	5.45821
13 	5100  	130.284    	13209.1    	30.0001	935.092    	13.0915	36 	1  	5.65773
13 	5200  	152.307    	13209.1    	30.0001	927.07     	13.0841	36 	1  	5.79941
14 	5300  	47.9757    	583.563    	30.0001	85.2102    	13.227 	36 	3  	4.93554
14 	5400  	74.8223    	3340.72    	29.9569	239.727    	13.2243	36 	3  	5.22998
14 	5500  	96716.8    	3.50524e+07	29.9569	1.83723e+06	13.5289	38 	3  	5.88888
14 	5600  	88089.5    	3.50524e+07	29.9569	1.64767e+06	13.527 	38 	3  	5.89494
15 	5700  	82.2626    	6945.16    	29.9569	480.536    	14.1659	27 	3  	4.74926
15 	5800  	462.97     	108815     	29.9569	6186.95    	13.9871	34 	1  	4.88055
15 	5900  	412.79     	108815     	29.9569	5430.83    	14.0462	34 	1  	5.14938
16 	6000  	67.9341    	5130.62    	29.5438	424.885    	14.7483	30 	3  	4.28931
16 	6100  	248.829    	23050.1    	29.5438	1995.63    	14.9218	30 	1  	4.98207
16 	6200  	277.768    	24214.3    	29.5438	2123.27    	14.5831	37 	1  	5.23594
16 	6300  	318.992    	37080.2    	29.5438	2560.76    	14.4334	37 	1  	5.26644
17 	6400  	46.2425    	488.676    	29.5438	70.3953    	15.559 	31 	7  	4.45801
17 	6500  	398.491    	77928      	29.5438	4864.9     	15.41  	33 	3  	5.31935
17 	6600  	605.571    	77928      	29.5438	5633.04    	15.2355	33 	3  	5.33815
17 	6700  	160875     	7.39249e+07	29.5438	3.43927e+06	15.1605	33 	3  	5.46932
18 	6800  	29850.6    	4.60572e+06	29.5438	336484     	16.0144	30 	1  	4.61584
18 	6900  	21201.4    	4.60572e+06	29.5357	277554     	15.8673	30 	1  	4.84302
18 	7000  	16387.4    	4.60572e+06	29.1284	241432     	15.8631	36 	1  	5.13874
19 	7100  	7501.47    	1.05274e+06	29.1284	88339.1    	16.8723	36 	7  	4.15284
19 	7200  	4431.8     	1.05274e+06	29.1284	67668.8    	16.4523	36 	1  	4.61987
19 	7300  	44716.9    	1.41422e+07	29.1284	766660     	16.7801	39 	1  	5.35116
19 	7400  	34765.9    	1.41422e+07	29.1284	674411     	16.6168	39 	1  	5.54312
20 	7500  	595.266    	115420     	29.1284	8000.32    	17.0386	36 	5  	4.34596
20 	7600  	9688.22    	2.65266e+06	29.1284	151502     	16.8925	41 	5  	4.8988 
20 	7700  	7359.09    	2.65266e+06	29.1202	131644     	16.9386	41 	3  	5.18016
21 	7800  	32.2749    	223.211    	29.1284	18.1084    	18.2394	36 	9  	4.47517
21 	7900  	3.21311e+06	7.77432e+08	29.1284	4.98718e+07	18.0455	39 	3  	5.57611
21 	8000  	2.27396e+06	7.77432e+08	29.1107	4.19771e+07	17.8041	39 	3  	5.46383
21 	8100  	1.77925e+06	7.77432e+08	29.1107	3.69382e+07	17.6131	39 	3  	5.41049
22 	8200  	1058.36    	108689     	28.6608	9117.42    	18.1099	42 	2  	4.65856
22 	8300  	187311     	5.18626e+07	28.6608	3.08297e+06	18.4326	44 	1  	6.63304
22 	8400  	360283     	8.47691e+07	28.6608	5.07185e+06	18.2435	44 	1  	6.61198
22 	8500  	287969     	8.47691e+07	28.6608	4.51757e+06	18.1494	46 	1  	6.76077
23 	8600  	674817     	1.4904e+08 	28.6608	1.00028e+07	18.6154	46 	3  	5.50866
23 	8700  	465607     	1.4904e+08 	28.6608	8.30556e+06	18.1059	46 	1  	5.58993
23 	8800  	355109     	1.4904e+08 	28.6608	7.25508e+06	17.6627	46 	1  	5.75058
24 	8900  	31.2868    	138.522    	28.6608	9.34801    	18.9341	36 	3  	4.89303
24 	9000  	1550.25    	330294     	28.6608	20624.3    	18.5506	42 	3  	5.82648
24 	9100  	3500.25    	427019     	28.6608	35015.2    	18.4469	42 	3  	6.24013
24 	9200  	5.87257e+06	2.74077e+09	28.6608	1.26692e+08	18.3662	50 	3  	6.51179
25 	9300  	1956.05    	203638     	28.6608	16766.9    	18.9239	40 	1  	5.35532
25 	9400  	3018.05    	321746     	28.6608	24559.1    	19.0303	49 	1  	5.76029
25 	9500  	2381.1     	321746     	28.6608	21367.1    	19.2418	59 	1  	6.48089
25 	9600  	2057.33    	321746     	28.6608	19279.9    	19.0322	59 	1  	6.47942
26 	9700  	227703     	5.62211e+07	28.6608	3.57001e+06	18.6559	43 	1  	4.67474
26 	9800  	162119     	5.62211e+07	28.6608	3.01375e+06	18.5476	45 	1  	4.79191
26 	9900  	132915     	5.62211e+07	28.6608	2.659e+06  	18.5861	45 	1  	5.24232
27 	10000 	467.831    	74738.3    	28.6608	5663.16    	19.9133	45 	11 	5.81989
27 	10100 	493.075    	74738.3    	28.6608	4915.02    	19.2967	45 	3  	6.01615
27 	10200 	538.739    	74738.3    	28.6608	4707.84    	19.1206	45 	3  	6.27894
27 	10300 	456.521    	74738.3    	28.6608	4189.81    	18.926 	45 	3  	6.14972
Fin GP coef (boston 0)
Set compute mode to DEFAULT for GPU 0000:87:00.0.
All done.
Set compute mode to DEFAULT for GPU 0000:84:00.0.
All done.
Set compute mode to DEFAULT for GPU 0000:83:00.0.
All done.
Set compute mode to DEFAULT for GPU 0000:09:00.0.
All done.
Set compute mode to DEFAULT for GPU 0000:08:00.0.
All done.
Set compute mode to DEFAULT for GPU 0000:05:00.0.
All done.
