Debut GP coef (boston 2)
   	      	          fitness          	              size             
   	      	---------------------------	-------------------------------
gen	nevals	avg	max	min	std	avg  	max	min	std    
0  	100   	nan	nan	nan	nan	8.405	49 	2  	9.05213
0  	200   	nan	nan	nan	nan	8.27286	49 	2  	8.88891
0  	300   	nan	nan	nan	nan	8.2225 	49 	2  	8.83448
0  	400   	nan	nan	nan	nan	8.34778	49 	2  	9.04029
0  	500   	nan	nan	nan	nan	8.292  	49 	2  	8.85905
1  	600   	nan	nan	nan	nan	6.20089	40 	1  	5.51377
1  	700   	nan	nan	nan	nan	6.10802	40 	1  	5.21549
1  	800   	nan	nan	nan	nan	6.03774	40 	1  	5.36221
2  	900   	nan	nan	nan	nan	7.6859 	40 	2  	6.03919
2  	1000  	nan	nan	nan	nan	7.30859	40 	1  	5.54971
2  	1100  	nan	nan	nan	nan	7.11798	40 	1  	5.23843
2  	1200  	nan	nan	nan	nan	7.11184	40 	1  	5.19389
3  	1300  	nan	nan	nan	nan	8.05128	20 	2  	4.71956
3  	1400  	nan	nan	nan	nan	8.27458	21 	2  	4.91168
3  	1500  	nan	nan	nan	nan	8.36203	22 	1  	4.82589
3  	1600  	nan	nan	nan	nan	8.39596	22 	1  	4.82175
4  	1700  	116.249	2064.04	51.6966	176.12	8.97458	21 	2  	4.81868
4  	1800  	826.541	171405 	48.5056	9581.04	9.13393	21 	2  	4.80172
4  	1900  	679.586	171405 	48.5056	8415.53	9.22706	28 	1  	4.84638
5  	2000  	82.8438	643.507	50.0092	99.5412	9.76471	20 	1  	4.57139
5  	2100  	222.259	22132.4	49.729 	1462.08	9.52222	24 	1  	4.76382
5  	2200  	597.089	137608 	47.8065	7253.23	9.4973 	25 	1  	4.86646
5  	2300  	526.764	137608 	47.8065	6457.52	9.28936	25 	1  	4.86425
6  	2400  	147.336	9732.19	48.7103	706.72 	8.53695	27 	2  	4.97703
6  	2500  	258.585	22128.9	46.865 	1649.16	8.52805	27 	1  	4.82824
6  	2600  	318.675	36106.3	46.865 	2289.24	8.59553	27 	1  	4.82679
7  	2700  	52.7672	82.1126	44.8642	3.53426	7.97351	19 	3  	4.76598
7  	2800  	167.325	18974  	44.8642	1221.7 	7.91235	20 	2  	4.69808
7  	2900  	155.885	18974  	44.8642	1040.21	7.9886 	24 	2  	4.71282
7  	3000  	145.764	18974  	44.8642	919.651	8.10421	28 	2  	4.78173
8  	3100  	73.4008	657.771	44.8642	101.933	8.90286	19 	1  	4.49593
8  	3200  	223.514	24488.3	43.888 	1667.58	9.28   	30 	1  	4.80584
8  	3300  	194.335	24488.3	43.888 	1432.6 	9.21067	30 	1  	4.78675
8  	3400  	188.195	24488.3	43.888 	1299.39	9.17684	30 	1  	4.89751
9  	3500  	237.333	19526.7	44.8807	1536.2 	10.2627	19 	1  	4.37948
9  	3600  	198.307	19526.7	43.3912	1280.33	10.2429	21 	1  	4.36732
9  	3700  	174.366	19526.7	42.1927	1118.45	10.4053	26 	1  	4.46476
10 	3800  	53.24  	397.949	42.1927	36.2211	10.7208	21 	3  	3.84859
10 	3900  	464219 	1.17583e+08	41.872 	7.36322e+06	11.2087	28 	1  	4.63041
10 	4000  	333134 	1.17583e+08	41.872 	6.2406e+06 	11.3136	28 	1  	4.68204
10 	4100  	259774 	1.17583e+08	41.872 	5.51234e+06	11.3062	28 	1  	4.72747
11 	4200  	694.409	117180     	42.0462	8587.7     	11.3297	29 	3  	4.48836
11 	4300  	1825.8 	378753     	40.5126	23414.2    	11.1719	29 	3  	4.5563 
11 	4400  	1376.91	378753     	40.5126	20159.7    	11.4442	29 	3  	4.88811
11 	4500  	1200.83	378753     	40.5126	18035.5    	11.4103	29 	3  	4.97195
12 	4600  	4542.11	931200     	40.5126	64407.3    	12.2933	29 	3  	4.94251
12 	4700  	3630.35	931200     	40.5126	53619.4    	12.1656	29 	3  	4.91306
12 	4800  	2825.21	931200     	40.5126	46623.8    	12.2475	31 	2  	5.1635 
13 	4900  	50.4469	450.629    	40.5126	43.0349    	13.7172	29 	3  	5.62961
13 	5000  	80.8611	2276.65    	40.5126	198.529    	13.4531	33 	3  	5.73664
13 	5100  	342.748	88940.4    	40.5126	4780.16    	13.5565	33 	1  	5.9469 
13 	5200  	55383.7	2.44994e+07	40.2262	1.16007e+06	13.2831	33 	1  	6.01577
14 	5300  	196.26 	13418      	40.5126	1323.46    	14.8497	33 	5  	5.82306
14 	5400  	224.763	13418      	40.5126	1266.64    	14.3773	35 	3  	6.16861
14 	5500  	875.007	169368     	40.5071	9793.85    	14.4987	35 	3  	6.48968
14 	5600  	712.855	169368     	40.5071	8702.97    	14.167 	35 	3  	6.38043
15 	5700  	nan    	nan        	nan    	nan        	15.5748	38 	3  	6.29059
15 	5800  	nan    	nan        	nan    	nan        	15.3153	39 	3  	6.40506
15 	5900  	nan    	nan        	nan    	nan        	15.2778	39 	3  	6.73785
16 	6000  	nan    	nan        	nan    	nan        	16.1342	39 	3  	5.62074
16 	6100  	nan    	nan        	nan    	nan        	16.0281	39 	3  	6.321  
16 	6200  	nan    	nan        	nan    	nan        	15.7564	39 	3  	6.72128
16 	6300  	nan    	nan        	nan    	nan        	16.0067	51 	1  	7.35256
17 	6400  	nan    	nan        	nan    	nan        	16.5706	54 	3  	7.75873
17 	6500  	nan    	nan        	nan    	nan        	16.1926	54 	3  	7.60311
17 	6600  	nan    	nan        	nan    	nan        	16.227 	54 	3  	7.64534
17 	6700  	nan    	nan        	nan    	nan        	16.3106	54 	3  	7.8378 
18 	6800  	142.741	18732.1    	37.1146	1248.95    	15.5291	37 	3  	5.7268 
18 	6900  	1.40901e+07	4.55094e+09	37.1146	2.52829e+08	15.4861	37 	1  	6.19964
18 	7000  	1.11565e+07	4.55094e+09	37.1146	2.21144e+08	15.3475	43 	1  	6.52616
19 	7100  	51.0563    	397.944    	37.1146	45.5017    	15.3642	35 	3  	5.18337
19 	7200  	423.529    	68022.6    	37.1146	4446.47    	15.3665	40 	1  	6.20316
19 	7300  	542.955    	68022.6    	37.1146	4686.28    	15.6553	48 	1  	7.20029
19 	7400  	446.075    	68022.6    	37.1146	4138.56    	15.745 	48 	1  	7.37553
20 	7500  	10851.1    	2.23991e+06	37.1146	154561     	16.512 	55 	3  	6.00407
20 	7600  	7371.83    	2.23991e+06	37.1146	127214     	16.2751	55 	3  	6.45262
20 	7700  	5628.51    	2.23991e+06	37.1146	110619     	16.4768	55 	3  	7.3916 
21 	7800  	50.7562    	528.948    	37.1146	53.387     	17.1159	47 	3  	5.41345
21 	7900  	74.1639    	947.276    	37.1146	102.215    	16.8866	61 	3  	7.59919
21 	8000  	82.1331    	947.276    	37.1146	108.983    	16.9793	61 	3  	7.28556
21 	8100  	160.687    	17926.8    	37.1146	959.068    	17.0251	61 	3  	7.49196
22 	8200  	69.9151    	2153.58    	37.1146	175.589    	17.75  	47 	1  	6.44459
22 	8300  	498937     	1.33618e+08	37.1146	8.14677e+06	17.4291	47 	1  	6.64832
22 	8400  	363382     	1.33618e+08	37.1146	6.95585e+06	17.0571	47 	1  	6.71505
22 	8500  	286706     	1.33618e+08	37.1146	6.16988e+06	16.8376	51 	1  	7.16408
23 	8600  	69.8442    	647.243    	37.3638	97.8166    	17.76  	47 	2  	6.80532
23 	8700  	162.744    	22100.1    	37.3638	1277.33    	17.54  	47 	1  	7.40687
23 	8800  	153.701    	22100.1    	37.3638	1112.62    	17.64  	47 	1  	7.71689
23 	8900  	150.151    	22100.1    	37.3638	1008.51    	17.412 	59 	1  	7.93714
24 	9000  	105.033    	7279.17    	37.3638	470.09     	17.336 	49 	3  	6.56796
24 	9100  	115.945    	7279.17    	37.3638	488.164    	17.3948	49 	3  	7.11068
24 	9200  	231.285    	38474.8    	34.6923	1991.97    	17.3602	49 	1  	7.43127
25 	9300  	1.41172e+07	2.37167e+09	34.6923	1.82433e+08	17.6012	53 	3  	6.83752
25 	9400  	8.8496e+06 	2.37167e+09	34.6923	1.44602e+08	16.9478	53 	3  	6.59864
25 	9500  	6.44485e+06	2.37167e+09	34.6923	1.23464e+08	16.875 	53 	3  	6.86244
25 	9600  	5.0728e+06 	2.37167e+09	34.6923	1.09513e+08	16.8889	53 	3  	6.88523
26 	9700  	725.912    	141029     	34.6923	9638.14    	16.9577	41 	3  	6.19352
26 	9800  	1.75599e+06	5.49246e+08	34.6923	3.09955e+07	17.2236	47 	3  	7.20586
26 	9900  	1.33083e+06	5.49246e+08	34.6923	2.69939e+07	17.0169	47 	3  	7.29736
27 	10000 	44.7928    	394.678    	34.6923	32.1582    	17.6286	45 	11 	6.2305 
27 	10100 	160.975    	22132.4    	34.6923	1425.46    	17.7833	45 	3  	7.74024
27 	10200 	197.779    	22132.4    	34.6923	1637.16    	17.6824	45 	3  	7.77169
27 	10300 	221.713    	22132.4    	34.6923	1583.15    	17.2636	54 	3  	8.06612
Fin GP coef (boston 2)
Set compute mode to DEFAULT for GPU 0000:87:00.0.
All done.
Set compute mode to DEFAULT for GPU 0000:84:00.0.
All done.
Set compute mode to DEFAULT for GPU 0000:83:00.0.
All done.
Set compute mode to DEFAULT for GPU 0000:09:00.0.
All done.
Set compute mode to DEFAULT for GPU 0000:08:00.0.
All done.
Set compute mode to DEFAULT for GPU 0000:05:00.0.
All done.
