Debut GP coef (bioavailability 1)
   	      	          fitness          	              size             
   	      	---------------------------	-------------------------------
gen	nevals	avg	max	min	std	avg    	max	min	std    
0  	100   	nan	nan	nan	nan	8.26167	53 	2  	9.56364
0  	200   	nan	nan	nan	nan	8.48   	53 	2  	9.69114
0  	300   	nan	nan	nan	nan	8.59   	53 	2  	9.97181
0  	400   	nan	nan	nan	nan	8.47222	53 	2  	9.87074
0  	500   	nan	nan	nan	nan	8.322  	53 	2  	9.72205
1  	600   	nan	nan	nan	nan	8.91403	46 	1  	9.05822
1  	700   	nan	nan	nan	nan	8.89097	46 	1  	9.4059 
1  	800   	nan	nan	nan	nan	9.11401	50 	1  	9.74479
2  	900   	nan	nan	nan	nan	10.0483	46 	2  	10.3573
2  	1000  	nan	nan	nan	nan	9.06531	46 	1  	9.25444
2  	1100  	nan	nan	nan	nan	8.71594	54 	1  	9.20651
2  	1200  	nan	nan	nan	nan	8.38202	54 	1  	8.70968
3  	1300  	nan	nan	nan	nan	7.78261	35 	2  	6.84665
3  	1400  	nan	nan	nan	nan	7.73239	39 	2  	7.05603
3  	1500  	nan	nan	nan	nan	7.60417	45 	1  	7.25177
3  	1600  	nan	nan	nan	nan	7.28306	45 	1  	6.89565
4  	1700  	2817.31	9601.62	1657.31	1366.85	5.92925	39 	2  	5.10177
4  	1800  	nan    	nan    	nan    	nan    	6.09936	39 	2  	5.36427
4  	1900  	nan    	nan    	nan    	nan    	6.1966 	39 	1  	5.63818
5  	2000  	nan    	nan    	nan    	nan    	4.86029	18 	2  	2.97829
5  	2100  	nan    	nan    	nan    	nan    	4.90254	18 	1  	2.85434
5  	2200  	nan    	nan    	nan    	nan    	5.0744 	22 	1  	2.99361
5  	2300  	nan    	nan    	nan    	nan    	5.05046	22 	1  	2.86424
6  	2400  	1926.59	5267.43	1657.31	365.281	4.75155	16 	2  	2.22082
6  	2500  	nan    	nan    	nan    	nan    	5.00766	18 	2  	2.5656 
6  	2600  	nan    	nan    	nan    	nan    	5.03878	22 	1  	2.59632
6  	2700  	nan    	nan    	nan    	nan    	5.00868	22 	1  	2.53991
7  	2800  	2045.46	11595.8	1156.93	950.226	5      	11 	1  	1.86598
7  	2900  	9702.65	2.17713e+06	1130.52	126849 	5.24573	12 	1  	2.07398
7  	3000  	3.43488e+07	1.34958e+10	1082.74	6.79906e+08	5.37913	19 	1  	2.19095
7  	3100  	2.73822e+07	1.34958e+10	1082.74	6.07203e+08	5.29412	19 	1  	2.1704 
8  	3200  	2085.91    	16329.1    	1082.74	1318.07    	5.94323	13 	3  	2.03492
8  	3300  	2392.44    	35081.5    	1082.74	2777.68    	6.00304	13 	3  	2.0841 
8  	3400  	2484.52    	37022.9    	1082.74	3123.2     	5.91142	13 	3  	2.0396 
9  	3500  	4433.29    	430516     	1082.74	32532.8    	7.07429	16 	1  	2.37611
9  	3600  	4085.19    	430516     	1054.53	26813.8    	6.98545	16 	1  	2.33701
9  	3700  	3749.69    	430516     	1054.53	23157.8    	6.93067	16 	1  	2.45829
9  	3800  	3534.19    	430516     	1054.53	20650.1    	6.85053	16 	1  	2.43241
10 	3900  	1681.72    	17546.6    	1054.53	1382.21    	7.8599 	14 	2  	2.22951
10 	4000  	2241.29    	64557.8    	1054.53	4781.23    	7.90228	15 	2  	2.35392
10 	4100  	149321     	5.98415e+07	1054.53	2.96248e+06	7.86732	15 	2  	2.4176 
11 	4200  	1338.94    	10296.3    	1054.53	1188.09    	8.27731	17 	1  	2.12597
11 	4300  	2547.22    	100375     	1054.53	7691.52    	8.46575	17 	1  	2.38382
11 	4400  	2961.92    	100375     	1054.53	7855.48    	8.42006	17 	1  	2.51747
11 	4500  	3020.46    	100375     	1054.53	7514.41    	8.42482	17 	1  	2.55553
12 	4600  	1509.94    	41958.2    	1054.53	3438.46    	8.87324	16 	3  	2.19108
12 	4700  	1781.94    	41958.2    	1054.53	2797.89    	8.78512	19 	1  	2.57357
12 	4800  	3998       	718128     	1017.07	38758.7    	8.68421	19 	1  	2.60785
12 	4900  	4046.48    	718128     	990.562	34779.1    	8.67195	19 	1  	2.69045
13 	5000  	1648.67    	56438.4    	990.562	4231.93    	8.78453	17 	3  	2.45467
13 	5100  	55769      	1.51049e+07	990.562	899372     	8.84698	17 	1  	2.65476
13 	5200  	41975.5    	1.51049e+07	990.562	772733     	8.90026	17 	1  	2.73128
13 	5300  	33650.9    	1.51049e+07	990.562	687924     	9.02495	17 	1  	2.74248
14 	5400  	1928.36    	67285.2    	990.562	5268.17    	9.35749	17 	1  	2.77109
14 	5500  	2435.74    	83452.1    	990.562	6851.27    	9.21173	17 	1  	2.78972
14 	5600  	1.7769e+11 	7.23198e+13	990.562	3.58035e+12	9.25307	21 	1  	3.00407
15 	5700  	1144.35    	3339.16    	990.562	299.874    	9.86957	21 	3  	3.12963
15 	5800  	2243.2     	53599.9    	990.562	5648.32    	9.86975	21 	3  	3.04377
15 	5900  	2507.35    	53599.9    	990.562	5639.54    	9.9645 	21 	3  	3.1826 
15 	6000  	2562.36    	53599.9    	990.562	5624.46    	9.95662	25 	3  	3.32425
16 	6100  	9201.19    	1.43108e+06	990.562	105123     	10.6685	25 	5  	3.3189 
16 	6200  	7904.44    	1.43108e+06	990.562	85500      	10.7817	25 	3  	3.4623 
16 	6300  	6497.13    	1.43108e+06	990.562	73580.6    	10.7812	25 	3  	3.58223
16 	6400  	148424     	6.88845e+07	980.241	3.1283e+06 	10.8058	25 	3  	3.65556
17 	6500  	1891.25    	51570.8    	990.562	4256.16    	11.7647	25 	1  	4.00655
17 	6600  	2155.27    	51570.8    	990.562	4156.37    	11.4145	27 	1  	4.09259
17 	6700  	2414.08    	51570.8    	990.562	4784.58    	11.3861	27 	1  	4.16782
18 	6800  	2800.24    	227282     	990.562	19539.3    	12.3233	23 	5  	3.78272
18 	6900  	3695.87    	227282     	990.562	19364.3    	12.0901	27 	3  	4.04858
18 	7000  	6823.53    	1.16048e+06	990.562	65399.9    	12.1592	27 	3  	4.20445
18 	7100  	7584.14    	1.16048e+06	990.562	65711.5    	12.127 	27 	3  	4.29405
19 	7200  	1803.79    	58905.4    	922.892	4994.19    	11.9686	23 	3  	3.62455
19 	7300  	2715.76    	61330.1    	922.892	7417.17    	11.9961	35 	2  	4.40209
19 	7400  	3396.47    	92807.6    	922.892	9426.8     	12.2841	35 	2  	4.66033
19 	7500  	3314.49    	92807.6    	922.892	9177.27    	12.3377	35 	2  	4.72159
20 	7600  	2267.1     	78686.9    	908.435	6331.88    	12.5198	27 	1  	4.37777
20 	7700  	2590.26    	78686.9    	908.435	6403.11    	12.3718	27 	1  	4.44814
20 	7800  	2899.23    	95676.7    	908.435	7635.37    	12.4032	27 	1  	4.57032
20 	7900  	3044.75    	95676.7    	908.435	7572.64    	12.3333	41 	1  	4.60972
21 	8000  	1477.07    	29036.1    	908.435	2022.3     	12.307 	25 	2  	4.26764
21 	8100  	2633.9     	139044     	908.435	8909.95    	12.5016	27 	2  	4.45248
21 	8200  	2510.93    	139044     	908.435	7802.34    	12.4651	27 	1  	4.56895
22 	8300  	1354.73    	25075.5    	911.164	2128.56    	13.0296	33 	5  	3.93454
22 	8400  	2361.99    	61503.6    	911.164	5220.76    	13.1532	33 	5  	4.70603
22 	8500  	2894.09    	118281     	911.164	8612.98    	12.8836	33 	5  	4.60449
22 	8600  	43521.9    	1.72253e+07	911.164	824911     	12.931 	33 	3  	4.89849
23 	8700  	1420.25    	21642.4    	911.164	1719.27    	13.097 	27 	3  	4.19267
23 	8800  	4003.09    	357939     	911.164	22783.7    	12.9623	27 	3  	4.29375
23 	8900  	4904.07    	357939     	911.164	25966.1    	12.9589	29 	3  	4.5782 
23 	9000  	6482.69    	357939     	906.672	31221.8    	12.9935	29 	1  	4.61204
24 	9100  	1823.84    	22208.5    	906.672	2607.52    	13.6995	31 	5  	4.45854
24 	9200  	6324.97    	713431     	906.672	43813.1    	13.7679	31 	5  	4.48746
24 	9300  	11796.5    	1.3783e+06 	906.672	89197.7    	13.6794	31 	4  	4.49586
24 	9400  	10273.5    	1.3783e+06 	906.672	79770.8    	13.5091	31 	3  	4.6664 
25 	9500  	3198.09    	146923     	903.751	12396.9    	14.0844	31 	3  	4.78408
25 	9600  	64979.4    	1.44313e+07	903.751	839415     	14.0772	31 	3  	4.92495
25 	9700  	87288.2    	1.44313e+07	903.751	1.00849e+06	14.0755	31 	1  	4.93957
26 	9800  	3128.01    	129432     	903.751	13124.7    	14.5533	33 	5  	4.60802
26 	9900  	41245.2    	9.44834e+06	903.751	596350     	14.912 	39 	5  	5.05967
26 	10000 	38358.8    	9.44834e+06	903.751	515754     	15.0771	39 	5  	5.17823
26 	10100 	32981.1    	9.44834e+06	903.751	456290     	15.0089	39 	1  	5.26961
Fin GP coef (bioavailability 1)
Set compute mode to DEFAULT for GPU 0000:88:00.0.
All done.
Set compute mode to DEFAULT for GPU 0000:87:00.0.
All done.
Set compute mode to DEFAULT for GPU 0000:83:00.0.
All done.
Set compute mode to DEFAULT for GPU 0000:09:00.0.
All done.
Set compute mode to DEFAULT for GPU 0000:08:00.0.
All done.
Set compute mode to DEFAULT for GPU 0000:05:00.0.
All done.
