Debut GP coef (boston 3)
   	      	               fitness                	              size             
   	      	--------------------------------------	-------------------------------
gen	nevals	avg    	max        	min    	std   	avg  	max	min	std    
0  	500   	31645.7	4.57984e+06	69.3242	296730	7.588	46 	2  	8.19526
1  	866   	496.597	56638.4    	46.3683	2707.52	8.298	40 	2  	8.60704
2  	1239  	392.897	44601.3    	46.3682	2230.26	8.032	40 	1  	7.8434 
3  	1596  	208.581	21401.6    	39.0217	986.331	6.868	40 	1  	6.41144
4  	1967  	1227.49	482749     	38.5911	21701.6	5.546	39 	1  	3.84706
5  	2324  	167.4  	18639.1    	37.4409	1195.06	5.516	23 	1  	3.03146
6  	2681  	523.325	140978     	31.377 	6612.07	6.824	23 	2  	3.16749
7  	3051  	592.872	176995     	30.5425	8068.1 	7.142	25 	1  	3.31992
8  	3422  	459.844	135735     	28.9289	6286.73	7.92 	25 	1  	3.54085
9  	3781  	114.986	12855.6    	25.7213	606.318	9.67 	27 	2  	4.19775
10 	4172  	120    	18027.9    	23.0804	810.743	11.712	29 	2  	5.20279
11 	4545  	103.086	6257.27    	22.9713	311.247	13.122	33 	1  	5.58991
12 	4910  	1509.05	713351     	21.7235	31866.7	14.754	41 	1  	6.03038
13 	5273  	541.304	226638     	21.3748	10122.4	16.33 	48 	1  	7.48633
14 	5653  	120.968	10077.7    	19.9945	528.979	16.734	48 	1  	7.4739 
15 	6004  	962.267	414421     	19.2613	18532.3	16.866	52 	1  	6.86178
16 	6359  	414.716	86495.3    	18.7073	4419.81	17.47 	51 	3  	7.16694
17 	6717  	521.668	196556     	18.7073	8847.78	18.342	59 	1  	7.56181
18 	7077  	1105.7 	509145     	18.7073	22744  	18.074	45 	1  	7.2529 
19 	7447  	82.3598	606.79     	18.7073	131.748	18.272	44 	1  	7.36926
20 	7796  	2251.31	921443     	17.9911	41440.5	18.118	55 	3  	7.31957
21 	8146  	80.7819	3456.8     	17.9911	194.198	18.554	55 	3  	7.48619
22 	8502  	320.967	89832.7    	17.9911	4361.95	18.892	47 	3  	7.41838
23 	8871  	2002.75	504550     	17.9911	28049.7	19.67 	71 	1  	8.88871
24 	9209  	525.317	215747     	17.9911	9640.13	19.928	61 	1  	9.21861
25 	9568  	228.186	76426      	17.9911	3415.17	19.692	63 	3  	8.73482
26 	9934  	558.851	241875     	17.9911	10807.7	19.246	63 	3  	7.84662
27 	10303 	2747.2 	1.30201e+06	17.9911	58171.6	19.008	67 	1  	7.77843
Fin GP coef (boston 3)
Set compute mode to DEFAULT for GPU 0000:88:00.0.
All done.
Set compute mode to DEFAULT for GPU 0000:87:00.0.
All done.
Set compute mode to DEFAULT for GPU 0000:84:00.0.
All done.
Set compute mode to DEFAULT for GPU 0000:83:00.0.
All done.
Set compute mode to DEFAULT for GPU 0000:09:00.0.
All done.
Set compute mode to DEFAULT for GPU 0000:08:00.0.
All done.
