Debut GP coef (bioavailability 0)
   	      	          fitness          	              size             
   	      	---------------------------	-------------------------------
gen	nevals	avg	max	min	std	avg    	max	min	std    
0  	100   	nan	nan	nan	nan	8.26167	53 	2  	9.56364
0  	200   	nan	nan	nan	nan	8.48   	53 	2  	9.69114
0  	300   	nan	nan	nan	nan	8.59   	53 	2  	9.97181
0  	400   	nan	nan	nan	nan	8.47222	53 	2  	9.87074
0  	500   	nan	nan	nan	nan	8.322  	53 	2  	9.72205
1  	600   	nan	nan	nan	nan	8.62443	46 	1  	8.63431
1  	700   	nan	nan	nan	nan	8.75078	46 	1  	9.02127
1  	800   	nan	nan	nan	nan	9.02138	50 	1  	9.35786
2  	900   	nan	nan	nan	nan	11.1042	46 	2  	10.9346
2  	1000  	nan	nan	nan	nan	10.1352	46 	1  	9.89422
2  	1100  	nan	nan	nan	nan	9.73837	54 	1  	9.62139
2  	1200  	nan	nan	nan	nan	9.51577	54 	1  	9.60209
3  	1300  	nan	nan	nan	nan	7.50296	38 	2  	7.45251
3  	1400  	nan	nan	nan	nan	7.52788	38 	1  	7.1232 
3  	1500  	nan	nan	nan	nan	7.74526	46 	1  	7.36432
3  	1600  	nan	nan	nan	nan	7.75693	46 	1  	7.50924
4  	1700  	nan	nan	nan	nan	6.26904	46 	2  	6.33047
4  	1800  	nan	nan	nan	nan	5.82155	46 	1  	5.59206
4  	1900  	nan	nan	nan	nan	5.94458	46 	1  	5.5455 
4  	2000  	nan	nan	nan	nan	5.92153	46 	1  	5.42665
5  	2100  	nan	nan	nan	nan	4.90909	29 	2  	3.68423
5  	2200  	nan	nan	nan	nan	5.02187	29 	1  	3.94606
5  	2300  	nan	nan	nan	nan	4.79762	29 	1  	3.70707
6  	2400  	nan	nan	nan	nan	5.0979 	22 	2  	3.81443
6  	2500  	nan	nan	nan	nan	4.9465 	29 	2  	3.78339
6  	2600  	nan	nan	nan	nan	5.09913	29 	2  	3.7161 
6  	2700  	nan	nan	nan	nan	5.19413	29 	2  	3.82262
7  	2800  	nan	nan	nan	nan	5.84118	24 	1  	4.41835
7  	2900  	nan	nan	nan	nan	5.71111	29 	1  	4.44117
7  	3000  	nan	nan	nan	nan	5.71081	29 	1  	4.30966
7  	3100  	nan	nan	nan	nan	5.60851	29 	1  	4.14266
8  	3200  	2567.23	40707.4	964.797	3689.15	5.62562	24 	3  	4.22492
8  	3300  	3512.32	114007 	964.797	8377.81	5.69967	24 	3  	4.25261
8  	3400  	nan    	nan    	nan    	nan    	5.75434	29 	3  	4.29919
9  	3500  	1456.01	5805.14	964.797	744.501	5.03356	17 	2  	3.07712
9  	3600  	7.00539e+19	1.74434e+22	964.797	1.10321e+21	5.07631	20 	2  	3.03232
9  	3700  	nan        	nan        	nan    	nan        	5.27507	31 	1  	3.68983
9  	3800  	nan        	nan        	nan    	nan        	5.22494	31 	1  	3.63915
10 	3900  	1459.1     	9830.38    	964.797	1319.36    	4.65789	11 	2  	1.87892
10 	4000  	1.43325e+07	3.93503e+09	964.797	2.30979e+08	4.61034	11 	2  	1.83357
10 	4100  	1.07223e+07	3.93503e+09	964.797	1.99276e+08	4.59744	17 	1  	1.94791
10 	4200  	8.68524e+06	3.93503e+09	964.797	1.77844e+08	4.58163	17 	1  	1.91941
11 	4300  	1567.47    	5797.06    	964.797	1454.73    	4.47291	9  	1  	1.7028 
11 	4400  	4817.98    	897074     	963.448	51380.5    	4.48515	11 	1  	1.68832
11 	4500  	2.66864e+06	1.06484e+09	963.448	5.29783e+07	4.57568	13 	1  	1.79498
12 	4600  	990.976    	1357.75    	963.448	36.8228    	4.93913	11 	3  	2.00125
12 	4700  	182878     	2.21863e+07	963.448	1.88721e+06	4.82791	14 	3  	2.02155
12 	4800  	1.22388e+06	3.41478e+08	963.448	1.92663e+07	4.79683	14 	1  	2.04939
12 	4900  	931412     	3.41478e+08	963.448	1.67933e+07	4.89398	14 	1  	2.08571
13 	5000  	1107.85    	5465.42    	963.448	696.7      	5.14474	11 	3  	1.94127
13 	5100  	346496     	8.64412e+07	961.301	5.4343e+06 	5.38889	11 	3  	2.07201
13 	5200  	248742     	8.64412e+07	961.301	4.60065e+06	5.39489	12 	3  	2.09851
13 	5300  	194315     	8.64412e+07	961.301	4.06124e+06	5.38274	12 	1  	2.1661 
14 	5400  	10680.2    	1.68271e+06	961.258	124979     	6.23333	15 	3  	2.44518
14 	5500  	9988.12    	1.68271e+06	960.581	107554     	6.21786	15 	3  	2.44344
14 	5600  	1.90604e+07	7.23977e+09	960.581	3.70903e+08	6.17368	15 	1  	2.4637 
14 	5700  	1.50911e+07	7.23977e+09	960.581	3.30104e+08	6.18125	15 	1  	2.51298
15 	5800  	3327.8     	337193     	960.581	23501.1    	6.63636	13 	3  	2.68913
15 	5900  	24741.3    	6.97904e+06	960.581	389856     	6.64062	14 	3  	2.64083
15 	6000  	20860      	6.97904e+06	960.581	341471     	6.77857	17 	2  	2.76733
16 	6100  	1458.33    	51363.4    	960.581	4276.03    	7.53901	15 	3  	2.96915
16 	6200  	2497.36    	118849     	960.581	8778.44    	7.59336	15 	3  	3.00908
16 	6300  	11338      	3.0055e+06 	960.581	162586     	7.53372	15 	1  	3.02233
16 	6400  	11293      	3.0055e+06 	960.517	149433     	7.54422	18 	1  	3.02648
17 	6500  	218112     	3.48134e+07	960.517	2.71823e+06	8.37423	19 	1  	3.31401
17 	6600  	3.6989e+06 	9.36617e+08	960.517	5.76757e+07	8.31179	19 	1  	3.39001
17 	6700  	2.6812e+06 	9.36617e+08	960.517	4.91205e+07	8.42149	19 	1  	3.47304
17 	6800  	8.40797e+06	2.91938e+09	960.517	1.42248e+08	8.51836	19 	1  	3.56295
18 	6900  	1128.28    	6985.85    	960.49 	758.957    	9.81443	25 	3  	3.77138
18 	7000  	1673.77    	46415.1    	960.49 	3114.55    	9.73469	25 	3  	3.86212
18 	7100  	8745.45    	2.76153e+06	960.49 	138889     	9.70305	25 	3  	3.80964
18 	7200  	7313.62    	2.76153e+06	960.49 	124072     	9.70243	25 	3  	3.81645
19 	7300  	1370.34    	18733.4    	960.49 	1594.96    	10.7606	29 	3  	3.94968
19 	7400  	1485.45    	18733.4    	960.49 	1597.39    	10.9872	29 	3  	4.23358
19 	7500  	2376.96    	307837     	948.052	15208.6    	10.908 	29 	1  	4.24107
20 	7600  	1093.14    	5766.49    	948.052	747.346    	10.5973	25 	3  	3.8789 
20 	7700  	2.57723e+29	6.4173e+31 	948.052	4.05862e+30	10.9398	25 	3  	4.22846
20 	7800  	1.83877e+29	6.4173e+31 	948.052	3.43018e+30	11.0372	25 	1  	4.28716
20 	7900  	1.42924e+29	6.4173e+31 	948.052	3.02514e+30	11.0601	27 	1  	4.42643
21 	8000  	1217.2     	7037.12    	948.052	1005.17    	11.2308	25 	2  	4.00936
21 	8100  	1687.16    	132915     	905.95 	7717.21    	11.1864	29 	2  	4.25889
21 	8200  	3879.96    	608459     	905.95 	33763.8    	11.0911	29 	2  	4.37621
21 	8300  	53963.5    	1.60116e+07	905.95 	824304     	11.0848	29 	1  	4.45776
22 	8400  	1686.87    	84884.5    	905.95 	5999.43    	11.422 	25 	3  	4.17022
22 	8500  	3.9969e+08 	1.23037e+11	905.95 	6.89173e+09	11.3396	25 	3  	4.31077
22 	8600  	3.04072e+08	1.23037e+11	905.95 	6.01352e+09	11.4474	25 	1  	4.52514
23 	8700  	1041.26    	5571.51    	905.95 	470.119    	11.1221	21 	3  	3.86415
23 	8800  	1839.74    	117185     	905.95 	8138.74    	11.2468	27 	3  	4.01131
23 	8900  	3131.85    	368664     	905.95 	21773.7    	11.2175	27 	1  	4.33225
23 	9000  	50467.3    	2.04409e+07	905.95 	983504     	10.9698	27 	1  	4.28958
24 	9100  	2806.04    	255823     	905.95 	21092.1    	11.9448	23 	2  	4.03054
24 	9200  	3065.47    	255823     	905.95 	17450.5    	11.6408	23 	2  	4.12577
24 	9300  	16191.9    	2.25339e+06	905.95 	142842     	11.6406	31 	1  	4.39942
24 	9400  	261364     	1.10548e+08	905.95 	5.23547e+06	11.4517	31 	1  	4.39003
25 	9500  	231092     	4.27542e+07	905.95 	3.12636e+06	12.0323	23 	2  	4.23491
25 	9600  	151199     	4.27542e+07	905.95 	2.52359e+06	12     	23 	2  	4.47761
25 	9700  	114474     	4.27542e+07	905.312	2.17328e+06	12.1244	29 	2  	4.66606
25 	9800  	186597     	4.27542e+07	905.312	2.4742e+06 	12.0247	33 	1  	4.7846 
26 	9900  	8954.05    	556230     	905.312	55366      	12.2402	31 	3  	4.34156
26 	10000 	7712.92    	556230     	905.312	47491.6    	12.3224	31 	3  	4.67159
26 	10100 	76055.3    	2.71387e+07	905.182	1.34913e+06	12.5124	31 	3  	4.98139
Fin GP coef (bioavailability 0)
Set compute mode to DEFAULT for GPU 0000:88:00.0.
All done.
Set compute mode to DEFAULT for GPU 0000:87:00.0.
All done.
Set compute mode to DEFAULT for GPU 0000:83:00.0.
All done.
Set compute mode to DEFAULT for GPU 0000:08:00.0.
All done.
Set compute mode to DEFAULT for GPU 0000:05:00.0.
All done.
Set compute mode to DEFAULT for GPU 0000:04:00.0.
All done.
