Debut GP coef (boston 0)
   	      	               fitness                	              size             
   	      	--------------------------------------	-------------------------------
gen	nevals	avg    	max        	min    	std   	avg    	max	min	std    
0  	100   	31566.6	5.12203e+06	53.5427	301644	7.58667	46 	2  	8.32361
0  	200   	40962.6	5.12203e+06	53.5427	363170	7.51857	46 	2  	8.18943
0  	300   	37458.9	5.12203e+06	53.5427	341044	7.52625	46 	2  	8.06795
0  	400   	33568.3	5.12203e+06	53.5427	321741	7.54444	46 	2  	8.18815
0  	500   	34187.7	5.12203e+06	53.5427	325799	7.588  	46 	2  	8.19526
Fin GP coef (boston 0)
Set compute mode to DEFAULT for GPU 0000:88:00.0.
All done.
Set compute mode to DEFAULT for GPU 0000:87:00.0.
All done.
Set compute mode to DEFAULT for GPU 0000:84:00.0.
All done.
Set compute mode to DEFAULT for GPU 0000:83:00.0.
All done.
Set compute mode to DEFAULT for GPU 0000:05:00.0.
All done.
Set compute mode to DEFAULT for GPU 0000:04:00.0.
All done.
