Debut GP coef (boston 4)
   	      	               fitness                	              size             
   	      	--------------------------------------	-------------------------------
gen	nevals	avg    	max        	min    	std   	avg    	max	min	std    
0  	100   	25619.3	4.39292e+06	50.9259	257037	7.58667	46 	2  	8.32361
0  	200   	35302.2	4.39292e+06	50.9259	327283	7.51857	46 	2  	8.18943
0  	300   	32015.3	4.39292e+06	50.9259	306836	7.52625	46 	2  	8.06795
0  	400   	28717.6	4.39292e+06	50.9259	289452	7.54444	46 	2  	8.18815
0  	500   	27136  	4.39292e+06	50.9259	276239	7.588  	46 	2  	8.19526
Fin GP coef (boston 4)
Set compute mode to DEFAULT for GPU 0000:84:00.0.
All done.
Set compute mode to DEFAULT for GPU 0000:83:00.0.
All done.
Set compute mode to DEFAULT for GPU 0000:09:00.0.
All done.
Set compute mode to DEFAULT for GPU 0000:08:00.0.
All done.
Set compute mode to DEFAULT for GPU 0000:05:00.0.
All done.
Set compute mode to DEFAULT for GPU 0000:04:00.0.
All done.
Debut GP coef (boston 4)
   	      	               fitness                	              size             
   	      	--------------------------------------	-------------------------------
gen	nevals	avg    	max        	min    	std   	avg    	max	min	std    
0  	100   	25619.1	4.39292e+06	50.9259	257037	7.58667	46 	2  	8.32361
0  	200   	35301.9	4.39292e+06	50.9259	327283	7.51857	46 	2  	8.18943
0  	300   	32015.1	4.39292e+06	50.9259	306836	7.52625	46 	2  	8.06795
0  	400   	28717.4	4.39292e+06	50.9259	289452	7.54444	46 	2  	8.18815
0  	500   	27135.8	4.39292e+06	50.9259	276239	7.588  	46 	2  	8.19526
1  	600   	2457.36	475632     	38.8167	31070.7	8.83333	39 	2  	9.10914
1  	700   	1853.59	475632     	38.8167	26038.2	9.08683	40 	2  	9.27466
1  	800   	1524.33	475632     	38.8164	22860.3	8.48387	40 	2  	8.59943
2  	900   	247.177	16472.2    	38.8164	1288.35	10.087 	39 	2  	9.24907
2  	1000  	227.546	16472.2    	38.8162	1015.57	9.62835	39 	1  	8.96416
2  	1100  	377.995	20070.3    	38.8162	1822.53	9.48199	39 	1  	8.87808
2  	1200  	382.117	20070.3    	38.8162	1852.47	9.27766	41 	1  	9.03362
3  	1300  	110.148	906.018    	38.8162	106.564	9.68317	40 	2  	9.24628
3  	1400  	131.429	3935.97    	37.5939	244.436	9.24834	40 	1  	8.50913
3  	1500  	133.995	3935.97    	37.5939	220.367	9.13433	40 	1  	8.16691
4  	1600  	56.983 	266.675    	37.5939	23.5649	6.57724	32 	2  	4.55501
4  	1700  	82.8747	642.763    	37.59  	89.9208	7.08969	42 	2  	5.2182 
4  	1800  	106.429	3623.94    	33.2766	222.566	6.96594	42 	1  	4.96384
4  	1900  	105.47 	3623.94    	33.2766	203.017	6.86525	42 	1  	4.85129
5  	2000  	52.882 	457.127    	33.2766	58.4866	5.80864	30 	1  	3.89449
5  	2100  	1042.3 	138562     	33.2766	10558.2	6.0229 	30 	1  	3.96062
5  	2200  	783.808	138562     	33.2766	8992.32	5.94751	30 	1  	3.85726
5  	2300  	632.284	138562     	33.2766	7965.28	5.85498	30 	1  	3.64712
6  	2400  	58.1724	584.593    	33.2766	83.5307	5.85787	25 	2  	3.4802 
6  	2500  	66.0431	584.593    	33.2377	94.9379	5.94949	25 	2  	3.47296
6  	2600  	128.283	21871.8    	33.2377	1097.83	6.10831	25 	2  	3.51834
6  	2700  	88823.7	4.39944e+07	33.2377	1.97142e+06	6.14286	25 	2  	3.53564
7  	2800  	166.675	19828.3    	33.0903	1334.2     	7.02727	20 	1  	3.44557
7  	2900  	284.388	30372.3    	33.0903	2082.18    	7.075  	20 	1  	3.54974
7  	3000  	284.036	30372.3    	33.0903	1976.85    	7.33095	20 	1  	3.63416
8  	3100  	47.5506	584.593    	31.4558	62.2024    	9.14865	17 	2  	3.11788
8  	3200  	72.8572	584.593    	31.4558	113.277    	9.05242	20 	2  	3.3555 
8  	3300  	106.249	5463.71    	31.4558	318.59     	9.01149	20 	1  	3.63964
8  	3400  	119.27 	6122.35    	31.4558	404.867    	8.91518	20 	1  	3.56971
9  	3500  	49.1576	584.593    	31.4558	68.0352    	9.27941	23 	3  	3.37165
9  	3600  	77.2504	584.593    	31.4558	121.274    	9.58553	23 	2  	3.66876
9  	3700  	186.925	27619.2    	31.4558	1518.79    	9.66089	23 	2  	3.83591
10 	3800  	39.0952	545.667    	31.4558	47.0652    	10.4701	18 	3  	3.87314
10 	3900  	83.8607	584.593    	31.4558	133.12     	10.1797	22 	2  	4.16923
10 	4000  	100.864	584.593    	31.4558	150.803    	10.0032	22 	2  	4.4321 
10 	4100  	109.19 	584.593    	31.4558	159.139    	9.92806	22 	2  	4.41706
11 	4200  	44.8339	545.405    	31.4558	68.0174    	10.413 	24 	3  	4.36011
11 	4300  	137.504	6163.87    	31.4379	553.495    	10.0714	29 	1  	4.92284
11 	4400  	139.458	6163.87    	31.4379	475.024    	9.97337	29 	1  	4.85005
11 	4500  	131.65 	6163.87    	31.4379	423.846    	9.80822	29 	1  	4.84129
12 	4600  	49.8711	584.593    	29.0921	80.3183    	10.4128	28 	3  	4.60895
12 	4700  	63.7509	584.593    	29.0921	93.2021    	10.3603	28 	2  	4.7196 
12 	4800  	74.8417	584.593    	29.0921	109.652    	10.4355	38 	1  	5.01971
12 	4900  	85.8101	2378.21    	29.0921	158.462    	10.3771	38 	1  	5.10916
13 	5000  	54.2876	584.593    	21.1458	87.0483    	11.9612	28 	2  	5.18946
13 	5100  	224.924	47996.3    	21.1458	2737.3     	11.9216	35 	2  	5.67189
13 	5200  	186.168	47996.3    	21.1458	2377.79    	11.7094	35 	2  	5.41475
14 	5300  	33.5454	211.909    	26.1344	16.4037    	14.8583	35 	5  	6.41131
14 	5400  	46.7147	448.515    	26.1344	56.0423    	14.7636	41 	3  	6.96149
14 	5500  	56.2204	555.15     	26.1344	75.9057    	14.7937	48 	3  	7.57017
14 	5600  	83.5785	7339.6     	26.1344	367.318    	14.569 	48 	3  	7.42374
15 	5700  	35.4863	296.574    	26.1344	25.8375    	16     	43 	5  	6.60427
15 	5800  	49.4423	544.84     	26.1344	66.8428    	16.6748	60 	3  	7.86574
15 	5900  	69.7175	3324.03    	26.1344	197.266    	16.3035	60 	2  	8.49739
15 	6000  	69.6539	3324.03    	26.1344	179.956    	16.4193	60 	2  	8.7374 
16 	6100  	247.291	43115.3    	25.2771	3008.89    	17.8235	55 	3  	8.87596
16 	6200  	201.766	43115.3    	25.2771	2473.32    	17.4967	55 	2  	8.78283
16 	6300  	429.16 	95882.1    	25.2771	5231.09    	17.4381	55 	1  	9.14507
17 	6400  	30.952 	48.2535    	25.2771	2.2861     	19.3431	49 	5  	9.19809
17 	6500  	45.9774	909.632    	25.2771	79.1612    	19.8017	63 	3  	10.4808
17 	6600  	110.612	19551.4    	25.2771	1064.18    	19.908 	63 	3  	10.8786
17 	6700  	143.778	20102      	25.2771	1337.48    	20     	63 	2  	10.8074
18 	6800  	58.8116	1652.29    	25.2771	150.098    	20.56  	59 	3  	10.5562
18 	6900  	65.8072	1652.29    	25.2771	141.908    	20     	59 	3  	10.4108
18 	7000  	62.8302	1652.29    	25.2771	125.555    	20.36  	82 	3  	11.2439
18 	7100  	606.806	217905     	25.2771	10317.4    	20.5844	82 	3  	11.6368
19 	7200  	40.5241	486.729    	25.7541	51.609     	21.1204	84 	3  	12.2885
19 	7300  	44.8508	605.004    	25.7541	61.2405    	21.6529	84 	3  	13.7923
19 	7400  	48.8893	653.675    	24.7352	70.7814    	20.9949	84 	2  	13.0707
19 	7500  	5.45631e+14	2.67905e+17	24.7352	1.20781e+16	21.2566	94 	2  	13.9582
20 	7600  	39.79      	574.303    	24.7352	53.6408    	22.2743	79 	3  	12.9456
20 	7700  	300.139    	74796.6    	22.9612	4154.43    	21.7055	79 	3  	13.5175
20 	7800  	244.54     	74796.6    	22.9612	3635.93    	21.4202	83 	3  	13.4209
21 	7900  	32.0761    	196.887    	22.9612	20.43      	20.9363	83 	9  	10.3331
21 	8000  	47.0944    	472.195    	22.9612	65.8578    	21.393 	83 	3  	12.4205
21 	8100  	50.4212    	472.195    	22.9612	67.1133    	21.5546	83 	3  	12.6962
21 	8200  	51.9571    	539.411    	21.179 	68.2846    	21.5996	85 	3  	12.9738
22 	8300  	101.159    	10808      	22.0027	778.626    	21.6615	88 	1  	12.4698
22 	8400  	10041.7    	2.90552e+06	22.0027	169737     	21.3767	88 	1  	12.0758
22 	8500  	7641.62    	2.90552e+06	21.9587	146581     	22.0561	88 	1  	13.2708
22 	8600  	7118.82    	2.90552e+06	21.9587	132746     	22.1057	88 	1  	13.7346
23 	8700  	46.2183    	556.304    	24.7352	64.4447    	20.8027	77 	3  	11.0493
23 	8800  	89.6766    	10360.1    	23.8989	579.537    	20.6563	95 	3  	11.7835
23 	8900  	139.333    	16257.8    	21.1614	991.762    	20.5296	95 	1  	11.6491
24 	9000  	30.3273    	224.697    	21.1738	17.429     	21.3902	71 	3  	10.3756
24 	9100  	41.5062    	551.373    	21.1738	50.9026    	21.0985	71 	3  	10.6226
24 	9200  	1597.63    	452188     	21.1738	24363.1    	20.6758	71 	1  	10.2525
24 	9300  	1266.99    	452188     	21.1738	21587.9    	20.4591	75 	1  	10.7302
25 	9400  	43.4083    	584.593    	21.6291	65.4459    	21.6845	75 	1  	11.2317
25 	9500  	56.569     	2438.26    	21.6291	155.338    	20.9652	75 	1  	11.0982
25 	9600  	56.1389    	2438.26    	21.6291	137.368    	20.7984	75 	1  	10.4901
25 	9700  	3.62047e+15	1.76317e+18	21.6291	7.98148e+16	21.0678	76 	1  	11.4311
26 	9800  	49.7538    	560.58     	20.5389	81.8904    	21.0181	61 	3  	10.2727
26 	9900  	1076.63    	296757     	20.5389	16625.8    	20.1807	73 	3  	10.3197
26 	10000 	120157     	5.02325e+07	20.5389	2.44527e+06	20.0238	73 	3  	9.9385 
Fin GP coef (boston 4)
Set compute mode to DEFAULT for GPU 0000:88:00.0.
All done.
Set compute mode to DEFAULT for GPU 0000:87:00.0.
All done.
Set compute mode to DEFAULT for GPU 0000:84:00.0.
All done.
Set compute mode to DEFAULT for GPU 0000:83:00.0.
All done.
Set compute mode to DEFAULT for GPU 0000:09:00.0.
All done.
Set compute mode to DEFAULT for GPU 0000:08:00.0.
All done.
Debut GP coef (keijzer_6 4)
   	      	                          fitness                          	              size             
   	      	-----------------------------------------------------------	-------------------------------
gen	nevals	avg        	max        	min     	std        	avg    	max	min	std    
0  	100   	8.71342e+07	3.80026e+10	0.202132	1.65263e+09	9.26833	50 	2  	8.67004
0  	200   	7.49172e+07	3.80026e+10	0.202132	1.53034e+09	9.35286	50 	2  	8.82155
0  	300   	6.55525e+07	3.80026e+10	0.202132	1.43172e+09	9.47   	50 	2  	8.98549
0  	400   	1.16179e+08	3.80026e+10	0.202132	1.90741e+09	9.30889	50 	2  	8.90481
0  	500   	1.04561e+08	3.80026e+10	0.202132	1.80986e+09	9.32   	50 	2  	8.77756
1  	600   	421094     	9.89393e+07	0.202132	6.44034e+06	8.49362	46 	1  	6.71636
1  	700   	311387     	9.89393e+07	0.202132	5.40372e+06	8.52836	46 	1  	6.8853 
1  	800   	239858     	9.89393e+07	0.202132	4.7439e+06 	8.76092	46 	1  	7.02068
2  	900   	35.0887    	1855.75    	0.202132	205.818    	11.0123	46 	2  	8.88784
2  	1000  	66.6923    	2434.9     	0.202132	286.225    	10.8897	46 	1  	8.26413
2  	1100  	25841.7    	8.21917e+06	0.202132	434734     	11.2011	47 	1  	8.71342
2  	1200  	3.28481e+07	1.51993e+10	0.202132	7.05607e+08	11.1857	49 	1  	9.03079
3  	1300  	62.3642    	5891.47    	0.202132	441.838    	12.4328	49 	3  	8.98737
3  	1400  	2037.74    	589867     	0.202132	33940.7    	12.4485	49 	3  	8.85664
3  	1500  	31763.7    	1.11124e+07	0.202132	557011     	12.818 	49 	2  	9.43883
4  	1600  	1.25714    	3.07745    	0.202132	0.724126   	13.6894	46 	5  	9.49652
4  	1700  	329.456    	57435      	0.198463	3796.26    	12.9612	46 	3  	8.63649
4  	1800  	258.131    	57435      	0.198463	3179.58    	13.1054	46 	1  	8.92291
4  	1900  	525.491    	124077     	0.198463	6598.54    	13.3727	52 	1  	9.26025
5  	2000  	2042.12    	309252     	0.202132	24918.3    	13.1046	49 	4  	10.1016
5  	2100  	5798.27    	1.13899e+06	0.202132	73974.6    	13.1186	49 	3  	9.61768
5  	2200  	4192.52    	1.13899e+06	0.202132	62678.6    	13.5439	49 	3  	10.0271
5  	2300  	611967     	2.75655e+08	0.115941	1.2937e+07 	13.8565	50 	1  	10.2977
6  	2400  	27.9172    	1810.07    	0.115941	164.59     	13.2162	55 	1  	9.65775
6  	2500  	618.008    	160138     	0.115941	9471.4     	13.2702	55 	1  	9.74269
6  	2600  	1074.89    	223898     	0.115941	13994      	13.4831	55 	1  	10.1039
6  	2700  	9789.42    	4.32185e+06	0.115941	196399     	13.5485	55 	1  	9.96386
7  	2800  	41.0578    	1883.69    	0.115941	222.537    	14.4097	52 	1  	10.1136
7  	2900  	74.6968    	3556.8     	0.115941	325.994    	14.2263	52 	1  	10.0307
7  	3000  	86.4952    	6085.74    	0.115941	418.981    	14.0726	53 	1  	10.1825
8  	3100  	49.5913    	7196.05    	0.115941	562.554    	13.8344	52 	5  	9.56878
8  	3200  	52.0549    	7196.05    	0.115941	460.387    	13.5133	52 	3  	9.47354
8  	3300  	50.9131    	7196.05    	0.115941	404.615    	14.2424	60 	3  	10.3403
8  	3400  	87.3185    	18325.8    	0.115941	923.731    	14.2397	60 	1  	10.1815
9  	3500  	17.8146    	850.772    	0.0486416	105.368    	13.4213	51 	1  	9.38841
9  	3600  	64.5799    	4617.64    	0.0486416	328.501    	13.6566	53 	1  	10.0318
9  	3700  	72.8282    	4617.64    	0.0486416	312.135    	13.5693	60 	1  	10.17  
9  	3800  	76.1123    	4617.64    	0.0486416	304.372    	13.6781	60 	1  	9.9482 
10 	3900  	611.053    	91870.9    	0.0486416	6694.05    	14.2863	60 	3  	10.1007
10 	4000  	459.606    	91870.9    	0.0486416	5610.77    	14.0599	60 	3  	9.98574
10 	4100  	386.741    	91870.9    	0.0486416	4929.57    	14.2834	60 	3  	10.2844
11 	4200  	9.67572    	1158.73    	0.0486416	92.301     	15.9202	60 	3  	11.0614
11 	4300  	48.3046    	4063.24    	0.0486416	299.256    	16.365 	64 	3  	11.8932
11 	4400  	70.4049    	4063.24    	0.0486416	346.459    	16.3554	71 	1  	12.0798
11 	4500  	92.5809    	5411.35    	0.0486416	451.849    	15.905 	71 	1  	11.8181
12 	4600  	10.2293    	1000.09    	0.115941 	76.4678    	15.4785	60 	2  	11.0536
12 	4700  	40.2626    	1737.34    	0.062397 	202.343    	15.5631	61 	2  	11.1547
12 	4800  	62.0879    	2203.32    	0.062397 	246.673    	15.4939	61 	2  	11.2365
13 	4900  	0.489361   	14.4944    	0.115941 	1.2568     	14.987 	60 	4  	10.6252
13 	5000  	44.2344    	1618.44    	0.115941 	214.191    	15.0787	60 	3  	10.8904
13 	5100  	65.2378    	1618.44    	0.115941 	255.215    	15.0226	60 	3  	10.7346
13 	5200  	75.3483    	5019.42    	0.115941 	335.457    	15.1211	62 	3  	11.0745
14 	5300  	36.7149    	1666.51    	0.115941 	191.214    	14.2553	62 	3  	9.44236
14 	5400  	7137.04    	2.04146e+06	0.115941 	120082     	14.2535	67 	1  	10.0063
14 	5500  	5696.8     	2.04146e+06	0.115941 	103721     	14.0438	67 	1  	9.83868
14 	5600  	4540.99    	2.04146e+06	0.115941 	92513.4    	14.4098	67 	1  	10.0977
15 	5700  	18.3052    	889.436    	0.15694  	85.5352    	13.5683	67 	3  	10.1029
15 	5800  	511948     	1.66942e+08	0.15694  	9.21776e+06	13.7462	67 	1  	10.0241
15 	5900  	392068     	1.66942e+08	0.15694  	8.06942e+06	13.7119	67 	1  	9.9089 
16 	6000  	25.7979    	2249.05    	0.15694  	203.353    	12.7313	44 	3  	6.85801
16 	6100  	55.996     	2249.05    	0.15694  	245.168    	13.0726	55 	2  	7.77014
16 	6200  	77.1572    	2706.73    	0.15694  	305.231    	13.0898	66 	1  	8.16325
16 	6300  	79.3294    	2706.73    	0.15694  	290.874    	13.0115	66 	1  	8.10941
17 	6400  	29.5737    	1271.55    	0.158136 	167.53     	13.6461	39 	3  	7.45575
17 	6500  	57.4209    	4179.97    	0.158136 	304.312    	13.4748	46 	3  	7.70297
17 	6600  	64.4262    	4179.97    	0.111455 	291.886    	13.5423	46 	2  	7.75413
17 	6700  	72.9706    	4179.97    	0.0688765	290.197    	13.2908	46 	1  	7.5341 
18 	6800  	94.3085    	4734.83    	0.0688765	430.419    	12.788 	41 	3  	6.81938
18 	6900  	79.068     	4734.83    	0.0688765	359.546    	13.2817	46 	3  	7.60038
18 	7000  	89.1561    	4734.83    	0.0688765	380.013    	13.5938	46 	3  	8.19245
18 	7100  	80.7805    	4734.83    	0.0688765	348.966    	13.8946	46 	1  	8.41703
19 	7200  	46.216     	1509.25    	0.0688765	204.819    	14.6736	46 	4  	8.50167
19 	7300  	53.7033    	1698.61    	0.0688765	212.758    	14.7758	46 	1  	8.96551
19 	7400  	63.2202    	1698.61    	0.0688765	226.982    	14.8269	51 	1  	9.1279 
20 	7500  	33.2521    	1384.3     	0.17234  	169.814    	14.4235	46 	1  	9.09347
20 	7600  	43.0116    	1384.3     	0.17234  	180.688    	14.8852	50 	1  	9.90537
20 	7700  	61.8473    	3599.22    	0.17234  	279.001    	14.4243	51 	1  	9.60073
20 	7800  	66.8227    	3599.22    	0.121492 	281.696    	14.5   	51 	1  	9.67663
21 	7900  	54.7873    	1391.78    	0.17234  	220.04     	14.9194	50 	1  	10.4423
21 	8000  	47.674     	1446.91    	0.17234  	208.657    	14.7413	54 	1  	10.2454
21 	8100  	55.8315    	1446.91    	0.17234  	218.28     	14.8005	55 	1  	10.2393
21 	8200  	61.6546    	2261.73    	0.17234  	240.984    	15.0885	55 	1  	10.3109
22 	8300  	43.5043    	1482.14    	0.105033 	188.207    	15.8981	53 	3  	10.8802
22 	8400  	64.7331    	2977.51    	0.105033 	268.15     	15.5759	64 	3  	11.0673
22 	8500  	73.7263    	3781.36    	0.105033 	309.872    	15.6154	64 	3  	11.1468
23 	8600  	4.05842    	497.678    	0.105033 	40.5145    	15.7667	76 	5  	10.86  
23 	8700  	20.4415    	1187.75    	0.105033 	109.814    	16.444 	76 	3  	11.7901
23 	8800  	44.5973    	3570.47    	0.105033 	250.873    	16.8086	76 	3  	12.15  
23 	8900  	56.5709    	3570.47    	0.101338 	259.866    	16.7956	76 	3  	12.1375
24 	9000  	11.3868    	724.246    	0.101338 	74.5147    	14.9185	62 	5  	10.0179
24 	9100  	35.5563    	1266.28    	0.101338 	159.564    	16.2359	72 	4  	12.0195
24 	9200  	55.2873    	3225.72    	0.101338 	244.143    	16.3255	72 	3  	12.2594
24 	9300  	70.9381    	3225.72    	0.101338 	262.266    	16.5909	72 	3  	12.1452
25 	9400  	41.4136    	1234.49    	0.105033 	165.389    	15.4308	62 	5  	11.5065
25 	9500  	82.9464    	3255.65    	0.105033 	331.951    	15.8203	74 	3  	12.2027
25 	9600  	80.0463    	3255.65    	0.105033 	306.071    	16.0152	77 	3  	12.523 
25 	9700  	84.4643    	3255.65    	0.105033 	300.33     	16.1051	77 	3  	12.2795
26 	9800  	36.1414    	1143.98    	0.105033 	170.667    	17.319 	77 	3  	13.6751
26 	9900  	43.6342    	1519.76    	0.105033 	186.351    	16.8516	80 	1  	13.2747
26 	10000 	58.301     	1519.76    	0.105033 	201.472    	17.1976	80 	1  	13.1603
Fin GP coef (keijzer_6 4)
Set compute mode to DEFAULT for GPU 0000:88:00.0.
All done.
Set compute mode to DEFAULT for GPU 0000:87:00.0.
All done.
Set compute mode to DEFAULT for GPU 0000:84:00.0.
All done.
Set compute mode to DEFAULT for GPU 0000:83:00.0.
All done.
Set compute mode to DEFAULT for GPU 0000:09:00.0.
All done.
Set compute mode to DEFAULT for GPU 0000:08:00.0.
All done.
Set compute mode to DEFAULT for GPU 0000:05:00.0.
All done.
Set compute mode to DEFAULT for GPU 0000:04:00.0.
All done.
