Debut GP coef (boston 1)
   	      	          fitness          	              size             
   	      	---------------------------	-------------------------------
gen	nevals	avg	max	min	std	avg  	max	min	std    
0  	100   	nan	nan	nan	nan	8.405	49 	2  	9.05213
0  	200   	nan	nan	nan	nan	8.27286	49 	2  	8.88891
0  	300   	nan	nan	nan	nan	8.2225 	49 	2  	8.83448
0  	400   	nan	nan	nan	nan	8.34778	49 	2  	9.04029
0  	500   	nan	nan	nan	nan	8.292  	49 	2  	8.85905
1  	600   	nan	nan	nan	nan	6      	40 	1  	5.15042
1  	700   	nan	nan	nan	nan	5.88272	40 	1  	4.878  
1  	800   	nan	nan	nan	nan	5.88443	40 	1  	5.11411
2  	900   	nan	nan	nan	nan	7.00633	19 	2  	4.88021
2  	1000  	nan	nan	nan	nan	6.75581	19 	1  	4.67536
2  	1100  	nan	nan	nan	nan	6.75419	38 	1  	4.87049
2  	1200  	nan	nan	nan	nan	6.77293	38 	1  	4.86283
3  	1300  	93.6882	550.637	29.6209	79.8962	8.10448	23 	2  	4.65144
3  	1400  	nan    	nan    	nan    	nan    	8.26578	23 	1  	4.71892
3  	1500  	nan    	nan    	nan    	nan    	8.22943	23 	1  	4.68214
4  	1600  	52.6008	96.5339	35.4111	10.1721	9.20833	17 	3  	3.94383
4  	1700  	nan    	nan    	nan    	nan    	9.26639	22 	3  	4.20269
4  	1800  	nan    	nan    	nan    	nan    	9.18605	22 	1  	4.17777
4  	1900  	nan    	nan    	nan    	nan    	9.27703	22 	1  	4.17385
5  	2000  	60.9015	546.974	26.3249	69.0252	10.4972	22 	1  	3.89294
5  	2100  	185.351	17150.2	26.3249	1226.99	10.4946	22 	1  	4.10601
5  	2200  	210.837	17150.2	26.3249	1268.97	10.6438	22 	1  	4.19162
5  	2300  	274.041	29745.1	26.3249	1793.02	10.6555	22 	1  	4.20512
6  	2400  	479.728	83162.9	24.2947	5763.62	11.3961	22 	3  	3.74908
6  	2500  	688.797	83162.9	24.2947	6448.17	11.329 	24 	3  	3.93256
6  	2600  	563.507	83162.9	24.2947	5608.43	11.3145	34 	3  	4.3382 
7  	2700  	50.9053	2247.02	24.2947	177.764	12.2201	22 	3  	3.7662 
7  	2800  	1886.77	465599 	24.2947	28870.3	11.9807	31 	3  	4.24214
7  	2900  	13931.7	4.48093e+06	22.2803	237360 	11.9944	31 	3  	4.20041
7  	3000  	10942.3	4.48093e+06	22.2803	209994 	12.1285	31 	3  	4.34849
8  	3100  	6142.16	1.1432e+06 	22.2803	83150  	12.9096	25 	4  	3.98232
8  	3200  	4081.09	1.1432e+06 	22.2803	67241.1	13.059 	32 	3  	4.46281
8  	3300  	3.01567e+14	1.17008e+17	22.2803	5.93252e+15	13.1057	32 	3  	4.51534
8  	3400  	2.39771e+14	1.17008e+17	22.2803	5.29128e+15	13.1639	32 	3  	4.5428 
9  	3500  	119.15     	8741.45    	22.2803	609.922    	13.7802	28 	3  	4.40013
9  	3600  	523683     	1.73783e+08	21.8592	9.52317e+06	13.8373	32 	3  	4.87037
9  	3700  	471331     	1.73783e+08	21.8592	8.46223e+06	13.8148	32 	1  	4.85989
10 	3800  	31.734     	207.595    	21.8592	19.0937    	14.7267	28 	7  	4.16878
10 	3900  	44.3411    	556.667    	21.8592	55.5963    	14.6092	28 	5  	4.18542
10 	4000  	195.995    	45022.4    	21.8592	2374.2     	14.5845	28 	3  	4.42158
10 	4100  	179.796    	45022.4    	21.8592	2106.65    	14.5163	33 	1  	4.50045
11 	4200  	978.019    	139863     	21.8592	10441.6    	15.9312	28 	5  	4.48519
11 	4300  	770.627    	139863     	21.4613	8535.09    	15.4291	32 	1  	4.63505
11 	4400  	640.139    	139863     	21.4613	7397.44    	15.4524	34 	1  	4.82665
11 	4500  	534.882    	139863     	21.4613	6604.77    	15.3599	34 	1  	4.89369
12 	4600  	82.4658    	7667.6     	21.4613	522.701    	16.2557	31 	5  	4.58789
12 	4700  	24504.8    	7.78623e+06	21.4613	435256     	16.2288	35 	1  	4.68048
12 	4800  	18700.7    	7.78623e+06	21.4613	379923     	16.0955	35 	1  	4.68027
13 	4900  	129.912    	11816.9    	21.4613	1002.95    	16.4214	30 	9  	3.86388
13 	5000  	108.331    	11816.9    	21.4613	770.63     	16.5333	32 	3  	4.6716 
13 	5100  	295.662    	62136.2    	21.4613	3427.62    	16.4853	37 	3  	4.85463
13 	5200  	18019.3    	6.86331e+06	21.4613	328096     	16.5705	37 	3  	5.03122
14 	5300  	641.037    	100706     	21.4613	7790.29    	16.6867	32 	7  	4.39174
14 	5400  	580.003    	100706     	21.2209	6483.57    	16.9962	36 	6  	5.01913
14 	5500  	441.684    	100706     	20.9902	5532.19    	17.0109	53 	3  	5.53774
14 	5600  	992.191    	255280     	20.9902	12862.5    	16.8047	53 	3  	5.31199
15 	5700  	576.901    	114244     	20.9902	7770.61    	17.5953	48 	3  	5.38637
15 	5800  	7835.8     	2.33614e+06	20.9902	131551     	17.3651	48 	3  	5.4665 
15 	5900  	6040.95    	2.33614e+06	20.9902	114660     	17.4554	50 	1  	6.03462
16 	6000  	8808.01    	1.26042e+06	20.1143	104665     	17.7292	34 	9  	4.37832
16 	6100  	5312.28    	1.26042e+06	20.1143	80524.2    	17.5656	36 	7  	4.6834 
16 	6200  	5449.97    	1.26042e+06	20.1143	73926.9    	17.5291	36 	5  	5.11942
16 	6300  	4304.94    	1.26042e+06	20.1143	65112.5    	17.5203	38 	5  	5.35304
17 	6400  	104.616    	13350.1    	20.1143	953.166    	17.2615	33 	7  	4.22669
17 	6500  	336.153    	67419.5    	20.1143	3998.68    	17.3492	37 	7  	4.69151
17 	6600  	311.567    	67419.5    	20.1143	3501.52    	17.3519	46 	7  	5.1455 
17 	6700  	118484     	5.76065e+07	20.1143	2.58684e+06	17.3414	46 	5  	5.19466
18 	6800  	126.87     	11101      	20.2945	848.246    	17.8205	37 	7  	5.7276 
18 	6900  	493.047    	87760.9    	20.2945	5292.87    	17.9461	40 	7  	5.85274
18 	7000  	431.231    	87760.9    	20.2945	4704.11    	17.9309	40 	1  	5.73732
19 	7100  	43.9501    	1023.29    	20.6888	103.859    	19.073 	40 	1  	6.72161
19 	7200  	991.813    	251684     	20.34  	15071.8    	19.2734	57 	1  	7.91711
19 	7300  	1021.08    	251684     	20.34  	13622.9    	19.2989	57 	1  	8.08081
19 	7400  	6228.81    	2.58447e+06	20.34  	118670     	19.0377	57 	1  	7.62584
20 	7500  	6921.17    	1.44837e+06	20.6888	99470.2    	19.0521	57 	1  	6.61122
20 	7600  	2.49254e+07	7.7481e+09 	19.8706	4.38647e+08	19.5949	61 	1  	7.74865
20 	7700  	1.88612e+07	7.7481e+09 	19.8706	3.8172e+08 	19.3796	61 	1  	7.5935 
21 	7800  	25.3678    	252.648    	19.8706	21.5725    	18.5407	41 	9  	5.19795
21 	7900  	68.2768    	4499.84    	19.8706	306.52     	19.2723	59 	9  	7.19295
21 	8000  	299.037    	47780.2    	19.8706	3019.49    	19.0836	59 	1  	7.10763
21 	8100  	243.636    	47780.2    	19.8706	2652.02    	19.2322	59 	1  	7.06189
22 	8200  	1339.89    	223082     	19.8706	17057.1    	19.2353	42 	9  	5.61332
22 	8300  	953.082    	223082     	19.8706	13601      	19.0852	42 	1  	6.08795
22 	8400  	2407.38    	538374     	19.8706	30570.2    	19.1378	42 	1  	6.40016
22 	8500  	223795     	1.04083e+08	19.8706	4.79585e+06	19.3979	52 	1  	6.92553
23 	8600  	39.7247    	513.959    	19.8706	66.0318    	19.8079	44 	9  	6.4432 
23 	8700  	18906.5    	3.17273e+06	19.8706	205420     	19.4686	50 	3  	6.98075
23 	8800  	16213.9    	3.17273e+06	19.8706	181593     	19.1762	50 	3  	7.28956
24 	8900  	25.5071    	506.083    	19.9129	41.1663    	18.1884	42 	13 	3.98648
24 	9000  	46.966     	556.794    	19.9129	80.8927    	18.8109	44 	9  	6.07533
24 	9100  	61.5403    	3545.54    	19.9129	207.086    	18.5828	44 	2  	6.20321
24 	9200  	66.6463    	3545.54    	19.9129	191.686    	18.758 	54 	2  	6.69839
25 	9300  	6800.2     	943304     	19.9129	70872.4    	19.3147	47 	6  	6.42034
25 	9400  	4532.78    	943304     	19.9129	57808.5    	19.1549	48 	1  	6.73422
25 	9500  	3958.33    	943304     	19.9129	51177.2    	19.2368	52 	1  	6.95211
25 	9600  	3179.02    	943304     	19.9129	45766.2    	19.2636	52 	1  	6.97949
26 	9700  	524882     	1.21236e+08	19.9129	7.95949e+06	18.4762	42 	9  	5.31828
26 	9800  	461188     	1.21236e+08	19.9129	6.86555e+06	18.997 	47 	5  	6.34625
26 	9900  	354401     	1.21236e+08	19.9129	6.01973e+06	19.2529	50 	5  	6.74828
27 	10000 	1862.74    	324112     	19.9129	24290.5    	20.0791	46 	9  	6.55136
27 	10100 	163323     	4.48937e+07	19.9129	2.69252e+06	19.0722	46 	1  	6.16048
27 	10200 	158705     	4.48937e+07	19.5372	2.42576e+06	19.4987	50 	1  	7.12046
27 	10300 	125492     	4.48937e+07	19.5372	2.15751e+06	19.3145	50 	1  	7.24168
Fin GP coef (boston 1)
Set compute mode to DEFAULT for GPU 0000:87:00.0.
All done.
Set compute mode to DEFAULT for GPU 0000:84:00.0.
All done.
Set compute mode to DEFAULT for GPU 0000:83:00.0.
All done.
Set compute mode to DEFAULT for GPU 0000:09:00.0.
All done.
Set compute mode to DEFAULT for GPU 0000:08:00.0.
All done.
Set compute mode to DEFAULT for GPU 0000:05:00.0.
All done.
