Debut GP coef (boston 1)
   	      	                  fitness                  	              size             
   	      	-------------------------------------------	-------------------------------
gen	nevals	avg    	max        	min    	std        	avg  	max	min	std    
0  	500   	77476.9	2.75702e+07	53.5206	1.24855e+06	7.588	46 	2  	8.19526
1  	866   	573.427	143978     	36.8366	6448.32    	8.686	40 	2  	8.88186
2  	1241  	333.98 	22809.1    	36.8366	1617.75    	8.442	43 	1  	8.35288
3  	1598  	170.716	17487      	34.4076	798.053    	7.23 	44 	1  	6.87031
4  	1973  	132.483	11558.1    	33.7891	582.483    	5.826	26 	1  	3.91711
5  	2331  	365.004	99937      	27.2642	4610.19    	5.642	17 	1  	3.50169
6  	2687  	256477 	1.27835e+08	28.0554	5.71123e+06	6.316	19 	2  	3.43804
7  	3062  	488491 	2.43517e+08	27.373 	1.08795e+07	8.51 	23 	1  	4.06914
8  	3433  	1778.87	817040     	26.6988	36532.1    	11.192	26 	1  	4.66252
9  	3778  	134.233	19611.7    	25.9575	1036.96    	13.584	33 	2  	5.28157
10 	4160  	661.508	258240     	25.9575	11584.8    	15.378	39 	2  	5.96717
11 	4536  	550.377	185298     	24.7995	8510.71    	15.57 	45 	1  	5.82556
12 	4898  	38487.1	1.92047e+07	24.7995	857995     	16.348	45 	1  	6.10925
13 	5261  	2559.07	848905     	23.9338	39476.2    	17.05 	44 	1  	6.57385
14 	5651  	57125.1	2.18485e+07	23.3215	990846     	17.84 	49 	1  	6.67551
15 	5995  	84677.8	2.80217e+07	23.126 	1.31085e+06	18.862	49 	1  	7.33587
16 	6348  	188429 	8.20797e+07	22.6973	3.67071e+06	18.836	50 	3  	7.47991
17 	6707  	36711.3	5.39638e+06	22.5005	397046     	18.836	51 	1  	7.79545
18 	7075  	526876 	1.85332e+08	21.2591	8.45441e+06	18.572	50 	1  	7.67547
19 	7443  	322644 	4.64262e+07	21.2591	3.11563e+06	18.44 	52 	1  	7.84235
20 	7802  	358778 	1.54135e+08	21.2591	6.895e+06  	17.882	59 	1  	8.04214
21 	8169  	50538  	8.20942e+06	20.9012	418785     	18.118	59 	3  	8.21901
22 	8540  	71747.3	6.90672e+06	21.2591	478346     	18.508	57 	3  	8.60128
23 	8923  	242003 	3.83441e+07	21.2591	2.4683e+06 	18.226	57 	1  	8.20018
24 	9283  	202149 	2.19753e+07	21.2591	1.48122e+06	18.994	53 	1  	8.62543
25 	9664  	641413 	2.59198e+08	21.2591	1.17934e+07	18.904	51 	1  	8.27302
26 	10035 	867750 	1.93173e+08	21.2591	1.12335e+07	19.416	58 	3  	9.37971
Fin GP coef (boston 1)
Set compute mode to DEFAULT for GPU 0000:88:00.0.
All done.
Set compute mode to DEFAULT for GPU 0000:87:00.0.
All done.
Set compute mode to DEFAULT for GPU 0000:84:00.0.
All done.
Set compute mode to DEFAULT for GPU 0000:83:00.0.
All done.
Set compute mode to DEFAULT for GPU 0000:09:00.0.
All done.
Set compute mode to DEFAULT for GPU 0000:08:00.0.
All done.
