/home/thpar33/.bashrc: line 4: module: command not found
/home/thpar33/.bashrc: line 5: module: command not found
/home/thpar33/.bashrc: line 6: module: command not found

The following have been reloaded with a version change:
  1) compilers/gcc/4.8 => compilers/gcc/4.8.5


Inactive Modules:
  1) mpi/openmpi/1.8.7

The following have been reloaded with a version change:
  1) cuda/6.0.37 => cuda/7.5.18

I tensorflow/stream_executor/dso_loader.cc:108] successfully opened CUDA library libcublas.so.7.5 locally
I tensorflow/stream_executor/dso_loader.cc:108] successfully opened CUDA library libcudnn.so.5 locally
I tensorflow/stream_executor/dso_loader.cc:108] successfully opened CUDA library libcufft.so.7.5 locally
I tensorflow/stream_executor/dso_loader.cc:108] successfully opened CUDA library libcuda.so locally
I tensorflow/stream_executor/dso_loader.cc:108] successfully opened CUDA library libcurand.so.7.5 locally
I tensorflow/core/common_runtime/gpu/gpu_init.cc:102] Found device 0 with properties: 
name: Tesla K20m
major: 3 minor: 5 memoryClockRate (GHz) 0.7055
pciBusID 0000:08:00.0
Total memory: 4.69GiB
Free memory: 4.61GiB
W tensorflow/stream_executor/cuda/cuda_driver.cc:572] creating context when one is currently active; existing: 0x343bf60
I tensorflow/core/common_runtime/gpu/gpu_init.cc:102] Found device 1 with properties: 
name: Tesla K20m
major: 3 minor: 5 memoryClockRate (GHz) 0.7055
pciBusID 0000:83:00.0
Total memory: 4.69GiB
Free memory: 4.61GiB
I tensorflow/core/common_runtime/gpu/gpu_init.cc:59] cannot enable peer access from device ordinal 0 to device ordinal 1
I tensorflow/core/common_runtime/gpu/gpu_init.cc:59] cannot enable peer access from device ordinal 1 to device ordinal 0
I tensorflow/core/common_runtime/gpu/gpu_init.cc:126] DMA: 0 1 
I tensorflow/core/common_runtime/gpu/gpu_init.cc:136] 0:   Y N 
I tensorflow/core/common_runtime/gpu/gpu_init.cc:136] 1:   N Y 
I tensorflow/core/common_runtime/gpu/gpu_device.cc:806] Creating TensorFlow device (/gpu:0) -> (device: 0, name: Tesla K20m, pci bus id: 0000:08:00.0)
I tensorflow/core/common_runtime/gpu/gpu_device.cc:806] Creating TensorFlow device (/gpu:1) -> (device: 1, name: Tesla K20m, pci bus id: 0000:83:00.0)
I tensorflow/core/common_runtime/gpu/gpu_device.cc:806] Creating TensorFlow device (/gpu:0) -> (device: 0, name: Tesla K20m, pci bus id: 0000:08:00.0)
I tensorflow/core/common_runtime/gpu/gpu_device.cc:806] Creating TensorFlow device (/gpu:1) -> (device: 1, name: Tesla K20m, pci bus id: 0000:83:00.0)
I tensorflow/core/common_runtime/gpu/gpu_device.cc:806] Creating TensorFlow device (/gpu:0) -> (device: 0, name: Tesla K20m, pci bus id: 0000:08:00.0)
I tensorflow/core/common_runtime/gpu/gpu_device.cc:806] Creating TensorFlow device (/gpu:1) -> (device: 1, name: Tesla K20m, pci bus id: 0000:83:00.0)
I tensorflow/core/common_runtime/gpu/gpu_device.cc:806] Creating TensorFlow device (/gpu:0) -> (device: 0, name: Tesla K20m, pci bus id: 0000:08:00.0)
I tensorflow/core/common_runtime/gpu/gpu_device.cc:806] Creating TensorFlow device (/gpu:1) -> (device: 1, name: Tesla K20m, pci bus id: 0000:83:00.0)
I tensorflow/core/common_runtime/gpu/gpu_device.cc:806] Creating TensorFlow device (/gpu:0) -> (device: 0, name: Tesla K20m, pci bus id: 0000:08:00.0)
I tensorflow/core/common_runtime/gpu/gpu_device.cc:806] Creating TensorFlow device (/gpu:1) -> (device: 1, name: Tesla K20m, pci bus id: 0000:83:00.0)
I tensorflow/core/common_runtime/gpu/gpu_device.cc:806] Creating TensorFlow device (/gpu:0) -> (device: 0, name: Tesla K20m, pci bus id: 0000:08:00.0)
I tensorflow/core/common_runtime/gpu/gpu_device.cc:806] Creating TensorFlow device (/gpu:1) -> (device: 1, name: Tesla K20m, pci bus id: 0000:83:00.0)
I tensorflow/core/common_runtime/gpu/gpu_device.cc:806] Creating TensorFlow device (/gpu:0) -> (device: 0, name: Tesla K20m, pci bus id: 0000:08:00.0)
I tensorflow/core/common_runtime/gpu/gpu_device.cc:806] Creating TensorFlow device (/gpu:1) -> (device: 1, name: Tesla K20m, pci bus id: 0000:83:00.0)
I tensorflow/core/common_runtime/gpu/gpu_device.cc:806] Creating TensorFlow device (/gpu:0) -> (device: 0, name: Tesla K20m, pci bus id: 0000:08:00.0)
I tensorflow/core/common_runtime/gpu/gpu_device.cc:806] Creating TensorFlow device (/gpu:1) -> (device: 1, name: Tesla K20m, pci bus id: 0000:83:00.0)
I tensorflow/core/common_runtime/gpu/gpu_device.cc:806] Creating TensorFlow device (/gpu:0) -> (device: 0, name: Tesla K20m, pci bus id: 0000:08:00.0)
I tensorflow/core/common_runtime/gpu/gpu_device.cc:806] Creating TensorFlow device (/gpu:1) -> (device: 1, name: Tesla K20m, pci bus id: 0000:83:00.0)
I tensorflow/core/common_runtime/gpu/gpu_device.cc:806] Creating TensorFlow device (/gpu:0) -> (device: 0, name: Tesla K20m, pci bus id: 0000:08:00.0)
I tensorflow/core/common_runtime/gpu/gpu_device.cc:806] Creating TensorFlow device (/gpu:1) -> (device: 1, name: Tesla K20m, pci bus id: 0000:83:00.0)
I tensorflow/core/common_runtime/gpu/gpu_device.cc:806] Creating TensorFlow device (/gpu:0) -> (device: 0, name: Tesla K20m, pci bus id: 0000:08:00.0)
I tensorflow/core/common_runtime/gpu/gpu_device.cc:806] Creating TensorFlow device (/gpu:1) -> (device: 1, name: Tesla K20m, pci bus id: 0000:83:00.0)
I tensorflow/core/common_runtime/gpu/gpu_device.cc:806] Creating TensorFlow device (/gpu:0) -> (device: 0, name: Tesla K20m, pci bus id: 0000:08:00.0)
I tensorflow/core/common_runtime/gpu/gpu_device.cc:806] Creating TensorFlow device (/gpu:1) -> (device: 1, name: Tesla K20m, pci bus id: 0000:83:00.0)
I tensorflow/core/common_runtime/gpu/gpu_device.cc:806] Creating TensorFlow device (/gpu:0) -> (device: 0, name: Tesla K20m, pci bus id: 0000:08:00.0)
I tensorflow/core/common_runtime/gpu/gpu_device.cc:806] Creating TensorFlow device (/gpu:1) -> (device: 1, name: Tesla K20m, pci bus id: 0000:83:00.0)
I tensorflow/core/common_runtime/gpu/gpu_device.cc:806] Creating TensorFlow device (/gpu:0) -> (device: 0, name: Tesla K20m, pci bus id: 0000:08:00.0)
I tensorflow/core/common_runtime/gpu/gpu_device.cc:806] Creating TensorFlow device (/gpu:1) -> (device: 1, name: Tesla K20m, pci bus id: 0000:83:00.0)
I tensorflow/core/common_runtime/gpu/gpu_device.cc:806] Creating TensorFlow device (/gpu:0) -> (device: 0, name: Tesla K20m, pci bus id: 0000:08:00.0)
I tensorflow/core/common_runtime/gpu/gpu_device.cc:806] Creating TensorFlow device (/gpu:1) -> (device: 1, name: Tesla K20m, pci bus id: 0000:83:00.0)
I tensorflow/core/common_runtime/gpu/gpu_device.cc:806] Creating TensorFlow device (/gpu:0) -> (device: 0, name: Tesla K20m, pci bus id: 0000:08:00.0)
I tensorflow/core/common_runtime/gpu/gpu_device.cc:806] Creating TensorFlow device (/gpu:1) -> (device: 1, name: Tesla K20m, pci bus id: 0000:83:00.0)
I tensorflow/core/common_runtime/gpu/gpu_device.cc:806] Creating TensorFlow device (/gpu:0) -> (device: 0, name: Tesla K20m, pci bus id: 0000:08:00.0)
I tensorflow/core/common_runtime/gpu/gpu_device.cc:806] Creating TensorFlow device (/gpu:1) -> (device: 1, name: Tesla K20m, pci bus id: 0000:83:00.0)
I tensorflow/core/common_runtime/gpu/gpu_device.cc:806] Creating TensorFlow device (/gpu:0) -> (device: 0, name: Tesla K20m, pci bus id: 0000:08:00.0)
I tensorflow/core/common_runtime/gpu/gpu_device.cc:806] Creating TensorFlow device (/gpu:1) -> (device: 1, name: Tesla K20m, pci bus id: 0000:83:00.0)
I tensorflow/core/common_runtime/gpu/gpu_device.cc:806] Creating TensorFlow device (/gpu:0) -> (device: 0, name: Tesla K20m, pci bus id: 0000:08:00.0)
I tensorflow/core/common_runtime/gpu/gpu_device.cc:806] Creating TensorFlow device (/gpu:1) -> (device: 1, name: Tesla K20m, pci bus id: 0000:83:00.0)
I tensorflow/core/common_runtime/gpu/gpu_device.cc:806] Creating TensorFlow device (/gpu:0) -> (device: 0, name: Tesla K20m, pci bus id: 0000:08:00.0)
I tensorflow/core/common_runtime/gpu/gpu_device.cc:806] Creating TensorFlow device (/gpu:1) -> (device: 1, name: Tesla K20m, pci bus id: 0000:83:00.0)
I tensorflow/core/common_runtime/gpu/gpu_device.cc:806] Creating TensorFlow device (/gpu:0) -> (device: 0, name: Tesla K20m, pci bus id: 0000:08:00.0)
I tensorflow/core/common_runtime/gpu/gpu_device.cc:806] Creating TensorFlow device (/gpu:1) -> (device: 1, name: Tesla K20m, pci bus id: 0000:83:00.0)
I tensorflow/core/common_runtime/gpu/gpu_device.cc:806] Creating TensorFlow device (/gpu:0) -> (device: 0, name: Tesla K20m, pci bus id: 0000:08:00.0)
I tensorflow/core/common_runtime/gpu/gpu_device.cc:806] Creating TensorFlow device (/gpu:1) -> (device: 1, name: Tesla K20m, pci bus id: 0000:83:00.0)
I tensorflow/core/common_runtime/gpu/gpu_device.cc:806] Creating TensorFlow device (/gpu:0) -> (device: 0, name: Tesla K20m, pci bus id: 0000:08:00.0)
I tensorflow/core/common_runtime/gpu/gpu_device.cc:806] Creating TensorFlow device (/gpu:1) -> (device: 1, name: Tesla K20m, pci bus id: 0000:83:00.0)
I tensorflow/core/common_runtime/gpu/gpu_device.cc:806] Creating TensorFlow device (/gpu:0) -> (device: 0, name: Tesla K20m, pci bus id: 0000:08:00.0)
I tensorflow/core/common_runtime/gpu/gpu_device.cc:806] Creating TensorFlow device (/gpu:1) -> (device: 1, name: Tesla K20m, pci bus id: 0000:83:00.0)
I tensorflow/core/common_runtime/gpu/gpu_device.cc:806] Creating TensorFlow device (/gpu:0) -> (device: 0, name: Tesla K20m, pci bus id: 0000:08:00.0)
I tensorflow/core/common_runtime/gpu/gpu_device.cc:806] Creating TensorFlow device (/gpu:1) -> (device: 1, name: Tesla K20m, pci bus id: 0000:83:00.0)
I tensorflow/core/common_runtime/gpu/gpu_device.cc:806] Creating TensorFlow device (/gpu:0) -> (device: 0, name: Tesla K20m, pci bus id: 0000:08:00.0)
I tensorflow/core/common_runtime/gpu/gpu_device.cc:806] Creating TensorFlow device (/gpu:1) -> (device: 1, name: Tesla K20m, pci bus id: 0000:83:00.0)
I tensorflow/core/common_runtime/gpu/gpu_device.cc:806] Creating TensorFlow device (/gpu:0) -> (device: 0, name: Tesla K20m, pci bus id: 0000:08:00.0)
I tensorflow/core/common_runtime/gpu/gpu_device.cc:806] Creating TensorFlow device (/gpu:1) -> (device: 1, name: Tesla K20m, pci bus id: 0000:83:00.0)
I tensorflow/core/common_runtime/gpu/gpu_device.cc:806] Creating TensorFlow device (/gpu:0) -> (device: 0, name: Tesla K20m, pci bus id: 0000:08:00.0)
I tensorflow/core/common_runtime/gpu/gpu_device.cc:806] Creating TensorFlow device (/gpu:1) -> (device: 1, name: Tesla K20m, pci bus id: 0000:83:00.0)
I tensorflow/core/common_runtime/gpu/gpu_device.cc:806] Creating TensorFlow device (/gpu:0) -> (device: 0, name: Tesla K20m, pci bus id: 0000:08:00.0)
I tensorflow/core/common_runtime/gpu/gpu_device.cc:806] Creating TensorFlow device (/gpu:1) -> (device: 1, name: Tesla K20m, pci bus id: 0000:83:00.0)
I tensorflow/core/common_runtime/gpu/gpu_device.cc:806] Creating TensorFlow device (/gpu:0) -> (device: 0, name: Tesla K20m, pci bus id: 0000:08:00.0)
I tensorflow/core/common_runtime/gpu/gpu_device.cc:806] Creating TensorFlow device (/gpu:1) -> (device: 1, name: Tesla K20m, pci bus id: 0000:83:00.0)
I tensorflow/core/common_runtime/gpu/gpu_device.cc:806] Creating TensorFlow device (/gpu:0) -> (device: 0, name: Tesla K20m, pci bus id: 0000:08:00.0)
I tensorflow/core/common_runtime/gpu/gpu_device.cc:806] Creating TensorFlow device (/gpu:1) -> (device: 1, name: Tesla K20m, pci bus id: 0000:83:00.0)
I tensorflow/core/common_runtime/gpu/gpu_device.cc:806] Creating TensorFlow device (/gpu:0) -> (device: 0, name: Tesla K20m, pci bus id: 0000:08:00.0)
I tensorflow/core/common_runtime/gpu/gpu_device.cc:806] Creating TensorFlow device (/gpu:1) -> (device: 1, name: Tesla K20m, pci bus id: 0000:83:00.0)
I tensorflow/core/common_runtime/gpu/gpu_device.cc:806] Creating TensorFlow device (/gpu:0) -> (device: 0, name: Tesla K20m, pci bus id: 0000:08:00.0)
I tensorflow/core/common_runtime/gpu/gpu_device.cc:806] Creating TensorFlow device (/gpu:1) -> (device: 1, name: Tesla K20m, pci bus id: 0000:83:00.0)
I tensorflow/core/common_runtime/gpu/gpu_device.cc:806] Creating TensorFlow device (/gpu:0) -> (device: 0, name: Tesla K20m, pci bus id: 0000:08:00.0)
I tensorflow/core/common_runtime/gpu/gpu_device.cc:806] Creating TensorFlow device (/gpu:1) -> (device: 1, name: Tesla K20m, pci bus id: 0000:83:00.0)
I tensorflow/core/common_runtime/gpu/gpu_device.cc:806] Creating TensorFlow device (/gpu:0) -> (device: 0, name: Tesla K20m, pci bus id: 0000:08:00.0)
I tensorflow/core/common_runtime/gpu/gpu_device.cc:806] Creating TensorFlow device (/gpu:1) -> (device: 1, name: Tesla K20m, pci bus id: 0000:83:00.0)
I tensorflow/core/common_runtime/gpu/gpu_device.cc:806] Creating TensorFlow device (/gpu:0) -> (device: 0, name: Tesla K20m, pci bus id: 0000:08:00.0)
I tensorflow/core/common_runtime/gpu/gpu_device.cc:806] Creating TensorFlow device (/gpu:1) -> (device: 1, name: Tesla K20m, pci bus id: 0000:83:00.0)
I tensorflow/core/common_runtime/gpu/gpu_device.cc:806] Creating TensorFlow device (/gpu:0) -> (device: 0, name: Tesla K20m, pci bus id: 0000:08:00.0)
I tensorflow/core/common_runtime/gpu/gpu_device.cc:806] Creating TensorFlow device (/gpu:1) -> (device: 1, name: Tesla K20m, pci bus id: 0000:83:00.0)
I tensorflow/core/common_runtime/gpu/gpu_device.cc:806] Creating TensorFlow device (/gpu:0) -> (device: 0, name: Tesla K20m, pci bus id: 0000:08:00.0)
I tensorflow/core/common_runtime/gpu/gpu_device.cc:806] Creating TensorFlow device (/gpu:1) -> (device: 1, name: Tesla K20m, pci bus id: 0000:83:00.0)
I tensorflow/core/common_runtime/gpu/gpu_device.cc:806] Creating TensorFlow device (/gpu:0) -> (device: 0, name: Tesla K20m, pci bus id: 0000:08:00.0)
I tensorflow/core/common_runtime/gpu/gpu_device.cc:806] Creating TensorFlow device (/gpu:1) -> (device: 1, name: Tesla K20m, pci bus id: 0000:83:00.0)
I tensorflow/core/common_runtime/gpu/gpu_device.cc:806] Creating TensorFlow device (/gpu:0) -> (device: 0, name: Tesla K20m, pci bus id: 0000:08:00.0)
I tensorflow/core/common_runtime/gpu/gpu_device.cc:806] Creating TensorFlow device (/gpu:1) -> (device: 1, name: Tesla K20m, pci bus id: 0000:83:00.0)
I tensorflow/core/common_runtime/gpu/gpu_device.cc:806] Creating TensorFlow device (/gpu:0) -> (device: 0, name: Tesla K20m, pci bus id: 0000:08:00.0)
I tensorflow/core/common_runtime/gpu/gpu_device.cc:806] Creating TensorFlow device (/gpu:1) -> (device: 1, name: Tesla K20m, pci bus id: 0000:83:00.0)
I tensorflow/core/common_runtime/gpu/gpu_device.cc:806] Creating TensorFlow device (/gpu:0) -> (device: 0, name: Tesla K20m, pci bus id: 0000:08:00.0)
I tensorflow/core/common_runtime/gpu/gpu_device.cc:806] Creating TensorFlow device (/gpu:1) -> (device: 1, name: Tesla K20m, pci bus id: 0000:83:00.0)
I tensorflow/core/common_runtime/gpu/gpu_device.cc:806] Creating TensorFlow device (/gpu:0) -> (device: 0, name: Tesla K20m, pci bus id: 0000:08:00.0)
I tensorflow/core/common_runtime/gpu/gpu_device.cc:806] Creating TensorFlow device (/gpu:1) -> (device: 1, name: Tesla K20m, pci bus id: 0000:83:00.0)
I tensorflow/core/common_runtime/gpu/gpu_device.cc:806] Creating TensorFlow device (/gpu:0) -> (device: 0, name: Tesla K20m, pci bus id: 0000:08:00.0)
I tensorflow/core/common_runtime/gpu/gpu_device.cc:806] Creating TensorFlow device (/gpu:1) -> (device: 1, name: Tesla K20m, pci bus id: 0000:83:00.0)
I tensorflow/core/common_runtime/gpu/gpu_device.cc:806] Creating TensorFlow device (/gpu:0) -> (device: 0, name: Tesla K20m, pci bus id: 0000:08:00.0)
I tensorflow/core/common_runtime/gpu/gpu_device.cc:806] Creating TensorFlow device (/gpu:1) -> (device: 1, name: Tesla K20m, pci bus id: 0000:83:00.0)
I tensorflow/core/common_runtime/gpu/gpu_device.cc:806] Creating TensorFlow device (/gpu:0) -> (device: 0, name: Tesla K20m, pci bus id: 0000:08:00.0)
I tensorflow/core/common_runtime/gpu/gpu_device.cc:806] Creating TensorFlow device (/gpu:1) -> (device: 1, name: Tesla K20m, pci bus id: 0000:83:00.0)
I tensorflow/core/common_runtime/gpu/gpu_device.cc:806] Creating TensorFlow device (/gpu:0) -> (device: 0, name: Tesla K20m, pci bus id: 0000:08:00.0)
I tensorflow/core/common_runtime/gpu/gpu_device.cc:806] Creating TensorFlow device (/gpu:1) -> (device: 1, name: Tesla K20m, pci bus id: 0000:83:00.0)
I tensorflow/core/common_runtime/gpu/gpu_device.cc:806] Creating TensorFlow device (/gpu:0) -> (device: 0, name: Tesla K20m, pci bus id: 0000:08:00.0)
I tensorflow/core/common_runtime/gpu/gpu_device.cc:806] Creating TensorFlow device (/gpu:1) -> (device: 1, name: Tesla K20m, pci bus id: 0000:83:00.0)
I tensorflow/core/common_runtime/gpu/gpu_device.cc:806] Creating TensorFlow device (/gpu:0) -> (device: 0, name: Tesla K20m, pci bus id: 0000:08:00.0)
I tensorflow/core/common_runtime/gpu/gpu_device.cc:806] Creating TensorFlow device (/gpu:1) -> (device: 1, name: Tesla K20m, pci bus id: 0000:83:00.0)
I tensorflow/core/common_runtime/gpu/gpu_device.cc:806] Creating TensorFlow device (/gpu:0) -> (device: 0, name: Tesla K20m, pci bus id: 0000:08:00.0)
I tensorflow/core/common_runtime/gpu/gpu_device.cc:806] Creating TensorFlow device (/gpu:1) -> (device: 1, name: Tesla K20m, pci bus id: 0000:83:00.0)
I tensorflow/core/common_runtime/gpu/gpu_device.cc:806] Creating TensorFlow device (/gpu:0) -> (device: 0, name: Tesla K20m, pci bus id: 0000:08:00.0)
I tensorflow/core/common_runtime/gpu/gpu_device.cc:806] Creating TensorFlow device (/gpu:1) -> (device: 1, name: Tesla K20m, pci bus id: 0000:83:00.0)
I tensorflow/core/common_runtime/gpu/gpu_device.cc:806] Creating TensorFlow device (/gpu:0) -> (device: 0, name: Tesla K20m, pci bus id: 0000:08:00.0)
I tensorflow/core/common_runtime/gpu/gpu_device.cc:806] Creating TensorFlow device (/gpu:1) -> (device: 1, name: Tesla K20m, pci bus id: 0000:83:00.0)
I tensorflow/core/common_runtime/gpu/gpu_device.cc:806] Creating TensorFlow device (/gpu:0) -> (device: 0, name: Tesla K20m, pci bus id: 0000:08:00.0)
I tensorflow/core/common_runtime/gpu/gpu_device.cc:806] Creating TensorFlow device (/gpu:1) -> (device: 1, name: Tesla K20m, pci bus id: 0000:83:00.0)
I tensorflow/core/common_runtime/gpu/gpu_device.cc:806] Creating TensorFlow device (/gpu:0) -> (device: 0, name: Tesla K20m, pci bus id: 0000:08:00.0)
I tensorflow/core/common_runtime/gpu/gpu_device.cc:806] Creating TensorFlow device (/gpu:1) -> (device: 1, name: Tesla K20m, pci bus id: 0000:83:00.0)
I tensorflow/core/common_runtime/gpu/gpu_device.cc:806] Creating TensorFlow device (/gpu:0) -> (device: 0, name: Tesla K20m, pci bus id: 0000:08:00.0)
I tensorflow/core/common_runtime/gpu/gpu_device.cc:806] Creating TensorFlow device (/gpu:1) -> (device: 1, name: Tesla K20m, pci bus id: 0000:83:00.0)
I tensorflow/core/common_runtime/gpu/gpu_device.cc:806] Creating TensorFlow device (/gpu:0) -> (device: 0, name: Tesla K20m, pci bus id: 0000:08:00.0)
I tensorflow/core/common_runtime/gpu/gpu_device.cc:806] Creating TensorFlow device (/gpu:1) -> (device: 1, name: Tesla K20m, pci bus id: 0000:83:00.0)
I tensorflow/core/common_runtime/gpu/gpu_device.cc:806] Creating TensorFlow device (/gpu:0) -> (device: 0, name: Tesla K20m, pci bus id: 0000:08:00.0)
I tensorflow/core/common_runtime/gpu/gpu_device.cc:806] Creating TensorFlow device (/gpu:1) -> (device: 1, name: Tesla K20m, pci bus id: 0000:83:00.0)
I tensorflow/core/common_runtime/gpu/gpu_device.cc:806] Creating TensorFlow device (/gpu:0) -> (device: 0, name: Tesla K20m, pci bus id: 0000:08:00.0)
I tensorflow/core/common_runtime/gpu/gpu_device.cc:806] Creating TensorFlow device (/gpu:1) -> (device: 1, name: Tesla K20m, pci bus id: 0000:83:00.0)
I tensorflow/core/common_runtime/gpu/gpu_device.cc:806] Creating TensorFlow device (/gpu:0) -> (device: 0, name: Tesla K20m, pci bus id: 0000:08:00.0)
I tensorflow/core/common_runtime/gpu/gpu_device.cc:806] Creating TensorFlow device (/gpu:1) -> (device: 1, name: Tesla K20m, pci bus id: 0000:83:00.0)
I tensorflow/core/common_runtime/gpu/gpu_device.cc:806] Creating TensorFlow device (/gpu:0) -> (device: 0, name: Tesla K20m, pci bus id: 0000:08:00.0)
I tensorflow/core/common_runtime/gpu/gpu_device.cc:806] Creating TensorFlow device (/gpu:1) -> (device: 1, name: Tesla K20m, pci bus id: 0000:83:00.0)
I tensorflow/core/common_runtime/gpu/gpu_device.cc:806] Creating TensorFlow device (/gpu:0) -> (device: 0, name: Tesla K20m, pci bus id: 0000:08:00.0)
I tensorflow/core/common_runtime/gpu/gpu_device.cc:806] Creating TensorFlow device (/gpu:1) -> (device: 1, name: Tesla K20m, pci bus id: 0000:83:00.0)
I tensorflow/core/common_runtime/gpu/gpu_device.cc:806] Creating TensorFlow device (/gpu:0) -> (device: 0, name: Tesla K20m, pci bus id: 0000:08:00.0)
I tensorflow/core/common_runtime/gpu/gpu_device.cc:806] Creating TensorFlow device (/gpu:1) -> (device: 1, name: Tesla K20m, pci bus id: 0000:83:00.0)
I tensorflow/core/common_runtime/gpu/gpu_device.cc:806] Creating TensorFlow device (/gpu:0) -> (device: 0, name: Tesla K20m, pci bus id: 0000:08:00.0)
I tensorflow/core/common_runtime/gpu/gpu_device.cc:806] Creating TensorFlow device (/gpu:1) -> (device: 1, name: Tesla K20m, pci bus id: 0000:83:00.0)
I tensorflow/core/common_runtime/gpu/gpu_device.cc:806] Creating TensorFlow device (/gpu:0) -> (device: 0, name: Tesla K20m, pci bus id: 0000:08:00.0)
I tensorflow/core/common_runtime/gpu/gpu_device.cc:806] Creating TensorFlow device (/gpu:1) -> (device: 1, name: Tesla K20m, pci bus id: 0000:83:00.0)
I tensorflow/core/common_runtime/gpu/gpu_device.cc:806] Creating TensorFlow device (/gpu:0) -> (device: 0, name: Tesla K20m, pci bus id: 0000:08:00.0)
I tensorflow/core/common_runtime/gpu/gpu_device.cc:806] Creating TensorFlow device (/gpu:1) -> (device: 1, name: Tesla K20m, pci bus id: 0000:83:00.0)
I tensorflow/core/common_runtime/gpu/gpu_device.cc:806] Creating TensorFlow device (/gpu:0) -> (device: 0, name: Tesla K20m, pci bus id: 0000:08:00.0)
I tensorflow/core/common_runtime/gpu/gpu_device.cc:806] Creating TensorFlow device (/gpu:1) -> (device: 1, name: Tesla K20m, pci bus id: 0000:83:00.0)
I tensorflow/core/common_runtime/gpu/gpu_device.cc:806] Creating TensorFlow device (/gpu:0) -> (device: 0, name: Tesla K20m, pci bus id: 0000:08:00.0)
I tensorflow/core/common_runtime/gpu/gpu_device.cc:806] Creating TensorFlow device (/gpu:1) -> (device: 1, name: Tesla K20m, pci bus id: 0000:83:00.0)
I tensorflow/core/common_runtime/gpu/gpu_device.cc:806] Creating TensorFlow device (/gpu:0) -> (device: 0, name: Tesla K20m, pci bus id: 0000:08:00.0)
I tensorflow/core/common_runtime/gpu/gpu_device.cc:806] Creating TensorFlow device (/gpu:1) -> (device: 1, name: Tesla K20m, pci bus id: 0000:83:00.0)
I tensorflow/core/common_runtime/gpu/gpu_device.cc:806] Creating TensorFlow device (/gpu:0) -> (device: 0, name: Tesla K20m, pci bus id: 0000:08:00.0)
I tensorflow/core/common_runtime/gpu/gpu_device.cc:806] Creating TensorFlow device (/gpu:1) -> (device: 1, name: Tesla K20m, pci bus id: 0000:83:00.0)
I tensorflow/core/common_runtime/gpu/gpu_device.cc:806] Creating TensorFlow device (/gpu:0) -> (device: 0, name: Tesla K20m, pci bus id: 0000:08:00.0)
I tensorflow/core/common_runtime/gpu/gpu_device.cc:806] Creating TensorFlow device (/gpu:1) -> (device: 1, name: Tesla K20m, pci bus id: 0000:83:00.0)
I tensorflow/core/common_runtime/gpu/gpu_device.cc:806] Creating TensorFlow device (/gpu:0) -> (device: 0, name: Tesla K20m, pci bus id: 0000:08:00.0)
I tensorflow/core/common_runtime/gpu/gpu_device.cc:806] Creating TensorFlow device (/gpu:1) -> (device: 1, name: Tesla K20m, pci bus id: 0000:83:00.0)
I tensorflow/core/common_runtime/gpu/gpu_device.cc:806] Creating TensorFlow device (/gpu:0) -> (device: 0, name: Tesla K20m, pci bus id: 0000:08:00.0)
I tensorflow/core/common_runtime/gpu/gpu_device.cc:806] Creating TensorFlow device (/gpu:1) -> (device: 1, name: Tesla K20m, pci bus id: 0000:83:00.0)
I tensorflow/core/common_runtime/gpu/gpu_device.cc:806] Creating TensorFlow device (/gpu:0) -> (device: 0, name: Tesla K20m, pci bus id: 0000:08:00.0)
I tensorflow/core/common_runtime/gpu/gpu_device.cc:806] Creating TensorFlow device (/gpu:1) -> (device: 1, name: Tesla K20m, pci bus id: 0000:83:00.0)
I tensorflow/core/common_runtime/gpu/gpu_device.cc:806] Creating TensorFlow device (/gpu:0) -> (device: 0, name: Tesla K20m, pci bus id: 0000:08:00.0)
I tensorflow/core/common_runtime/gpu/gpu_device.cc:806] Creating TensorFlow device (/gpu:1) -> (device: 1, name: Tesla K20m, pci bus id: 0000:83:00.0)
I tensorflow/core/common_runtime/gpu/gpu_device.cc:806] Creating TensorFlow device (/gpu:0) -> (device: 0, name: Tesla K20m, pci bus id: 0000:08:00.0)
I tensorflow/core/common_runtime/gpu/gpu_device.cc:806] Creating TensorFlow device (/gpu:1) -> (device: 1, name: Tesla K20m, pci bus id: 0000:83:00.0)
I tensorflow/core/common_runtime/gpu/gpu_device.cc:806] Creating TensorFlow device (/gpu:0) -> (device: 0, name: Tesla K20m, pci bus id: 0000:08:00.0)
I tensorflow/core/common_runtime/gpu/gpu_device.cc:806] Creating TensorFlow device (/gpu:1) -> (device: 1, name: Tesla K20m, pci bus id: 0000:83:00.0)
I tensorflow/core/common_runtime/gpu/gpu_device.cc:806] Creating TensorFlow device (/gpu:0) -> (device: 0, name: Tesla K20m, pci bus id: 0000:08:00.0)
I tensorflow/core/common_runtime/gpu/gpu_device.cc:806] Creating TensorFlow device (/gpu:1) -> (device: 1, name: Tesla K20m, pci bus id: 0000:83:00.0)
I tensorflow/core/common_runtime/gpu/gpu_device.cc:806] Creating TensorFlow device (/gpu:0) -> (device: 0, name: Tesla K20m, pci bus id: 0000:08:00.0)
I tensorflow/core/common_runtime/gpu/gpu_device.cc:806] Creating TensorFlow device (/gpu:1) -> (device: 1, name: Tesla K20m, pci bus id: 0000:83:00.0)
I tensorflow/core/common_runtime/gpu/gpu_device.cc:806] Creating TensorFlow device (/gpu:0) -> (device: 0, name: Tesla K20m, pci bus id: 0000:08:00.0)
I tensorflow/core/common_runtime/gpu/gpu_device.cc:806] Creating TensorFlow device (/gpu:1) -> (device: 1, name: Tesla K20m, pci bus id: 0000:83:00.0)
I tensorflow/core/common_runtime/gpu/gpu_device.cc:806] Creating TensorFlow device (/gpu:0) -> (device: 0, name: Tesla K20m, pci bus id: 0000:08:00.0)
I tensorflow/core/common_runtime/gpu/gpu_device.cc:806] Creating TensorFlow device (/gpu:1) -> (device: 1, name: Tesla K20m, pci bus id: 0000:83:00.0)
I tensorflow/core/common_runtime/gpu/gpu_device.cc:806] Creating TensorFlow device (/gpu:0) -> (device: 0, name: Tesla K20m, pci bus id: 0000:08:00.0)
I tensorflow/core/common_runtime/gpu/gpu_device.cc:806] Creating TensorFlow device (/gpu:1) -> (device: 1, name: Tesla K20m, pci bus id: 0000:83:00.0)
I tensorflow/core/common_runtime/gpu/gpu_device.cc:806] Creating TensorFlow device (/gpu:0) -> (device: 0, name: Tesla K20m, pci bus id: 0000:08:00.0)
I tensorflow/core/common_runtime/gpu/gpu_device.cc:806] Creating TensorFlow device (/gpu:1) -> (device: 1, name: Tesla K20m, pci bus id: 0000:83:00.0)
I tensorflow/core/common_runtime/gpu/gpu_device.cc:806] Creating TensorFlow device (/gpu:0) -> (device: 0, name: Tesla K20m, pci bus id: 0000:08:00.0)
I tensorflow/core/common_runtime/gpu/gpu_device.cc:806] Creating TensorFlow device (/gpu:1) -> (device: 1, name: Tesla K20m, pci bus id: 0000:83:00.0)
I tensorflow/core/common_runtime/gpu/gpu_device.cc:806] Creating TensorFlow device (/gpu:0) -> (device: 0, name: Tesla K20m, pci bus id: 0000:08:00.0)
I tensorflow/core/common_runtime/gpu/gpu_device.cc:806] Creating TensorFlow device (/gpu:1) -> (device: 1, name: Tesla K20m, pci bus id: 0000:83:00.0)
I tensorflow/core/common_runtime/gpu/gpu_device.cc:806] Creating TensorFlow device (/gpu:0) -> (device: 0, name: Tesla K20m, pci bus id: 0000:08:00.0)
I tensorflow/core/common_runtime/gpu/gpu_device.cc:806] Creating TensorFlow device (/gpu:1) -> (device: 1, name: Tesla K20m, pci bus id: 0000:83:00.0)
I tensorflow/core/common_runtime/gpu/gpu_device.cc:806] Creating TensorFlow device (/gpu:0) -> (device: 0, name: Tesla K20m, pci bus id: 0000:08:00.0)
I tensorflow/core/common_runtime/gpu/gpu_device.cc:806] Creating TensorFlow device (/gpu:1) -> (device: 1, name: Tesla K20m, pci bus id: 0000:83:00.0)
I tensorflow/core/common_runtime/gpu/gpu_device.cc:806] Creating TensorFlow device (/gpu:0) -> (device: 0, name: Tesla K20m, pci bus id: 0000:08:00.0)
I tensorflow/core/common_runtime/gpu/gpu_device.cc:806] Creating TensorFlow device (/gpu:1) -> (device: 1, name: Tesla K20m, pci bus id: 0000:83:00.0)
I tensorflow/core/common_runtime/gpu/gpu_device.cc:806] Creating TensorFlow device (/gpu:0) -> (device: 0, name: Tesla K20m, pci bus id: 0000:08:00.0)
I tensorflow/core/common_runtime/gpu/gpu_device.cc:806] Creating TensorFlow device (/gpu:1) -> (device: 1, name: Tesla K20m, pci bus id: 0000:83:00.0)
I tensorflow/core/common_runtime/gpu/gpu_device.cc:806] Creating TensorFlow device (/gpu:0) -> (device: 0, name: Tesla K20m, pci bus id: 0000:08:00.0)
I tensorflow/core/common_runtime/gpu/gpu_device.cc:806] Creating TensorFlow device (/gpu:1) -> (device: 1, name: Tesla K20m, pci bus id: 0000:83:00.0)
I tensorflow/core/common_runtime/gpu/gpu_device.cc:806] Creating TensorFlow device (/gpu:0) -> (device: 0, name: Tesla K20m, pci bus id: 0000:08:00.0)
I tensorflow/core/common_runtime/gpu/gpu_device.cc:806] Creating TensorFlow device (/gpu:1) -> (device: 1, name: Tesla K20m, pci bus id: 0000:83:00.0)
I tensorflow/core/common_runtime/gpu/gpu_device.cc:806] Creating TensorFlow device (/gpu:0) -> (device: 0, name: Tesla K20m, pci bus id: 0000:08:00.0)
I tensorflow/core/common_runtime/gpu/gpu_device.cc:806] Creating TensorFlow device (/gpu:1) -> (device: 1, name: Tesla K20m, pci bus id: 0000:83:00.0)
I tensorflow/core/common_runtime/gpu/gpu_device.cc:806] Creating TensorFlow device (/gpu:0) -> (device: 0, name: Tesla K20m, pci bus id: 0000:08:00.0)
I tensorflow/core/common_runtime/gpu/gpu_device.cc:806] Creating TensorFlow device (/gpu:1) -> (device: 1, name: Tesla K20m, pci bus id: 0000:83:00.0)
I tensorflow/core/common_runtime/gpu/gpu_device.cc:806] Creating TensorFlow device (/gpu:0) -> (device: 0, name: Tesla K20m, pci bus id: 0000:08:00.0)
I tensorflow/core/common_runtime/gpu/gpu_device.cc:806] Creating TensorFlow device (/gpu:1) -> (device: 1, name: Tesla K20m, pci bus id: 0000:83:00.0)
I tensorflow/core/common_runtime/gpu/gpu_device.cc:806] Creating TensorFlow device (/gpu:0) -> (device: 0, name: Tesla K20m, pci bus id: 0000:08:00.0)
I tensorflow/core/common_runtime/gpu/gpu_device.cc:806] Creating TensorFlow device (/gpu:1) -> (device: 1, name: Tesla K20m, pci bus id: 0000:83:00.0)
I tensorflow/core/common_runtime/gpu/gpu_device.cc:806] Creating TensorFlow device (/gpu:0) -> (device: 0, name: Tesla K20m, pci bus id: 0000:08:00.0)
I tensorflow/core/common_runtime/gpu/gpu_device.cc:806] Creating TensorFlow device (/gpu:1) -> (device: 1, name: Tesla K20m, pci bus id: 0000:83:00.0)
I tensorflow/core/common_runtime/gpu/gpu_device.cc:806] Creating TensorFlow device (/gpu:0) -> (device: 0, name: Tesla K20m, pci bus id: 0000:08:00.0)
I tensorflow/core/common_runtime/gpu/gpu_device.cc:806] Creating TensorFlow device (/gpu:1) -> (device: 1, name: Tesla K20m, pci bus id: 0000:83:00.0)
I tensorflow/core/common_runtime/gpu/gpu_device.cc:806] Creating TensorFlow device (/gpu:0) -> (device: 0, name: Tesla K20m, pci bus id: 0000:08:00.0)
I tensorflow/core/common_runtime/gpu/gpu_device.cc:806] Creating TensorFlow device (/gpu:1) -> (device: 1, name: Tesla K20m, pci bus id: 0000:83:00.0)
I tensorflow/core/common_runtime/gpu/gpu_device.cc:806] Creating TensorFlow device (/gpu:0) -> (device: 0, name: Tesla K20m, pci bus id: 0000:08:00.0)
I tensorflow/core/common_runtime/gpu/gpu_device.cc:806] Creating TensorFlow device (/gpu:1) -> (device: 1, name: Tesla K20m, pci bus id: 0000:83:00.0)
I tensorflow/core/common_runtime/gpu/gpu_device.cc:806] Creating TensorFlow device (/gpu:0) -> (device: 0, name: Tesla K20m, pci bus id: 0000:08:00.0)
I tensorflow/core/common_runtime/gpu/gpu_device.cc:806] Creating TensorFlow device (/gpu:1) -> (device: 1, name: Tesla K20m, pci bus id: 0000:83:00.0)
I tensorflow/core/common_runtime/gpu/gpu_device.cc:806] Creating TensorFlow device (/gpu:0) -> (device: 0, name: Tesla K20m, pci bus id: 0000:08:00.0)
I tensorflow/core/common_runtime/gpu/gpu_device.cc:806] Creating TensorFlow device (/gpu:1) -> (device: 1, name: Tesla K20m, pci bus id: 0000:83:00.0)
Traceback (most recent call last):
  File "symbreg_mlp.py", line 415, in <module>
    main()
  File "symbreg_mlp.py", line 397, in main
    stats_dic = tensorflow_run(hyperparameters, dataX, dataY, kf_array)
  File "symbreg_mlp.py", line 344, in tensorflow_run
    mlp = tensorflow_init(hyperparameters, nb_inputs)
  File "symbreg_mlp.py", line 261, in tensorflow_init
    learning_rate = hyperparameters['learning_rate']
KeyError: 'learning_rate'

==============NVSMI LOG==============

Timestamp                           : Wed Jul 27 14:25:50 2016
Driver Version                      : 352.79

Attached GPUs                       : 8
GPU 0000:83:00.0
    Accounting Mode                 : Enabled
    Accounting Mode Buffer Size     : 1920
    Accounted Processes
        Process ID                  : 135062
            GPU Utilization         : 0 %
            Memory Utilization      : 0 %
            Max memory usage        : 64 MiB
            Time                    : 836916 ms
            Is Running              : 0


==============NVSMI LOG==============

Timestamp                           : Wed Jul 27 14:25:50 2016
Driver Version                      : 352.79

Attached GPUs                       : 8
GPU 0000:08:00.0
    Accounting Mode                 : Enabled
    Accounting Mode Buffer Size     : 1920
    Accounted Processes
        Process ID                  : 135062
            GPU Utilization         : 41 %
            Memory Utilization      : 1 %
            Max memory usage        : 4516 MiB
            Time                    : 836998 ms
            Is Running              : 0

/home/thpar33/.bashrc: line 4: module: command not found
/home/thpar33/.bashrc: line 5: module: command not found
/home/thpar33/.bashrc: line 6: module: command not found

The following have been reloaded with a version change:
  1) compilers/gcc/4.8 => compilers/gcc/4.8.5


Inactive Modules:
  1) mpi/openmpi/1.8.7

The following have been reloaded with a version change:
  1) cuda/6.0.37 => cuda/7.5.18

I tensorflow/stream_executor/dso_loader.cc:108] successfully opened CUDA library libcublas.so.7.5 locally
I tensorflow/stream_executor/dso_loader.cc:108] successfully opened CUDA library libcudnn.so.5 locally
I tensorflow/stream_executor/dso_loader.cc:108] successfully opened CUDA library libcufft.so.7.5 locally
I tensorflow/stream_executor/dso_loader.cc:108] successfully opened CUDA library libcuda.so locally
I tensorflow/stream_executor/dso_loader.cc:108] successfully opened CUDA library libcurand.so.7.5 locally
I tensorflow/core/common_runtime/gpu/gpu_init.cc:102] Found device 0 with properties: 
name: Tesla K20m
major: 3 minor: 5 memoryClockRate (GHz) 0.7055
pciBusID 0000:83:00.0
Total memory: 4.69GiB
Free memory: 4.61GiB
W tensorflow/stream_executor/cuda/cuda_driver.cc:572] creating context when one is currently active; existing: 0x34f1480
I tensorflow/core/common_runtime/gpu/gpu_init.cc:102] Found device 1 with properties: 
name: Tesla K20m
major: 3 minor: 5 memoryClockRate (GHz) 0.7055
pciBusID 0000:84:00.0
Total memory: 4.69GiB
Free memory: 4.61GiB
I tensorflow/core/common_runtime/gpu/gpu_init.cc:126] DMA: 0 1 
I tensorflow/core/common_runtime/gpu/gpu_init.cc:136] 0:   Y Y 
I tensorflow/core/common_runtime/gpu/gpu_init.cc:136] 1:   Y Y 
I tensorflow/core/common_runtime/gpu/gpu_device.cc:806] Creating TensorFlow device (/gpu:0) -> (device: 0, name: Tesla K20m, pci bus id: 0000:83:00.0)
I tensorflow/core/common_runtime/gpu/gpu_device.cc:806] Creating TensorFlow device (/gpu:1) -> (device: 1, name: Tesla K20m, pci bus id: 0000:84:00.0)
I tensorflow/core/common_runtime/gpu/gpu_device.cc:806] Creating TensorFlow device (/gpu:0) -> (device: 0, name: Tesla K20m, pci bus id: 0000:83:00.0)
I tensorflow/core/common_runtime/gpu/gpu_device.cc:806] Creating TensorFlow device (/gpu:1) -> (device: 1, name: Tesla K20m, pci bus id: 0000:84:00.0)
I tensorflow/core/common_runtime/gpu/gpu_device.cc:806] Creating TensorFlow device (/gpu:0) -> (device: 0, name: Tesla K20m, pci bus id: 0000:83:00.0)
I tensorflow/core/common_runtime/gpu/gpu_device.cc:806] Creating TensorFlow device (/gpu:1) -> (device: 1, name: Tesla K20m, pci bus id: 0000:84:00.0)
I tensorflow/core/common_runtime/gpu/gpu_device.cc:806] Creating TensorFlow device (/gpu:0) -> (device: 0, name: Tesla K20m, pci bus id: 0000:83:00.0)
I tensorflow/core/common_runtime/gpu/gpu_device.cc:806] Creating TensorFlow device (/gpu:1) -> (device: 1, name: Tesla K20m, pci bus id: 0000:84:00.0)
I tensorflow/core/common_runtime/gpu/gpu_device.cc:806] Creating TensorFlow device (/gpu:0) -> (device: 0, name: Tesla K20m, pci bus id: 0000:83:00.0)
I tensorflow/core/common_runtime/gpu/gpu_device.cc:806] Creating TensorFlow device (/gpu:1) -> (device: 1, name: Tesla K20m, pci bus id: 0000:84:00.0)
I tensorflow/core/common_runtime/gpu/gpu_device.cc:806] Creating TensorFlow device (/gpu:0) -> (device: 0, name: Tesla K20m, pci bus id: 0000:83:00.0)
I tensorflow/core/common_runtime/gpu/gpu_device.cc:806] Creating TensorFlow device (/gpu:1) -> (device: 1, name: Tesla K20m, pci bus id: 0000:84:00.0)
I tensorflow/core/common_runtime/gpu/gpu_device.cc:806] Creating TensorFlow device (/gpu:0) -> (device: 0, name: Tesla K20m, pci bus id: 0000:83:00.0)
I tensorflow/core/common_runtime/gpu/gpu_device.cc:806] Creating TensorFlow device (/gpu:1) -> (device: 1, name: Tesla K20m, pci bus id: 0000:84:00.0)
I tensorflow/core/common_runtime/gpu/gpu_device.cc:806] Creating TensorFlow device (/gpu:0) -> (device: 0, name: Tesla K20m, pci bus id: 0000:83:00.0)
I tensorflow/core/common_runtime/gpu/gpu_device.cc:806] Creating TensorFlow device (/gpu:1) -> (device: 1, name: Tesla K20m, pci bus id: 0000:84:00.0)
I tensorflow/core/common_runtime/gpu/gpu_device.cc:806] Creating TensorFlow device (/gpu:0) -> (device: 0, name: Tesla K20m, pci bus id: 0000:83:00.0)
I tensorflow/core/common_runtime/gpu/gpu_device.cc:806] Creating TensorFlow device (/gpu:1) -> (device: 1, name: Tesla K20m, pci bus id: 0000:84:00.0)
I tensorflow/core/common_runtime/gpu/gpu_device.cc:806] Creating TensorFlow device (/gpu:0) -> (device: 0, name: Tesla K20m, pci bus id: 0000:83:00.0)
I tensorflow/core/common_runtime/gpu/gpu_device.cc:806] Creating TensorFlow device (/gpu:1) -> (device: 1, name: Tesla K20m, pci bus id: 0000:84:00.0)
I tensorflow/core/common_runtime/gpu/gpu_device.cc:806] Creating TensorFlow device (/gpu:0) -> (device: 0, name: Tesla K20m, pci bus id: 0000:83:00.0)
I tensorflow/core/common_runtime/gpu/gpu_device.cc:806] Creating TensorFlow device (/gpu:1) -> (device: 1, name: Tesla K20m, pci bus id: 0000:84:00.0)
I tensorflow/core/common_runtime/gpu/gpu_device.cc:806] Creating TensorFlow device (/gpu:0) -> (device: 0, name: Tesla K20m, pci bus id: 0000:83:00.0)
I tensorflow/core/common_runtime/gpu/gpu_device.cc:806] Creating TensorFlow device (/gpu:1) -> (device: 1, name: Tesla K20m, pci bus id: 0000:84:00.0)
I tensorflow/core/common_runtime/gpu/gpu_device.cc:806] Creating TensorFlow device (/gpu:0) -> (device: 0, name: Tesla K20m, pci bus id: 0000:83:00.0)
I tensorflow/core/common_runtime/gpu/gpu_device.cc:806] Creating TensorFlow device (/gpu:1) -> (device: 1, name: Tesla K20m, pci bus id: 0000:84:00.0)
I tensorflow/core/common_runtime/gpu/gpu_device.cc:806] Creating TensorFlow device (/gpu:0) -> (device: 0, name: Tesla K20m, pci bus id: 0000:83:00.0)
I tensorflow/core/common_runtime/gpu/gpu_device.cc:806] Creating TensorFlow device (/gpu:1) -> (device: 1, name: Tesla K20m, pci bus id: 0000:84:00.0)
I tensorflow/core/common_runtime/gpu/gpu_device.cc:806] Creating TensorFlow device (/gpu:0) -> (device: 0, name: Tesla K20m, pci bus id: 0000:83:00.0)
I tensorflow/core/common_runtime/gpu/gpu_device.cc:806] Creating TensorFlow device (/gpu:1) -> (device: 1, name: Tesla K20m, pci bus id: 0000:84:00.0)
I tensorflow/core/common_runtime/gpu/gpu_device.cc:806] Creating TensorFlow device (/gpu:0) -> (device: 0, name: Tesla K20m, pci bus id: 0000:83:00.0)
I tensorflow/core/common_runtime/gpu/gpu_device.cc:806] Creating TensorFlow device (/gpu:1) -> (device: 1, name: Tesla K20m, pci bus id: 0000:84:00.0)
I tensorflow/core/common_runtime/gpu/gpu_device.cc:806] Creating TensorFlow device (/gpu:0) -> (device: 0, name: Tesla K20m, pci bus id: 0000:83:00.0)
I tensorflow/core/common_runtime/gpu/gpu_device.cc:806] Creating TensorFlow device (/gpu:1) -> (device: 1, name: Tesla K20m, pci bus id: 0000:84:00.0)
I tensorflow/core/common_runtime/gpu/gpu_device.cc:806] Creating TensorFlow device (/gpu:0) -> (device: 0, name: Tesla K20m, pci bus id: 0000:83:00.0)
I tensorflow/core/common_runtime/gpu/gpu_device.cc:806] Creating TensorFlow device (/gpu:1) -> (device: 1, name: Tesla K20m, pci bus id: 0000:84:00.0)
I tensorflow/core/common_runtime/gpu/gpu_device.cc:806] Creating TensorFlow device (/gpu:0) -> (device: 0, name: Tesla K20m, pci bus id: 0000:83:00.0)
I tensorflow/core/common_runtime/gpu/gpu_device.cc:806] Creating TensorFlow device (/gpu:1) -> (device: 1, name: Tesla K20m, pci bus id: 0000:84:00.0)
I tensorflow/core/common_runtime/gpu/gpu_device.cc:806] Creating TensorFlow device (/gpu:0) -> (device: 0, name: Tesla K20m, pci bus id: 0000:83:00.0)
I tensorflow/core/common_runtime/gpu/gpu_device.cc:806] Creating TensorFlow device (/gpu:1) -> (device: 1, name: Tesla K20m, pci bus id: 0000:84:00.0)
I tensorflow/core/common_runtime/gpu/gpu_device.cc:806] Creating TensorFlow device (/gpu:0) -> (device: 0, name: Tesla K20m, pci bus id: 0000:83:00.0)
I tensorflow/core/common_runtime/gpu/gpu_device.cc:806] Creating TensorFlow device (/gpu:1) -> (device: 1, name: Tesla K20m, pci bus id: 0000:84:00.0)
I tensorflow/core/common_runtime/gpu/gpu_device.cc:806] Creating TensorFlow device (/gpu:0) -> (device: 0, name: Tesla K20m, pci bus id: 0000:83:00.0)
I tensorflow/core/common_runtime/gpu/gpu_device.cc:806] Creating TensorFlow device (/gpu:1) -> (device: 1, name: Tesla K20m, pci bus id: 0000:84:00.0)
I tensorflow/core/common_runtime/gpu/gpu_device.cc:806] Creating TensorFlow device (/gpu:0) -> (device: 0, name: Tesla K20m, pci bus id: 0000:83:00.0)
I tensorflow/core/common_runtime/gpu/gpu_device.cc:806] Creating TensorFlow device (/gpu:1) -> (device: 1, name: Tesla K20m, pci bus id: 0000:84:00.0)
I tensorflow/core/common_runtime/gpu/gpu_device.cc:806] Creating TensorFlow device (/gpu:0) -> (device: 0, name: Tesla K20m, pci bus id: 0000:83:00.0)
I tensorflow/core/common_runtime/gpu/gpu_device.cc:806] Creating TensorFlow device (/gpu:1) -> (device: 1, name: Tesla K20m, pci bus id: 0000:84:00.0)
I tensorflow/core/common_runtime/gpu/gpu_device.cc:806] Creating TensorFlow device (/gpu:0) -> (device: 0, name: Tesla K20m, pci bus id: 0000:83:00.0)
I tensorflow/core/common_runtime/gpu/gpu_device.cc:806] Creating TensorFlow device (/gpu:1) -> (device: 1, name: Tesla K20m, pci bus id: 0000:84:00.0)
I tensorflow/core/common_runtime/gpu/gpu_device.cc:806] Creating TensorFlow device (/gpu:0) -> (device: 0, name: Tesla K20m, pci bus id: 0000:83:00.0)
I tensorflow/core/common_runtime/gpu/gpu_device.cc:806] Creating TensorFlow device (/gpu:1) -> (device: 1, name: Tesla K20m, pci bus id: 0000:84:00.0)
I tensorflow/core/common_runtime/gpu/gpu_device.cc:806] Creating TensorFlow device (/gpu:0) -> (device: 0, name: Tesla K20m, pci bus id: 0000:83:00.0)
I tensorflow/core/common_runtime/gpu/gpu_device.cc:806] Creating TensorFlow device (/gpu:1) -> (device: 1, name: Tesla K20m, pci bus id: 0000:84:00.0)
I tensorflow/core/common_runtime/gpu/gpu_device.cc:806] Creating TensorFlow device (/gpu:0) -> (device: 0, name: Tesla K20m, pci bus id: 0000:83:00.0)
I tensorflow/core/common_runtime/gpu/gpu_device.cc:806] Creating TensorFlow device (/gpu:1) -> (device: 1, name: Tesla K20m, pci bus id: 0000:84:00.0)
I tensorflow/core/common_runtime/gpu/gpu_device.cc:806] Creating TensorFlow device (/gpu:0) -> (device: 0, name: Tesla K20m, pci bus id: 0000:83:00.0)
I tensorflow/core/common_runtime/gpu/gpu_device.cc:806] Creating TensorFlow device (/gpu:1) -> (device: 1, name: Tesla K20m, pci bus id: 0000:84:00.0)
I tensorflow/core/common_runtime/gpu/gpu_device.cc:806] Creating TensorFlow device (/gpu:0) -> (device: 0, name: Tesla K20m, pci bus id: 0000:83:00.0)
I tensorflow/core/common_runtime/gpu/gpu_device.cc:806] Creating TensorFlow device (/gpu:1) -> (device: 1, name: Tesla K20m, pci bus id: 0000:84:00.0)
I tensorflow/core/common_runtime/gpu/gpu_device.cc:806] Creating TensorFlow device (/gpu:0) -> (device: 0, name: Tesla K20m, pci bus id: 0000:83:00.0)
I tensorflow/core/common_runtime/gpu/gpu_device.cc:806] Creating TensorFlow device (/gpu:1) -> (device: 1, name: Tesla K20m, pci bus id: 0000:84:00.0)
I tensorflow/core/common_runtime/gpu/gpu_device.cc:806] Creating TensorFlow device (/gpu:0) -> (device: 0, name: Tesla K20m, pci bus id: 0000:83:00.0)
I tensorflow/core/common_runtime/gpu/gpu_device.cc:806] Creating TensorFlow device (/gpu:1) -> (device: 1, name: Tesla K20m, pci bus id: 0000:84:00.0)
I tensorflow/core/common_runtime/gpu/gpu_device.cc:806] Creating TensorFlow device (/gpu:0) -> (device: 0, name: Tesla K20m, pci bus id: 0000:83:00.0)
I tensorflow/core/common_runtime/gpu/gpu_device.cc:806] Creating TensorFlow device (/gpu:1) -> (device: 1, name: Tesla K20m, pci bus id: 0000:84:00.0)
I tensorflow/core/common_runtime/gpu/gpu_device.cc:806] Creating TensorFlow device (/gpu:0) -> (device: 0, name: Tesla K20m, pci bus id: 0000:83:00.0)
I tensorflow/core/common_runtime/gpu/gpu_device.cc:806] Creating TensorFlow device (/gpu:1) -> (device: 1, name: Tesla K20m, pci bus id: 0000:84:00.0)
I tensorflow/core/common_runtime/gpu/gpu_device.cc:806] Creating TensorFlow device (/gpu:0) -> (device: 0, name: Tesla K20m, pci bus id: 0000:83:00.0)
I tensorflow/core/common_runtime/gpu/gpu_device.cc:806] Creating TensorFlow device (/gpu:1) -> (device: 1, name: Tesla K20m, pci bus id: 0000:84:00.0)
I tensorflow/core/common_runtime/gpu/gpu_device.cc:806] Creating TensorFlow device (/gpu:0) -> (device: 0, name: Tesla K20m, pci bus id: 0000:83:00.0)
I tensorflow/core/common_runtime/gpu/gpu_device.cc:806] Creating TensorFlow device (/gpu:1) -> (device: 1, name: Tesla K20m, pci bus id: 0000:84:00.0)
I tensorflow/core/common_runtime/gpu/gpu_device.cc:806] Creating TensorFlow device (/gpu:0) -> (device: 0, name: Tesla K20m, pci bus id: 0000:83:00.0)
I tensorflow/core/common_runtime/gpu/gpu_device.cc:806] Creating TensorFlow device (/gpu:1) -> (device: 1, name: Tesla K20m, pci bus id: 0000:84:00.0)
I tensorflow/core/common_runtime/gpu/gpu_device.cc:806] Creating TensorFlow device (/gpu:0) -> (device: 0, name: Tesla K20m, pci bus id: 0000:83:00.0)
I tensorflow/core/common_runtime/gpu/gpu_device.cc:806] Creating TensorFlow device (/gpu:1) -> (device: 1, name: Tesla K20m, pci bus id: 0000:84:00.0)
I tensorflow/core/common_runtime/gpu/gpu_device.cc:806] Creating TensorFlow device (/gpu:0) -> (device: 0, name: Tesla K20m, pci bus id: 0000:83:00.0)
I tensorflow/core/common_runtime/gpu/gpu_device.cc:806] Creating TensorFlow device (/gpu:1) -> (device: 1, name: Tesla K20m, pci bus id: 0000:84:00.0)
I tensorflow/core/common_runtime/gpu/gpu_device.cc:806] Creating TensorFlow device (/gpu:0) -> (device: 0, name: Tesla K20m, pci bus id: 0000:83:00.0)
I tensorflow/core/common_runtime/gpu/gpu_device.cc:806] Creating TensorFlow device (/gpu:1) -> (device: 1, name: Tesla K20m, pci bus id: 0000:84:00.0)
I tensorflow/core/common_runtime/gpu/gpu_device.cc:806] Creating TensorFlow device (/gpu:0) -> (device: 0, name: Tesla K20m, pci bus id: 0000:83:00.0)
I tensorflow/core/common_runtime/gpu/gpu_device.cc:806] Creating TensorFlow device (/gpu:1) -> (device: 1, name: Tesla K20m, pci bus id: 0000:84:00.0)
I tensorflow/core/common_runtime/gpu/gpu_device.cc:806] Creating TensorFlow device (/gpu:0) -> (device: 0, name: Tesla K20m, pci bus id: 0000:83:00.0)
I tensorflow/core/common_runtime/gpu/gpu_device.cc:806] Creating TensorFlow device (/gpu:1) -> (device: 1, name: Tesla K20m, pci bus id: 0000:84:00.0)
I tensorflow/core/common_runtime/gpu/gpu_device.cc:806] Creating TensorFlow device (/gpu:0) -> (device: 0, name: Tesla K20m, pci bus id: 0000:83:00.0)
I tensorflow/core/common_runtime/gpu/gpu_device.cc:806] Creating TensorFlow device (/gpu:1) -> (device: 1, name: Tesla K20m, pci bus id: 0000:84:00.0)
I tensorflow/core/common_runtime/gpu/gpu_device.cc:806] Creating TensorFlow device (/gpu:0) -> (device: 0, name: Tesla K20m, pci bus id: 0000:83:00.0)
I tensorflow/core/common_runtime/gpu/gpu_device.cc:806] Creating TensorFlow device (/gpu:1) -> (device: 1, name: Tesla K20m, pci bus id: 0000:84:00.0)
I tensorflow/core/common_runtime/gpu/gpu_device.cc:806] Creating TensorFlow device (/gpu:0) -> (device: 0, name: Tesla K20m, pci bus id: 0000:83:00.0)
I tensorflow/core/common_runtime/gpu/gpu_device.cc:806] Creating TensorFlow device (/gpu:1) -> (device: 1, name: Tesla K20m, pci bus id: 0000:84:00.0)
I tensorflow/core/common_runtime/gpu/gpu_device.cc:806] Creating TensorFlow device (/gpu:0) -> (device: 0, name: Tesla K20m, pci bus id: 0000:83:00.0)
I tensorflow/core/common_runtime/gpu/gpu_device.cc:806] Creating TensorFlow device (/gpu:1) -> (device: 1, name: Tesla K20m, pci bus id: 0000:84:00.0)
I tensorflow/core/common_runtime/gpu/gpu_device.cc:806] Creating TensorFlow device (/gpu:0) -> (device: 0, name: Tesla K20m, pci bus id: 0000:83:00.0)
I tensorflow/core/common_runtime/gpu/gpu_device.cc:806] Creating TensorFlow device (/gpu:1) -> (device: 1, name: Tesla K20m, pci bus id: 0000:84:00.0)
I tensorflow/core/common_runtime/gpu/gpu_device.cc:806] Creating TensorFlow device (/gpu:0) -> (device: 0, name: Tesla K20m, pci bus id: 0000:83:00.0)
I tensorflow/core/common_runtime/gpu/gpu_device.cc:806] Creating TensorFlow device (/gpu:1) -> (device: 1, name: Tesla K20m, pci bus id: 0000:84:00.0)
I tensorflow/core/common_runtime/gpu/gpu_device.cc:806] Creating TensorFlow device (/gpu:0) -> (device: 0, name: Tesla K20m, pci bus id: 0000:83:00.0)
I tensorflow/core/common_runtime/gpu/gpu_device.cc:806] Creating TensorFlow device (/gpu:1) -> (device: 1, name: Tesla K20m, pci bus id: 0000:84:00.0)
I tensorflow/core/common_runtime/gpu/gpu_device.cc:806] Creating TensorFlow device (/gpu:0) -> (device: 0, name: Tesla K20m, pci bus id: 0000:83:00.0)
I tensorflow/core/common_runtime/gpu/gpu_device.cc:806] Creating TensorFlow device (/gpu:1) -> (device: 1, name: Tesla K20m, pci bus id: 0000:84:00.0)
I tensorflow/core/common_runtime/gpu/gpu_device.cc:806] Creating TensorFlow device (/gpu:0) -> (device: 0, name: Tesla K20m, pci bus id: 0000:83:00.0)
I tensorflow/core/common_runtime/gpu/gpu_device.cc:806] Creating TensorFlow device (/gpu:1) -> (device: 1, name: Tesla K20m, pci bus id: 0000:84:00.0)
I tensorflow/core/common_runtime/gpu/gpu_device.cc:806] Creating TensorFlow device (/gpu:0) -> (device: 0, name: Tesla K20m, pci bus id: 0000:83:00.0)
I tensorflow/core/common_runtime/gpu/gpu_device.cc:806] Creating TensorFlow device (/gpu:1) -> (device: 1, name: Tesla K20m, pci bus id: 0000:84:00.0)
I tensorflow/core/common_runtime/gpu/gpu_device.cc:806] Creating TensorFlow device (/gpu:0) -> (device: 0, name: Tesla K20m, pci bus id: 0000:83:00.0)
I tensorflow/core/common_runtime/gpu/gpu_device.cc:806] Creating TensorFlow device (/gpu:1) -> (device: 1, name: Tesla K20m, pci bus id: 0000:84:00.0)
I tensorflow/core/common_runtime/gpu/gpu_device.cc:806] Creating TensorFlow device (/gpu:0) -> (device: 0, name: Tesla K20m, pci bus id: 0000:83:00.0)
I tensorflow/core/common_runtime/gpu/gpu_device.cc:806] Creating TensorFlow device (/gpu:1) -> (device: 1, name: Tesla K20m, pci bus id: 0000:84:00.0)
I tensorflow/core/common_runtime/gpu/gpu_device.cc:806] Creating TensorFlow device (/gpu:0) -> (device: 0, name: Tesla K20m, pci bus id: 0000:83:00.0)
I tensorflow/core/common_runtime/gpu/gpu_device.cc:806] Creating TensorFlow device (/gpu:1) -> (device: 1, name: Tesla K20m, pci bus id: 0000:84:00.0)
I tensorflow/core/common_runtime/gpu/gpu_device.cc:806] Creating TensorFlow device (/gpu:0) -> (device: 0, name: Tesla K20m, pci bus id: 0000:83:00.0)
I tensorflow/core/common_runtime/gpu/gpu_device.cc:806] Creating TensorFlow device (/gpu:1) -> (device: 1, name: Tesla K20m, pci bus id: 0000:84:00.0)
I tensorflow/core/common_runtime/gpu/gpu_device.cc:806] Creating TensorFlow device (/gpu:0) -> (device: 0, name: Tesla K20m, pci bus id: 0000:83:00.0)
I tensorflow/core/common_runtime/gpu/gpu_device.cc:806] Creating TensorFlow device (/gpu:1) -> (device: 1, name: Tesla K20m, pci bus id: 0000:84:00.0)
I tensorflow/core/common_runtime/gpu/gpu_device.cc:806] Creating TensorFlow device (/gpu:0) -> (device: 0, name: Tesla K20m, pci bus id: 0000:83:00.0)
I tensorflow/core/common_runtime/gpu/gpu_device.cc:806] Creating TensorFlow device (/gpu:1) -> (device: 1, name: Tesla K20m, pci bus id: 0000:84:00.0)
I tensorflow/core/common_runtime/gpu/gpu_device.cc:806] Creating TensorFlow device (/gpu:0) -> (device: 0, name: Tesla K20m, pci bus id: 0000:83:00.0)
I tensorflow/core/common_runtime/gpu/gpu_device.cc:806] Creating TensorFlow device (/gpu:1) -> (device: 1, name: Tesla K20m, pci bus id: 0000:84:00.0)
I tensorflow/core/common_runtime/gpu/gpu_device.cc:806] Creating TensorFlow device (/gpu:0) -> (device: 0, name: Tesla K20m, pci bus id: 0000:83:00.0)
I tensorflow/core/common_runtime/gpu/gpu_device.cc:806] Creating TensorFlow device (/gpu:1) -> (device: 1, name: Tesla K20m, pci bus id: 0000:84:00.0)
I tensorflow/core/common_runtime/gpu/gpu_device.cc:806] Creating TensorFlow device (/gpu:0) -> (device: 0, name: Tesla K20m, pci bus id: 0000:83:00.0)
I tensorflow/core/common_runtime/gpu/gpu_device.cc:806] Creating TensorFlow device (/gpu:1) -> (device: 1, name: Tesla K20m, pci bus id: 0000:84:00.0)
I tensorflow/core/common_runtime/gpu/gpu_device.cc:806] Creating TensorFlow device (/gpu:0) -> (device: 0, name: Tesla K20m, pci bus id: 0000:83:00.0)
I tensorflow/core/common_runtime/gpu/gpu_device.cc:806] Creating TensorFlow device (/gpu:1) -> (device: 1, name: Tesla K20m, pci bus id: 0000:84:00.0)
I tensorflow/core/common_runtime/gpu/gpu_device.cc:806] Creating TensorFlow device (/gpu:0) -> (device: 0, name: Tesla K20m, pci bus id: 0000:83:00.0)
I tensorflow/core/common_runtime/gpu/gpu_device.cc:806] Creating TensorFlow device (/gpu:1) -> (device: 1, name: Tesla K20m, pci bus id: 0000:84:00.0)
I tensorflow/core/common_runtime/gpu/gpu_device.cc:806] Creating TensorFlow device (/gpu:0) -> (device: 0, name: Tesla K20m, pci bus id: 0000:83:00.0)
I tensorflow/core/common_runtime/gpu/gpu_device.cc:806] Creating TensorFlow device (/gpu:1) -> (device: 1, name: Tesla K20m, pci bus id: 0000:84:00.0)
I tensorflow/core/common_runtime/gpu/gpu_device.cc:806] Creating TensorFlow device (/gpu:0) -> (device: 0, name: Tesla K20m, pci bus id: 0000:83:00.0)
I tensorflow/core/common_runtime/gpu/gpu_device.cc:806] Creating TensorFlow device (/gpu:1) -> (device: 1, name: Tesla K20m, pci bus id: 0000:84:00.0)
I tensorflow/core/common_runtime/gpu/gpu_device.cc:806] Creating TensorFlow device (/gpu:0) -> (device: 0, name: Tesla K20m, pci bus id: 0000:83:00.0)
I tensorflow/core/common_runtime/gpu/gpu_device.cc:806] Creating TensorFlow device (/gpu:1) -> (device: 1, name: Tesla K20m, pci bus id: 0000:84:00.0)
I tensorflow/core/common_runtime/gpu/gpu_device.cc:806] Creating TensorFlow device (/gpu:0) -> (device: 0, name: Tesla K20m, pci bus id: 0000:83:00.0)
I tensorflow/core/common_runtime/gpu/gpu_device.cc:806] Creating TensorFlow device (/gpu:1) -> (device: 1, name: Tesla K20m, pci bus id: 0000:84:00.0)
I tensorflow/core/common_runtime/gpu/gpu_device.cc:806] Creating TensorFlow device (/gpu:0) -> (device: 0, name: Tesla K20m, pci bus id: 0000:83:00.0)
I tensorflow/core/common_runtime/gpu/gpu_device.cc:806] Creating TensorFlow device (/gpu:1) -> (device: 1, name: Tesla K20m, pci bus id: 0000:84:00.0)
I tensorflow/core/common_runtime/gpu/gpu_device.cc:806] Creating TensorFlow device (/gpu:0) -> (device: 0, name: Tesla K20m, pci bus id: 0000:83:00.0)
I tensorflow/core/common_runtime/gpu/gpu_device.cc:806] Creating TensorFlow device (/gpu:1) -> (device: 1, name: Tesla K20m, pci bus id: 0000:84:00.0)
I tensorflow/core/common_runtime/gpu/gpu_device.cc:806] Creating TensorFlow device (/gpu:0) -> (device: 0, name: Tesla K20m, pci bus id: 0000:83:00.0)
I tensorflow/core/common_runtime/gpu/gpu_device.cc:806] Creating TensorFlow device (/gpu:1) -> (device: 1, name: Tesla K20m, pci bus id: 0000:84:00.0)
I tensorflow/core/common_runtime/gpu/gpu_device.cc:806] Creating TensorFlow device (/gpu:0) -> (device: 0, name: Tesla K20m, pci bus id: 0000:83:00.0)
I tensorflow/core/common_runtime/gpu/gpu_device.cc:806] Creating TensorFlow device (/gpu:1) -> (device: 1, name: Tesla K20m, pci bus id: 0000:84:00.0)
I tensorflow/core/common_runtime/gpu/gpu_device.cc:806] Creating TensorFlow device (/gpu:0) -> (device: 0, name: Tesla K20m, pci bus id: 0000:83:00.0)
I tensorflow/core/common_runtime/gpu/gpu_device.cc:806] Creating TensorFlow device (/gpu:1) -> (device: 1, name: Tesla K20m, pci bus id: 0000:84:00.0)
I tensorflow/core/common_runtime/gpu/gpu_device.cc:806] Creating TensorFlow device (/gpu:0) -> (device: 0, name: Tesla K20m, pci bus id: 0000:83:00.0)
I tensorflow/core/common_runtime/gpu/gpu_device.cc:806] Creating TensorFlow device (/gpu:1) -> (device: 1, name: Tesla K20m, pci bus id: 0000:84:00.0)
I tensorflow/core/common_runtime/gpu/gpu_device.cc:806] Creating TensorFlow device (/gpu:0) -> (device: 0, name: Tesla K20m, pci bus id: 0000:83:00.0)
I tensorflow/core/common_runtime/gpu/gpu_device.cc:806] Creating TensorFlow device (/gpu:1) -> (device: 1, name: Tesla K20m, pci bus id: 0000:84:00.0)
I tensorflow/core/common_runtime/gpu/gpu_device.cc:806] Creating TensorFlow device (/gpu:0) -> (device: 0, name: Tesla K20m, pci bus id: 0000:83:00.0)
I tensorflow/core/common_runtime/gpu/gpu_device.cc:806] Creating TensorFlow device (/gpu:1) -> (device: 1, name: Tesla K20m, pci bus id: 0000:84:00.0)
I tensorflow/core/common_runtime/gpu/gpu_device.cc:806] Creating TensorFlow device (/gpu:0) -> (device: 0, name: Tesla K20m, pci bus id: 0000:83:00.0)
I tensorflow/core/common_runtime/gpu/gpu_device.cc:806] Creating TensorFlow device (/gpu:1) -> (device: 1, name: Tesla K20m, pci bus id: 0000:84:00.0)
I tensorflow/core/common_runtime/gpu/gpu_device.cc:806] Creating TensorFlow device (/gpu:0) -> (device: 0, name: Tesla K20m, pci bus id: 0000:83:00.0)
I tensorflow/core/common_runtime/gpu/gpu_device.cc:806] Creating TensorFlow device (/gpu:1) -> (device: 1, name: Tesla K20m, pci bus id: 0000:84:00.0)
I tensorflow/core/common_runtime/gpu/gpu_device.cc:806] Creating TensorFlow device (/gpu:0) -> (device: 0, name: Tesla K20m, pci bus id: 0000:83:00.0)
I tensorflow/core/common_runtime/gpu/gpu_device.cc:806] Creating TensorFlow device (/gpu:1) -> (device: 1, name: Tesla K20m, pci bus id: 0000:84:00.0)
I tensorflow/core/common_runtime/gpu/gpu_device.cc:806] Creating TensorFlow device (/gpu:0) -> (device: 0, name: Tesla K20m, pci bus id: 0000:83:00.0)
I tensorflow/core/common_runtime/gpu/gpu_device.cc:806] Creating TensorFlow device (/gpu:1) -> (device: 1, name: Tesla K20m, pci bus id: 0000:84:00.0)
I tensorflow/core/common_runtime/gpu/gpu_device.cc:806] Creating TensorFlow device (/gpu:0) -> (device: 0, name: Tesla K20m, pci bus id: 0000:83:00.0)
I tensorflow/core/common_runtime/gpu/gpu_device.cc:806] Creating TensorFlow device (/gpu:1) -> (device: 1, name: Tesla K20m, pci bus id: 0000:84:00.0)
I tensorflow/core/common_runtime/gpu/gpu_device.cc:806] Creating TensorFlow device (/gpu:0) -> (device: 0, name: Tesla K20m, pci bus id: 0000:83:00.0)
I tensorflow/core/common_runtime/gpu/gpu_device.cc:806] Creating TensorFlow device (/gpu:1) -> (device: 1, name: Tesla K20m, pci bus id: 0000:84:00.0)
I tensorflow/core/common_runtime/gpu/gpu_device.cc:806] Creating TensorFlow device (/gpu:0) -> (device: 0, name: Tesla K20m, pci bus id: 0000:83:00.0)
I tensorflow/core/common_runtime/gpu/gpu_device.cc:806] Creating TensorFlow device (/gpu:1) -> (device: 1, name: Tesla K20m, pci bus id: 0000:84:00.0)
I tensorflow/core/common_runtime/gpu/gpu_device.cc:806] Creating TensorFlow device (/gpu:0) -> (device: 0, name: Tesla K20m, pci bus id: 0000:83:00.0)
I tensorflow/core/common_runtime/gpu/gpu_device.cc:806] Creating TensorFlow device (/gpu:1) -> (device: 1, name: Tesla K20m, pci bus id: 0000:84:00.0)
I tensorflow/core/common_runtime/gpu/gpu_device.cc:806] Creating TensorFlow device (/gpu:0) -> (device: 0, name: Tesla K20m, pci bus id: 0000:83:00.0)
I tensorflow/core/common_runtime/gpu/gpu_device.cc:806] Creating TensorFlow device (/gpu:1) -> (device: 1, name: Tesla K20m, pci bus id: 0000:84:00.0)
I tensorflow/core/common_runtime/gpu/gpu_device.cc:806] Creating TensorFlow device (/gpu:0) -> (device: 0, name: Tesla K20m, pci bus id: 0000:83:00.0)
I tensorflow/core/common_runtime/gpu/gpu_device.cc:806] Creating TensorFlow device (/gpu:1) -> (device: 1, name: Tesla K20m, pci bus id: 0000:84:00.0)
I tensorflow/core/common_runtime/gpu/gpu_device.cc:806] Creating TensorFlow device (/gpu:0) -> (device: 0, name: Tesla K20m, pci bus id: 0000:83:00.0)
I tensorflow/core/common_runtime/gpu/gpu_device.cc:806] Creating TensorFlow device (/gpu:1) -> (device: 1, name: Tesla K20m, pci bus id: 0000:84:00.0)
I tensorflow/core/common_runtime/gpu/gpu_device.cc:806] Creating TensorFlow device (/gpu:0) -> (device: 0, name: Tesla K20m, pci bus id: 0000:83:00.0)
I tensorflow/core/common_runtime/gpu/gpu_device.cc:806] Creating TensorFlow device (/gpu:1) -> (device: 1, name: Tesla K20m, pci bus id: 0000:84:00.0)
I tensorflow/core/common_runtime/gpu/gpu_device.cc:806] Creating TensorFlow device (/gpu:0) -> (device: 0, name: Tesla K20m, pci bus id: 0000:83:00.0)
I tensorflow/core/common_runtime/gpu/gpu_device.cc:806] Creating TensorFlow device (/gpu:1) -> (device: 1, name: Tesla K20m, pci bus id: 0000:84:00.0)
I tensorflow/core/common_runtime/gpu/gpu_device.cc:806] Creating TensorFlow device (/gpu:0) -> (device: 0, name: Tesla K20m, pci bus id: 0000:83:00.0)
I tensorflow/core/common_runtime/gpu/gpu_device.cc:806] Creating TensorFlow device (/gpu:1) -> (device: 1, name: Tesla K20m, pci bus id: 0000:84:00.0)
I tensorflow/core/common_runtime/gpu/gpu_device.cc:806] Creating TensorFlow device (/gpu:0) -> (device: 0, name: Tesla K20m, pci bus id: 0000:83:00.0)
I tensorflow/core/common_runtime/gpu/gpu_device.cc:806] Creating TensorFlow device (/gpu:1) -> (device: 1, name: Tesla K20m, pci bus id: 0000:84:00.0)
I tensorflow/core/common_runtime/gpu/gpu_device.cc:806] Creating TensorFlow device (/gpu:0) -> (device: 0, name: Tesla K20m, pci bus id: 0000:83:00.0)
I tensorflow/core/common_runtime/gpu/gpu_device.cc:806] Creating TensorFlow device (/gpu:1) -> (device: 1, name: Tesla K20m, pci bus id: 0000:84:00.0)
I tensorflow/core/common_runtime/gpu/gpu_device.cc:806] Creating TensorFlow device (/gpu:0) -> (device: 0, name: Tesla K20m, pci bus id: 0000:83:00.0)
I tensorflow/core/common_runtime/gpu/gpu_device.cc:806] Creating TensorFlow device (/gpu:1) -> (device: 1, name: Tesla K20m, pci bus id: 0000:84:00.0)
I tensorflow/core/common_runtime/gpu/gpu_device.cc:806] Creating TensorFlow device (/gpu:0) -> (device: 0, name: Tesla K20m, pci bus id: 0000:83:00.0)
I tensorflow/core/common_runtime/gpu/gpu_device.cc:806] Creating TensorFlow device (/gpu:1) -> (device: 1, name: Tesla K20m, pci bus id: 0000:84:00.0)
I tensorflow/core/common_runtime/gpu/gpu_device.cc:806] Creating TensorFlow device (/gpu:0) -> (device: 0, name: Tesla K20m, pci bus id: 0000:83:00.0)
I tensorflow/core/common_runtime/gpu/gpu_device.cc:806] Creating TensorFlow device (/gpu:1) -> (device: 1, name: Tesla K20m, pci bus id: 0000:84:00.0)
I tensorflow/core/common_runtime/gpu/gpu_device.cc:806] Creating TensorFlow device (/gpu:0) -> (device: 0, name: Tesla K20m, pci bus id: 0000:83:00.0)
I tensorflow/core/common_runtime/gpu/gpu_device.cc:806] Creating TensorFlow device (/gpu:1) -> (device: 1, name: Tesla K20m, pci bus id: 0000:84:00.0)
I tensorflow/core/common_runtime/gpu/gpu_device.cc:806] Creating TensorFlow device (/gpu:0) -> (device: 0, name: Tesla K20m, pci bus id: 0000:83:00.0)
I tensorflow/core/common_runtime/gpu/gpu_device.cc:806] Creating TensorFlow device (/gpu:1) -> (device: 1, name: Tesla K20m, pci bus id: 0000:84:00.0)
I tensorflow/core/common_runtime/gpu/gpu_device.cc:806] Creating TensorFlow device (/gpu:0) -> (device: 0, name: Tesla K20m, pci bus id: 0000:83:00.0)
I tensorflow/core/common_runtime/gpu/gpu_device.cc:806] Creating TensorFlow device (/gpu:1) -> (device: 1, name: Tesla K20m, pci bus id: 0000:84:00.0)
I tensorflow/core/common_runtime/gpu/gpu_device.cc:806] Creating TensorFlow device (/gpu:0) -> (device: 0, name: Tesla K20m, pci bus id: 0000:83:00.0)
I tensorflow/core/common_runtime/gpu/gpu_device.cc:806] Creating TensorFlow device (/gpu:1) -> (device: 1, name: Tesla K20m, pci bus id: 0000:84:00.0)
I tensorflow/core/common_runtime/gpu/gpu_device.cc:806] Creating TensorFlow device (/gpu:0) -> (device: 0, name: Tesla K20m, pci bus id: 0000:83:00.0)
I tensorflow/core/common_runtime/gpu/gpu_device.cc:806] Creating TensorFlow device (/gpu:1) -> (device: 1, name: Tesla K20m, pci bus id: 0000:84:00.0)
I tensorflow/core/common_runtime/gpu/gpu_device.cc:806] Creating TensorFlow device (/gpu:0) -> (device: 0, name: Tesla K20m, pci bus id: 0000:83:00.0)
I tensorflow/core/common_runtime/gpu/gpu_device.cc:806] Creating TensorFlow device (/gpu:1) -> (device: 1, name: Tesla K20m, pci bus id: 0000:84:00.0)
I tensorflow/core/common_runtime/gpu/gpu_device.cc:806] Creating TensorFlow device (/gpu:0) -> (device: 0, name: Tesla K20m, pci bus id: 0000:83:00.0)
I tensorflow/core/common_runtime/gpu/gpu_device.cc:806] Creating TensorFlow device (/gpu:1) -> (device: 1, name: Tesla K20m, pci bus id: 0000:84:00.0)

==============NVSMI LOG==============

Timestamp                           : Wed Jul 27 14:52:32 2016
Driver Version                      : 352.79

Attached GPUs                       : 8
GPU 0000:84:00.0
    Accounting Mode                 : Enabled
    Accounting Mode Buffer Size     : 1920
    Accounted Processes
        Process ID                  : 9206
            GPU Utilization         : 0 %
            Memory Utilization      : 0 %
            Max memory usage        : 64 MiB
            Time                    : 901263 ms
            Is Running              : 0


==============NVSMI LOG==============

Timestamp                           : Wed Jul 27 14:52:32 2016
Driver Version                      : 352.79

Attached GPUs                       : 8
GPU 0000:83:00.0
    Accounting Mode                 : Enabled
    Accounting Mode Buffer Size     : 1920
    Accounted Processes
        Process ID                  : 9206
            GPU Utilization         : 47 %
            Memory Utilization      : 1 %
            Max memory usage        : 4516 MiB
            Time                    : 901343 ms
            Is Running              : 0

