Debut mlp (bioavailability)
INDIVIDUAL.OPTIMIZED_WEIGHTS[-0.07993163 -0.00096307]
TMP_OPTIMIZED_WEIGHTS[-0.07993163 -0.00096307]
INDIVIDUAL.OPTIMIZED_WEIGHTS[  1.70741057e+00  -1.57585996e-03   2.19780132e-01]
TMP_OPTIMIZED_WEIGHTS[  1.70741057e+00  -1.57585996e-03   2.19780132e-01]
INDIVIDUAL.OPTIMIZED_WEIGHTS[ 0.87300128]
TMP_OPTIMIZED_WEIGHTS[ 0.87300128]
INDIVIDUAL.OPTIMIZED_WEIGHTS[ 0.04281066  0.0018955 ]
TMP_OPTIMIZED_WEIGHTS[ 0.04281066  0.0018955 ]
INDIVIDUAL.OPTIMIZED_WEIGHTS[ 1.14790368 -0.24862772  0.51604182]
TMP_OPTIMIZED_WEIGHTS[ 1.14790368 -0.24862772  0.51604182]
INDIVIDUAL.OPTIMIZED_WEIGHTS[ 0.87695628 -0.75179428]
TMP_OPTIMIZED_WEIGHTS[ 0.87695628 -0.75179428]
INDIVIDUAL.OPTIMIZED_WEIGHTS[ 0.07535074 -0.06390695]
TMP_OPTIMIZED_WEIGHTS[ 0.07535074 -0.06390695]
INDIVIDUAL.OPTIMIZED_WEIGHTS[ 0.0002496]
TMP_OPTIMIZED_WEIGHTS[ 0.0002496]
INDIVIDUAL.OPTIMIZED_WEIGHTS[ 0.1600575   1.37207353]
TMP_OPTIMIZED_WEIGHTS[ 0.1600575   1.37207353]
INDIVIDUAL.OPTIMIZED_WEIGHTS[ 1.12908924  2.24360085]
TMP_OPTIMIZED_WEIGHTS[ 1.12908924  2.24360085]
INDIVIDUAL.OPTIMIZED_WEIGHTS[ 0.49198782  0.47344258]
TMP_OPTIMIZED_WEIGHTS[ 0.49198782  0.47344258]
INDIVIDUAL.OPTIMIZED_WEIGHTS[ 0.00632267]
TMP_OPTIMIZED_WEIGHTS[ 0.00632267]
INDIVIDUAL.OPTIMIZED_WEIGHTS[ 0.02697575  0.02696339  0.41219872]
TMP_OPTIMIZED_WEIGHTS[ 0.02697575  0.02696339  0.41219872]
INDIVIDUAL.OPTIMIZED_WEIGHTS[ 0.0016139]
TMP_OPTIMIZED_WEIGHTS[ 0.0016139]
INDIVIDUAL.OPTIMIZED_WEIGHTS[-0.01900711 -0.01866609  0.00438818]
TMP_OPTIMIZED_WEIGHTS[-0.01900711 -0.01866609  0.00438818]
INDIVIDUAL.OPTIMIZED_WEIGHTS[ 0.16053253]
TMP_OPTIMIZED_WEIGHTS[ 0.16053253]
INDIVIDUAL.OPTIMIZED_WEIGHTS[ 0.16466212 -0.55168736]
TMP_OPTIMIZED_WEIGHTS[ 0.16466212 -0.55168736]
INDIVIDUAL.OPTIMIZED_WEIGHTS[ 0.61621255 -0.63364494]
TMP_OPTIMIZED_WEIGHTS[ 0.61621255 -0.63364494]
INDIVIDUAL.OPTIMIZED_WEIGHTS[-0.01250469 -0.00973081]
TMP_OPTIMIZED_WEIGHTS[-0.01250469 -0.00973081]
INDIVIDUAL.OPTIMIZED_WEIGHTS[ 0.258073    0.07518899]
TMP_OPTIMIZED_WEIGHTS[ 0.258073    0.07518899]
INDIVIDUAL.OPTIMIZED_WEIGHTS[ 0.00044569]
TMP_OPTIMIZED_WEIGHTS[ 0.00044569]
INDIVIDUAL.OPTIMIZED_WEIGHTS[ 0.40597177]
TMP_OPTIMIZED_WEIGHTS[ 0.40597177]
INDIVIDUAL.OPTIMIZED_WEIGHTS[ 0.00604919]
TMP_OPTIMIZED_WEIGHTS[ 0.00604919]
INDIVIDUAL.OPTIMIZED_WEIGHTS[-0.00268751  0.00293489  0.00243714  0.02532946 -0.00265805 -0.00265806
 -0.00264394 -0.00283853 -0.00250139  0.01379067]
TMP_OPTIMIZED_WEIGHTS[-0.00268751  0.00293489  0.00243714  0.02532946 -0.00265805 -0.00265806
 -0.00264394 -0.00283853 -0.00250139  0.01379067]
INDIVIDUAL.OPTIMIZED_WEIGHTS[ 0.00303773  0.03624782]
TMP_OPTIMIZED_WEIGHTS[ 0.00303773  0.03624782]
INDIVIDUAL.OPTIMIZED_WEIGHTS[ 0.16053253]
TMP_OPTIMIZED_WEIGHTS[ 0.16053253]
INDIVIDUAL.OPTIMIZED_WEIGHTS[ 0.00493661  0.00340665 -1.87539768 -0.12126129]
TMP_OPTIMIZED_WEIGHTS[ 0.00493661  0.00340665 -1.87539768 -0.12126129]
INDIVIDUAL.OPTIMIZED_WEIGHTS[ 0.16053252]
TMP_OPTIMIZED_WEIGHTS[ 0.16053252]
INDIVIDUAL.OPTIMIZED_WEIGHTS[ 0.00023994  0.00076193]
TMP_OPTIMIZED_WEIGHTS[ 0.00023994  0.00076193]
INDIVIDUAL.OPTIMIZED_WEIGHTS[ 0.00059596  0.16053252]
TMP_OPTIMIZED_WEIGHTS[ 0.00059596  0.16053252]
INDIVIDUAL.OPTIMIZED_WEIGHTS[ 0.16053241]
TMP_OPTIMIZED_WEIGHTS[ 0.16053241]
INDIVIDUAL.OPTIMIZED_WEIGHTS[ 0.45411569  0.42460036]
TMP_OPTIMIZED_WEIGHTS[ 0.45411569  0.42460036]
INDIVIDUAL.OPTIMIZED_WEIGHTS[ 0.00508352]
TMP_OPTIMIZED_WEIGHTS[ 0.00508352]
INDIVIDUAL.OPTIMIZED_WEIGHTS[ 2.07219648  0.00270986]
TMP_OPTIMIZED_WEIGHTS[ 2.07219648  0.00270986]
INDIVIDUAL.OPTIMIZED_WEIGHTS[ 0.52152669  0.40786949  0.00628095  0.00632163]
TMP_OPTIMIZED_WEIGHTS[ 0.52152669  0.40786949  0.00628095  0.00632163]
INDIVIDUAL.OPTIMIZED_WEIGHTS[ 0.00207928]
TMP_OPTIMIZED_WEIGHTS[ 0.00207928]
INDIVIDUAL.OPTIMIZED_WEIGHTS[ 0.16053252]
TMP_OPTIMIZED_WEIGHTS[ 0.16053252]
INDIVIDUAL.OPTIMIZED_WEIGHTS[ -3.78131372e-05  -2.11414590e-06   5.29228826e-04   3.15912417e-04]
TMP_OPTIMIZED_WEIGHTS[ -3.78131372e-05  -2.11414590e-06   5.29228826e-04   3.15912417e-04]
INDIVIDUAL.OPTIMIZED_WEIGHTS[-0.01285687 -0.00946042]
TMP_OPTIMIZED_WEIGHTS[-0.01285687 -0.00946042]
INDIVIDUAL.OPTIMIZED_WEIGHTS[ 0.00517105  0.00512342  0.00427878]
TMP_OPTIMIZED_WEIGHTS[ 0.00517105  0.00512342  0.00427878]
INDIVIDUAL.OPTIMIZED_WEIGHTS[ 0.1604034  -0.39228362]
TMP_OPTIMIZED_WEIGHTS[ 0.1604034  -0.39228362]
INDIVIDUAL.OPTIMIZED_WEIGHTS[ 0.16053252]
TMP_OPTIMIZED_WEIGHTS[ 0.16053252]
INDIVIDUAL.OPTIMIZED_WEIGHTS[-0.01033042 -0.00667106 -0.00787168  0.00848837]
TMP_OPTIMIZED_WEIGHTS[-0.01033042 -0.00667106 -0.00787168  0.00848837]
INDIVIDUAL.OPTIMIZED_WEIGHTS[ -2.17418419e-05   1.45570844e-01]
TMP_OPTIMIZED_WEIGHTS[ -2.17418419e-05   1.45570844e-01]
INDIVIDUAL.OPTIMIZED_WEIGHTS[ 0.0001903]
TMP_OPTIMIZED_WEIGHTS[ 0.0001903]
INDIVIDUAL.OPTIMIZED_WEIGHTS[-0.02716257 -0.39395744]
TMP_OPTIMIZED_WEIGHTS[-0.02716257 -0.39395744]
INDIVIDUAL.OPTIMIZED_WEIGHTS[ 0.07346039 -0.06794376]
TMP_OPTIMIZED_WEIGHTS[ 0.07346039 -0.06794376]
INDIVIDUAL.OPTIMIZED_WEIGHTS[ 0.15626833 -0.06142068]
TMP_OPTIMIZED_WEIGHTS[ 0.15626833 -0.06142068]
INDIVIDUAL.OPTIMIZED_WEIGHTS[-0.0021025  -0.00199523  0.05572839  0.00241944 -0.00348297 -0.16047962
  0.04123782]
TMP_OPTIMIZED_WEIGHTS[-0.0021025  -0.00199523  0.05572839  0.00241944 -0.00348297 -0.16047962
  0.04123782]
INDIVIDUAL.OPTIMIZED_WEIGHTS[ 0.12528223]
TMP_OPTIMIZED_WEIGHTS[ 0.12528223]
INDIVIDUAL.OPTIMIZED_WEIGHTS[ 0.12528226]
TMP_OPTIMIZED_WEIGHTS[ 0.12528226]
INDIVIDUAL.OPTIMIZED_WEIGHTS[  5.12886196e-02  -4.45663065e-01  -5.18000461e-02   2.80832909e-02
  -3.07478360e-04   3.80302012e-09  -2.02595402e-07  -5.58554241e-03
  -3.73808434e-03   2.44761177e-05   1.49055198e-03   7.44747347e-04
   5.83835790e-05   6.26446167e-03]
TMP_OPTIMIZED_WEIGHTS[  5.12886196e-02  -4.45663065e-01  -5.18000461e-02   2.80832909e-02
  -3.07478360e-04   3.80302012e-09  -2.02595402e-07  -5.58554241e-03
  -3.73808434e-03   2.44761177e-05   1.49055198e-03   7.44747347e-04
   5.83835790e-05   6.26446167e-03]
INDIVIDUAL.OPTIMIZED_WEIGHTS[ 1.12035728 -0.12522124]
TMP_OPTIMIZED_WEIGHTS[ 1.12035728 -0.12522124]
INDIVIDUAL.OPTIMIZED_WEIGHTS[ 0.00135175  0.00264121  0.00178975 -0.07395423 -0.04272013 -0.08595723
  0.00013264 -0.00631717  0.00633174]
TMP_OPTIMIZED_WEIGHTS[ 0.00135175  0.00264121  0.00178975 -0.07395423 -0.04272013 -0.08595723
  0.00013264 -0.00631717  0.00633174]
INDIVIDUAL.OPTIMIZED_WEIGHTS[ 0.03752169  0.00231142 -0.00361682  0.00040948 -0.12288858 -0.24826282
 -0.0697431  -0.00580274 -0.0062236   0.00622573]
TMP_OPTIMIZED_WEIGHTS[ 0.03752169  0.00231142 -0.00361682  0.00040948 -0.12288858 -0.24826282
 -0.0697431  -0.00580274 -0.0062236   0.00622573]
INDIVIDUAL.OPTIMIZED_WEIGHTS[-1.68098021  1.26975048]
TMP_OPTIMIZED_WEIGHTS[-1.68098021  1.26975048]
INDIVIDUAL.OPTIMIZED_WEIGHTS[  2.09521168e-04   3.51218187e-05  -9.50192407e-05   9.39643505e-05
  -2.86627677e-04]
TMP_OPTIMIZED_WEIGHTS[  2.09521168e-04   3.51218187e-05  -9.50192407e-05   9.39643505e-05
  -2.86627677e-04]
INDIVIDUAL.OPTIMIZED_WEIGHTS[ 0.00618021]
TMP_OPTIMIZED_WEIGHTS[ 0.00618021]
INDIVIDUAL.OPTIMIZED_WEIGHTS[  4.61369986e-04  -4.33857650e-01   4.94072177e-13]
TMP_OPTIMIZED_WEIGHTS[  4.61369986e-04  -4.33857650e-01   4.94072177e-13]
INDIVIDUAL.OPTIMIZED_WEIGHTS[ 0.16053252]
TMP_OPTIMIZED_WEIGHTS[ 0.16053252]
INDIVIDUAL.OPTIMIZED_WEIGHTS[ 0.60105795]
TMP_OPTIMIZED_WEIGHTS[ 0.60105795]
INDIVIDUAL.OPTIMIZED_WEIGHTS[ 0.16053252]
TMP_OPTIMIZED_WEIGHTS[ 0.16053252]
INDIVIDUAL.OPTIMIZED_WEIGHTS[-0.14054984 -0.01426395]
TMP_OPTIMIZED_WEIGHTS[-0.14054984 -0.01426395]
INDIVIDUAL.OPTIMIZED_WEIGHTS[-0.00037545]
TMP_OPTIMIZED_WEIGHTS[-0.00037545]
INDIVIDUAL.OPTIMIZED_WEIGHTS[ 0.3576968   0.19730759]
TMP_OPTIMIZED_WEIGHTS[ 0.3576968   0.19730759]
INDIVIDUAL.OPTIMIZED_WEIGHTS[ 0.18444599  0.02405683]
TMP_OPTIMIZED_WEIGHTS[ 0.18444599  0.02405683]
INDIVIDUAL.OPTIMIZED_WEIGHTS[ 0.09805285  0.00063059]
TMP_OPTIMIZED_WEIGHTS[ 0.09805285  0.00063059]
INDIVIDUAL.OPTIMIZED_WEIGHTS[-0.03432721 -0.00324408]
TMP_OPTIMIZED_WEIGHTS[-0.03432721 -0.00324408]
INDIVIDUAL.OPTIMIZED_WEIGHTS[ 0.00631423  0.00632783  0.65696371 -0.00632246]
TMP_OPTIMIZED_WEIGHTS[ 0.00631423  0.00632783  0.65696371 -0.00632246]
INDIVIDUAL.OPTIMIZED_WEIGHTS[-0.00419682  0.00601982  0.00416342 -0.00515949  0.00030444 -0.0042859
 -0.00436278 -0.00413728]
TMP_OPTIMIZED_WEIGHTS[-0.00419682  0.00601982  0.00416342 -0.00515949  0.00030444 -0.0042859
 -0.00436278 -0.00413728]
INDIVIDUAL.OPTIMIZED_WEIGHTS[ 0.12528223]
TMP_OPTIMIZED_WEIGHTS[ 0.12528223]
INDIVIDUAL.OPTIMIZED_WEIGHTS[ 0.12851919 -0.03186991 -0.00278731 -0.0027995  -0.022702    0.12351733
  0.02028168  0.00595944 -0.00174579]
TMP_OPTIMIZED_WEIGHTS[ 0.12851919 -0.03186991 -0.00278731 -0.0027995  -0.022702    0.12351733
  0.02028168  0.00595944 -0.00174579]
INDIVIDUAL.OPTIMIZED_WEIGHTS[ 0.07802714  0.06045495]
TMP_OPTIMIZED_WEIGHTS[ 0.07802714  0.06045495]
INDIVIDUAL.OPTIMIZED_WEIGHTS[ 0.23292668 -0.10776462]
TMP_OPTIMIZED_WEIGHTS[ 0.23292668 -0.10776462]
INDIVIDUAL.OPTIMIZED_WEIGHTS[ 0.0382468   0.00220336]
TMP_OPTIMIZED_WEIGHTS[ 0.0382468   0.00220336]
INDIVIDUAL.OPTIMIZED_WEIGHTS[  3.06956899e-05   3.50446301e-03  -1.21397952e-05  -5.93270315e-03]
TMP_OPTIMIZED_WEIGHTS[  3.06956899e-05   3.50446301e-03  -1.21397952e-05  -5.93270315e-03]
INDIVIDUAL.OPTIMIZED_WEIGHTS[  2.95884774e-08]
TMP_OPTIMIZED_WEIGHTS[  2.95884774e-08]
INDIVIDUAL.OPTIMIZED_WEIGHTS[ 0.80150121]
TMP_OPTIMIZED_WEIGHTS[ 0.80150121]
INDIVIDUAL.OPTIMIZED_WEIGHTS[ 0.16044411 -1.30783725]
TMP_OPTIMIZED_WEIGHTS[ 0.16044411 -1.30783725]
INDIVIDUAL.OPTIMIZED_WEIGHTS[ 0.00653773  0.72776049]
TMP_OPTIMIZED_WEIGHTS[ 0.00653773  0.72776049]
INDIVIDUAL.OPTIMIZED_WEIGHTS[ 0.00596263 -0.00595104]
TMP_OPTIMIZED_WEIGHTS[ 0.00596263 -0.00595104]
INDIVIDUAL.OPTIMIZED_WEIGHTS[ 0.43183491  0.00413969]
TMP_OPTIMIZED_WEIGHTS[ 0.43183491  0.00413969]
INDIVIDUAL.OPTIMIZED_WEIGHTS[ 0.16053253]
TMP_OPTIMIZED_WEIGHTS[ 0.16053253]
INDIVIDUAL.OPTIMIZED_WEIGHTS[ 0.00048325 -0.00038082]
TMP_OPTIMIZED_WEIGHTS[ 0.00048325 -0.00038082]
INDIVIDUAL.OPTIMIZED_WEIGHTS[ -4.83149707e-01  -2.87277311e-01   4.70317192e-02  -4.79588722e-04]
TMP_OPTIMIZED_WEIGHTS[ -4.83149707e-01  -2.87277311e-01   4.70317192e-02  -4.79588722e-04]
INDIVIDUAL.OPTIMIZED_WEIGHTS[-0.22646604 -0.1927693   0.00552086]
TMP_OPTIMIZED_WEIGHTS[-0.22646604 -0.1927693   0.00552086]
INDIVIDUAL.OPTIMIZED_WEIGHTS[ -8.93514880e-05   2.57471227e-04  -1.36199902e-04]
TMP_OPTIMIZED_WEIGHTS[ -8.93514880e-05   2.57471227e-04  -1.36199902e-04]
INDIVIDUAL.OPTIMIZED_WEIGHTS[ 0.44639072 -1.72643614  0.12451138]
TMP_OPTIMIZED_WEIGHTS[ 0.44639072 -1.72643614  0.12451138]
INDIVIDUAL.OPTIMIZED_WEIGHTS[ 0.00630276]
TMP_OPTIMIZED_WEIGHTS[ 0.00630276]
INDIVIDUAL.OPTIMIZED_WEIGHTS[ 0.07085158 -0.0697099 ]
TMP_OPTIMIZED_WEIGHTS[ 0.07085158 -0.0697099 ]
INDIVIDUAL.OPTIMIZED_WEIGHTS[ -1.15633011e-05   1.70278549e-01]
TMP_OPTIMIZED_WEIGHTS[ -1.15633011e-05   1.70278549e-01]
INDIVIDUAL.OPTIMIZED_WEIGHTS[ 0.00632289]
TMP_OPTIMIZED_WEIGHTS[ 0.00632289]
INDIVIDUAL.OPTIMIZED_WEIGHTS[ 0.00629073]
TMP_OPTIMIZED_WEIGHTS[ 0.00629073]
INDIVIDUAL.OPTIMIZED_WEIGHTS[-0.20753774  0.36792699]
TMP_OPTIMIZED_WEIGHTS[-0.20753774  0.36792699]
INDIVIDUAL.OPTIMIZED_WEIGHTS[ 0.03420692 -0.57074821 -0.05374894 -0.07144418]
TMP_OPTIMIZED_WEIGHTS[ 0.03420692 -0.57074821 -0.05374894 -0.07144418]
INDIVIDUAL.OPTIMIZED_WEIGHTS[ 0.15839408 -0.30288374]
TMP_OPTIMIZED_WEIGHTS[ 0.15839408 -0.30288374]
INDIVIDUAL.OPTIMIZED_WEIGHTS[ 0.00383222  0.0297939 ]
TMP_OPTIMIZED_WEIGHTS[ 0.00383222  0.0297939 ]
INDIVIDUAL.OPTIMIZED_WEIGHTS[ 0.00539604]
TMP_OPTIMIZED_WEIGHTS[ 0.00539604]
INDIVIDUAL.OPTIMIZED_WEIGHTS[  1.32010460e-01  -3.84218395e-01   2.68701255e-01   3.92263930e-04
   1.46536325e-11  -5.84730701e-12]
TMP_OPTIMIZED_WEIGHTS[  1.32010460e-01  -3.84218395e-01   2.68701255e-01   3.92263930e-04
   1.46536325e-11  -5.84730701e-12]
INDIVIDUAL.OPTIMIZED_WEIGHTS[-0.7779660676479496, 0.15480094317742954, 0.7584995181800689, -0.2904060409976654, -0.6537197561669164, 0.793708573274096, -0.1048689490503305, -0.7868026390552059, 0.28125206701575056, 0.9648339499040324, -0.2887287788920063, 0.24698074015365323, 0.6752905271841798, -0.002332252247517097, -0.23452380641403314, 0.7554284065702315, 0.6310738073826763, -0.09767989096636343, 0.1486604989055056, -0.39115234862419945]
TMP_OPTIMIZED_WEIGHTSNone
Fin mlp (bioavailability)
Set compute mode to DEFAULT for GPU 0000:84:00.0.
All done.
Set compute mode to DEFAULT for GPU 0000:83:00.0.
All done.
Set compute mode to DEFAULT for GPU 0000:09:00.0.
All done.
Set compute mode to DEFAULT for GPU 0000:04:00.0.
All done.
